13:44:08 **** Incremental Build of configuration Debug for project flashTest ****
make -j6 all 
arm-none-eabi-gcc "../Core/Src/Flash_driver.c" -mcpu=cortex-m4 -std=gnu11 -g3 -DDEBUG -DUSE_HAL_DRIVER -DSTM32L452xx -c -I../Core/Inc -I../Drivers/STM32L4xx_HAL_Driver/Inc -I../Drivers/STM32L4xx_HAL_Driver/Inc/Legacy -I../Drivers/CMSIS/Device/ST/STM32L4xx/Include -I../Drivers/CMSIS/Include -O0 -ffunction-sections -fdata-sections -Wall -fstack-usage -MMD -MP -MF"Core/Src/Flash_driver.d" -MT"Core/Src/Flash_driver.o" --specs=nano.specs -mfpu=fpv4-sp-d16 -mfloat-abi=hard -mthumb -o "Core/Src/Flash_driver.o"
arm-none-eabi-gcc "../Core/Src/main.c" -mcpu=cortex-m4 -std=gnu11 -g3 -DDEBUG -DUSE_HAL_DRIVER -DSTM32L452xx -c -I../Core/Inc -I../Drivers/STM32L4xx_HAL_Driver/Inc -I../Drivers/STM32L4xx_HAL_Driver/Inc/Legacy -I../Drivers/CMSIS/Device/ST/STM32L4xx/Include -I../Drivers/CMSIS/Include -O0 -ffunction-sections -fdata-sections -Wall -fstack-usage -MMD -MP -MF"Core/Src/main.d" -MT"Core/Src/main.o" --specs=nano.specs -mfpu=fpv4-sp-d16 -mfloat-abi=hard -mthumb -o "Core/Src/main.o"
arm-none-eabi-gcc "../Core/Src/stm32l4xx_hal_msp.c" -mcpu=cortex-m4 -std=gnu11 -g3 -DDEBUG -DUSE_HAL_DRIVER -DSTM32L452xx -c -I../Core/Inc -I../Drivers/STM32L4xx_HAL_Driver/Inc -I../Drivers/STM32L4xx_HAL_Driver/Inc/Legacy -I../Drivers/CMSIS/Device/ST/STM32L4xx/Include -I../Drivers/CMSIS/Include -O0 -ffunction-sections -fdata-sections -Wall -fstack-usage -MMD -MP -MF"Core/Src/stm32l4xx_hal_msp.d" -MT"Core/Src/stm32l4xx_hal_msp.o" --specs=nano.specs -mfpu=fpv4-sp-d16 -mfloat-abi=hard -mthumb -o "Core/Src/stm32l4xx_hal_msp.o"
arm-none-eabi-gcc "../Core/Src/stm32l4xx_it.c" -mcpu=cortex-m4 -std=gnu11 -g3 -DDEBUG -DUSE_HAL_DRIVER -DSTM32L452xx -c -I../Core/Inc -I../Drivers/STM32L4xx_HAL_Driver/Inc -I../Drivers/STM32L4xx_HAL_Driver/Inc/Legacy -I../Drivers/CMSIS/Device/ST/STM32L4xx/Include -I../Drivers/CMSIS/Include -O0 -ffunction-sections -fdata-sections -Wall -fstack-usage -MMD -MP -MF"Core/Src/stm32l4xx_it.d" -MT"Core/Src/stm32l4xx_it.o" --specs=nano.specs -mfpu=fpv4-sp-d16 -mfloat-abi=hard -mthumb -o "Core/Src/stm32l4xx_it.o"
arm-none-eabi-gcc "../Core/Src/syscalls.c" -mcpu=cortex-m4 -std=gnu11 -g3 -DDEBUG -DUSE_HAL_DRIVER -DSTM32L452xx -c -I../Core/Inc -I../Drivers/STM32L4xx_HAL_Driver/Inc -I../Drivers/STM32L4xx_HAL_Driver/Inc/Legacy -I../Drivers/CMSIS/Device/ST/STM32L4xx/Include -I../Drivers/CMSIS/Include -O0 -ffunction-sections -fdata-sections -Wall -fstack-usage -MMD -MP -MF"Core/Src/syscalls.d" -MT"Core/Src/syscalls.o" --specs=nano.specs -mfpu=fpv4-sp-d16 -mfloat-abi=hard -mthumb -o "Core/Src/syscalls.o"
arm-none-eabi-gcc "../Core/Src/sysmem.c" -mcpu=cortex-m4 -std=gnu11 -g3 -DDEBUG -DUSE_HAL_DRIVER -DSTM32L452xx -c -I../Core/Inc -I../Drivers/STM32L4xx_HAL_Driver/Inc -I../Drivers/STM32L4xx_HAL_Driver/Inc/Legacy -I../Drivers/CMSIS/Device/ST/STM32L4xx/Include -I../Drivers/CMSIS/Include -O0 -ffunction-sections -fdata-sections -Wall -fstack-usage -MMD -MP -MF"Core/Src/sysmem.d" -MT"Core/Src/sysmem.o" --specs=nano.specs -mfpu=fpv4-sp-d16 -mfloat-abi=hard -mthumb -o "Core/Src/sysmem.o"
../Core/Src/Flash_driver.c: In function 'Flash_Erase_Address':
../Core/Src/Flash_driver.c:55:27: warning: initialization of 'uint8_t *' {aka 'unsigned char *'} from 'int' makes pointer from integer without a cast [-Wint-conversion]
   55 |  uint8_t *start_address = start_page * 0x800 + 0x8000000;
      |                           ^~~~~~~~~~
../Core/Src/Flash_driver.c:69:19: warning: initialization of 'uint32_t' {aka 'long unsigned int'} from 'uint8_t *' {aka 'unsigned char *'} makes integer from pointer without a cast [-Wint-conversion]
   69 |  for(uint32_t i = start_address;i<start_address+0x800;i++){
      |                   ^~~~~~~~~~~~~
../Core/Src/Flash_driver.c:69:34: warning: comparison between pointer and integer
   69 |  for(uint32_t i = start_address;i<start_address+0x800;i++){
      |                                  ^
../Core/Src/main.c: In function 'main':
../Core/Src/main.c:120:25: warning: cast to pointer from integer of different size [-Wint-to-pointer-cast]
  120 |     uint64_t * RDAddr = (uint64_t *)  addy;
      |                         ^
../Core/Src/main.c:117:14: warning: variable 'RData' set but not used [-Wunused-but-set-variable]
  117 |     uint64_t RData = 0x11111;//storing something to test if it changes after read
      |              ^~~~~
../Core/Src/main.c:110:14: warning: unused variable 'num' [-Wunused-variable]
  110 |     uint64_t num = 0x11111; //number I'm storing
      |              ^~~
arm-none-eabi-gcc "../Core/Src/system_stm32l4xx.c" -mcpu=cortex-m4 -std=gnu11 -g3 -DDEBUG -DUSE_HAL_DRIVER -DSTM32L452xx -c -I../Core/Inc -I../Drivers/STM32L4xx_HAL_Driver/Inc -I../Drivers/STM32L4xx_HAL_Driver/Inc/Legacy -I../Drivers/CMSIS/Device/ST/STM32L4xx/Include -I../Drivers/CMSIS/Include -O0 -ffunction-sections -fdata-sections -Wall -fstack-usage -MMD -MP -MF"Core/Src/system_stm32l4xx.d" -MT"Core/Src/system_stm32l4xx.o" --specs=nano.specs -mfpu=fpv4-sp-d16 -mfloat-abi=hard -mthumb -o "Core/Src/system_stm32l4xx.o"
arm-none-eabi-gcc -o "flashTest.elf" @"objects.list"   -mcpu=cortex-m4 -T"C:\Users\penne\umsats-flash\flashTest\STM32L452RETX_FLASH.ld" --specs=nosys.specs -Wl,-Map="flashTest.map" -Wl,--gc-sections -static --specs=nano.specs -mfpu=fpv4-sp-d16 -mfloat-abi=hard -mthumb -Wl,--start-group -lc -lm -Wl,--end-group
Finished building target: flashTest.elf
 
arm-none-eabi-size   flashTest.elf 
arm-none-eabi-objdump -h -S  flashTest.elf  > "flashTest.list"
   text	   data	    bss	    dec	    hex	filename
  12764	     52	   1700	  14516	   38b4	flashTest.elf
Finished building: default.size.stdout
 
Finished building: flashTest.list
 
13:50:41 **** Incremental Build of configuration Debug for project flashTest ****
make -j6 all 
arm-none-eabi-gcc "../Core/Src/main.c" -mcpu=cortex-m4 -std=gnu11 -g3 -DDEBUG -DUSE_HAL_DRIVER -DSTM32L452xx -c -I../Core/Inc -I../Drivers/STM32L4xx_HAL_Driver/Inc -I../Drivers/STM32L4xx_HAL_Driver/Inc/Legacy -I../Drivers/CMSIS/Device/ST/STM32L4xx/Include -I../Drivers/CMSIS/Include -O0 -ffunction-sections -fdata-sections -Wall -fstack-usage -MMD -MP -MF"Core/Src/main.d" -MT"Core/Src/main.o" --specs=nano.specs -mfpu=fpv4-sp-d16 -mfloat-abi=hard -mthumb -o "Core/Src/main.o"
../Core/Src/main.c: In function 'main':
../Core/Src/main.c:96:15: error: lvalue required as left operand of assignment
   96 |    &addys[10] = i;
      |               ^
../Core/Src/main.c:98:25: warning: passing argument 2 of 'Flash_Write' from incompatible pointer type [-Wincompatible-pointer-types]
   98 |   Flash_Write(0x807f800,addys,10);
      |                         ^~~~~
      |                         |
      |                         uint32_t ** {aka long unsigned int **}
In file included from ../Core/Src/main.c:26:
../Core/Inc/Flash_driver.h:12:57: note: expected 'uint8_t *' {aka 'unsigned char *'} but argument is of type 'uint32_t **' {aka 'long unsigned int **'}
   12 | HAL_StatusTypeDef Flash_Write(uint32_t address,uint8_t *buf,size_t num_bytes);
      |                                                ~~~~~~~~~^~~
make: *** [Core/Src/subdir.mk:37: Core/Src/main.o] Error 1
"make -j6 all" terminated with exit code 2. Build might be incomplete.
13:51:33 **** Incremental Build of configuration Debug for project flashTest ****
make -j6 all 
arm-none-eabi-gcc "../Core/Src/main.c" -mcpu=cortex-m4 -std=gnu11 -g3 -DDEBUG -DUSE_HAL_DRIVER -DSTM32L452xx -c -I../Core/Inc -I../Drivers/STM32L4xx_HAL_Driver/Inc -I../Drivers/STM32L4xx_HAL_Driver/Inc/Legacy -I../Drivers/CMSIS/Device/ST/STM32L4xx/Include -I../Drivers/CMSIS/Include -O0 -ffunction-sections -fdata-sections -Wall -fstack-usage -MMD -MP -MF"Core/Src/main.d" -MT"Core/Src/main.o" --specs=nano.specs -mfpu=fpv4-sp-d16 -mfloat-abi=hard -mthumb -o "Core/Src/main.o"
../Core/Src/main.c: In function 'main':
../Core/Src/main.c:98:25: warning: passing argument 2 of 'Flash_Write' from incompatible pointer type [-Wincompatible-pointer-types]
   98 |   Flash_Write(0x807f800,addys,10);
      |                         ^~~~~
      |                         |
      |                         uint32_t ** {aka long unsigned int **}
In file included from ../Core/Src/main.c:26:
../Core/Inc/Flash_driver.h:12:57: note: expected 'uint8_t *' {aka 'unsigned char *'} but argument is of type 'uint32_t **' {aka 'long unsigned int **'}
   12 | HAL_StatusTypeDef Flash_Write(uint32_t address,uint8_t *buf,size_t num_bytes);
      |                                                ~~~~~~~~~^~~
arm-none-eabi-gcc -o "flashTest.elf" @"objects.list"   -mcpu=cortex-m4 -T"C:\Users\penne\umsats-flash\flashTest\STM32L452RETX_FLASH.ld" --specs=nosys.specs -Wl,-Map="flashTest.map" -Wl,--gc-sections -static --specs=nano.specs -mfpu=fpv4-sp-d16 -mfloat-abi=hard -mthumb -Wl,--start-group -lc -lm -Wl,--end-group
Finished building target: flashTest.elf
 
arm-none-eabi-size   flashTest.elf 
arm-none-eabi-objdump -h -S  flashTest.elf  > "flashTest.list"
   text	   data	    bss	    dec	    hex	filename
  12300	     52	   1700	  14052	   36e4	flashTest.elf
Finished building: default.size.stdout
 
Finished building: flashTest.list
 
13:53:21 **** Incremental Build of configuration Debug for project flashTest ****
make -j6 all 
arm-none-eabi-gcc "../Core/Src/main.c" -mcpu=cortex-m4 -std=gnu11 -g3 -DDEBUG -DUSE_HAL_DRIVER -DSTM32L452xx -c -I../Core/Inc -I../Drivers/STM32L4xx_HAL_Driver/Inc -I../Drivers/STM32L4xx_HAL_Driver/Inc/Legacy -I../Drivers/CMSIS/Device/ST/STM32L4xx/Include -I../Drivers/CMSIS/Include -O0 -ffunction-sections -fdata-sections -Wall -fstack-usage -MMD -MP -MF"Core/Src/main.d" -MT"Core/Src/main.o" --specs=nano.specs -mfpu=fpv4-sp-d16 -mfloat-abi=hard -mthumb -o "Core/Src/main.o"
../Core/Src/main.c: In function 'main':
../Core/Src/main.c:98:25: warning: passing argument 2 of 'Flash_Write' from incompatible pointer type [-Wincompatible-pointer-types]
   98 |   Flash_Write(0x807f800,addys,10);
      |                         ^~~~~
      |                         |
      |                         uint32_t ** {aka long unsigned int **}
In file included from ../Core/Src/main.c:26:
../Core/Inc/Flash_driver.h:12:57: note: expected 'uint8_t *' {aka 'unsigned char *'} but argument is of type 'uint32_t **' {aka 'long unsigned int **'}
   12 | HAL_StatusTypeDef Flash_Write(uint32_t address,uint8_t *buf,size_t num_bytes);
      |                                                ~~~~~~~~~^~~
../Core/Src/main.c:100:24: warning: passing argument 2 of 'Flash_Read' from incompatible pointer type [-Wincompatible-pointer-types]
  100 |   Flash_Read(0x807f800,readAddys,10);
      |                        ^~~~~~~~~
      |                        |
      |                        uint32_t ** {aka long unsigned int **}
In file included from ../Core/Src/main.c:26:
../Core/Inc/Flash_driver.h:11:56: note: expected 'uint8_t *' {aka 'unsigned char *'} but argument is of type 'uint32_t **' {aka 'long unsigned int **'}
   11 | HAL_StatusTypeDef Flash_Read(uint32_t address,uint8_t *buf,size_t num_bytes);
      |                                               ~~~~~~~~~^~~
arm-none-eabi-gcc -o "flashTest.elf" @"objects.list"   -mcpu=cortex-m4 -T"C:\Users\penne\umsats-flash\flashTest\STM32L452RETX_FLASH.ld" --specs=nosys.specs -Wl,-Map="flashTest.map" -Wl,--gc-sections -static --specs=nano.specs -mfpu=fpv4-sp-d16 -mfloat-abi=hard -mthumb -Wl,--start-group -lc -lm -Wl,--end-group
Finished building target: flashTest.elf
 
arm-none-eabi-size   flashTest.elf 
arm-none-eabi-objdump -h -S  flashTest.elf  > "flashTest.list"
   text	   data	    bss	    dec	    hex	filename
  12400	     52	   1700	  14152	   3748	flashTest.elf
Finished building: default.size.stdout
 
Finished building: flashTest.list
 
13:55:18 **** Incremental Build of configuration Debug for project flashTest ****
make -j6 all 
arm-none-eabi-gcc "../Core/Src/main.c" -mcpu=cortex-m4 -std=gnu11 -g3 -DDEBUG -DUSE_HAL_DRIVER -DSTM32L452xx -c -I../Core/Inc -I../Drivers/STM32L4xx_HAL_Driver/Inc -I../Drivers/STM32L4xx_HAL_Driver/Inc/Legacy -I../Drivers/CMSIS/Device/ST/STM32L4xx/Include -I../Drivers/CMSIS/Include -O0 -ffunction-sections -fdata-sections -Wall -fstack-usage -MMD -MP -MF"Core/Src/main.d" -MT"Core/Src/main.o" --specs=nano.specs -mfpu=fpv4-sp-d16 -mfloat-abi=hard -mthumb -o "Core/Src/main.o"
../Core/Src/main.c: In function 'main':
../Core/Src/main.c:98:25: warning: passing argument 2 of 'Flash_Write' from incompatible pointer type [-Wincompatible-pointer-types]
   98 |   Flash_Write(0x807f800,addys,10);
      |                         ^~~~~
      |                         |
      |                         uint8_t ** {aka unsigned char **}
In file included from ../Core/Src/main.c:26:
../Core/Inc/Flash_driver.h:12:57: note: expected 'uint8_t *' {aka 'unsigned char *'} but argument is of type 'uint8_t **' {aka 'unsigned char **'}
   12 | HAL_StatusTypeDef Flash_Write(uint32_t address,uint8_t *buf,size_t num_bytes);
      |                                                ~~~~~~~~~^~~
../Core/Src/main.c:100:24: warning: passing argument 2 of 'Flash_Read' from incompatible pointer type [-Wincompatible-pointer-types]
  100 |   Flash_Read(0x807f800,readAddys,10);
      |                        ^~~~~~~~~
      |                        |
      |                        uint8_t ** {aka unsigned char **}
In file included from ../Core/Src/main.c:26:
../Core/Inc/Flash_driver.h:11:56: note: expected 'uint8_t *' {aka 'unsigned char *'} but argument is of type 'uint8_t **' {aka 'unsigned char **'}
   11 | HAL_StatusTypeDef Flash_Read(uint32_t address,uint8_t *buf,size_t num_bytes);
      |                                               ~~~~~~~~~^~~
arm-none-eabi-gcc -o "flashTest.elf" @"objects.list"   -mcpu=cortex-m4 -T"C:\Users\penne\umsats-flash\flashTest\STM32L452RETX_FLASH.ld" --specs=nosys.specs -Wl,-Map="flashTest.map" -Wl,--gc-sections -static --specs=nano.specs -mfpu=fpv4-sp-d16 -mfloat-abi=hard -mthumb -Wl,--start-group -lc -lm -Wl,--end-group
Finished building target: flashTest.elf
 
arm-none-eabi-size   flashTest.elf 
arm-none-eabi-objdump -h -S  flashTest.elf  > "flashTest.list"
   text	   data	    bss	    dec	    hex	filename
  12400	     52	   1700	  14152	   3748	flashTest.elf
Finished building: default.size.stdout
 
Finished building: flashTest.list
 
13:56:16 **** Incremental Build of configuration Debug for project flashTest ****
make -j6 all 
arm-none-eabi-gcc "../Core/Src/main.c" -mcpu=cortex-m4 -std=gnu11 -g3 -DDEBUG -DUSE_HAL_DRIVER -DSTM32L452xx -c -I../Core/Inc -I../Drivers/STM32L4xx_HAL_Driver/Inc -I../Drivers/STM32L4xx_HAL_Driver/Inc/Legacy -I../Drivers/CMSIS/Device/ST/STM32L4xx/Include -I../Drivers/CMSIS/Include -O0 -ffunction-sections -fdata-sections -Wall -fstack-usage -MMD -MP -MF"Core/Src/main.d" -MT"Core/Src/main.o" --specs=nano.specs -mfpu=fpv4-sp-d16 -mfloat-abi=hard -mthumb -o "Core/Src/main.o"
../Core/Src/main.c: In function 'main':
../Core/Src/main.c:98:25: warning: passing argument 2 of 'Flash_Write' from incompatible pointer type [-Wincompatible-pointer-types]
   98 |   Flash_Write(0x807f800,addys,10);
      |                         ^~~~~
      |                         |
      |                         uint8_t ** {aka unsigned char **}
In file included from ../Core/Src/main.c:26:
../Core/Inc/Flash_driver.h:12:57: note: expected 'uint8_t *' {aka 'unsigned char *'} but argument is of type 'uint8_t **' {aka 'unsigned char **'}
   12 | HAL_StatusTypeDef Flash_Write(uint32_t address,uint8_t *buf,size_t num_bytes);
      |                                                ~~~~~~~~~^~~
../Core/Src/main.c:100:24: warning: passing argument 2 of 'Flash_Read' from incompatible pointer type [-Wincompatible-pointer-types]
  100 |   Flash_Read(0x807f800,readAddys,10);
      |                        ^~~~~~~~~
      |                        |
      |                        uint8_t ** {aka unsigned char **}
In file included from ../Core/Src/main.c:26:
../Core/Inc/Flash_driver.h:11:56: note: expected 'uint8_t *' {aka 'unsigned char *'} but argument is of type 'uint8_t **' {aka 'unsigned char **'}
   11 | HAL_StatusTypeDef Flash_Read(uint32_t address,uint8_t *buf,size_t num_bytes);
      |                                               ~~~~~~~~~^~~
../Core/Src/main.c:101:10: warning: zero-length gnu_printf format string [-Wformat-zero-length]
  101 |   printf("");
      |          ^~
arm-none-eabi-gcc -o "flashTest.elf" @"objects.list"   -mcpu=cortex-m4 -T"C:\Users\penne\umsats-flash\flashTest\STM32L452RETX_FLASH.ld" --specs=nosys.specs -Wl,-Map="flashTest.map" -Wl,--gc-sections -static --specs=nano.specs -mfpu=fpv4-sp-d16 -mfloat-abi=hard -mthumb -Wl,--start-group -lc -lm -Wl,--end-group
Finished building target: flashTest.elf
 
arm-none-eabi-size   flashTest.elf 
arm-none-eabi-objdump -h -S  flashTest.elf  > "flashTest.list"
   text	   data	    bss	    dec	    hex	filename
  12400	     52	   1700	  14152	   3748	flashTest.elf
Finished building: default.size.stdout
 
Finished building: flashTest.list
 
13:57:41 **** Incremental Build of configuration Debug for project flashTest ****
make -j6 all 
arm-none-eabi-gcc "../Core/Src/main.c" -mcpu=cortex-m4 -std=gnu11 -g3 -DDEBUG -DUSE_HAL_DRIVER -DSTM32L452xx -c -I../Core/Inc -I../Drivers/STM32L4xx_HAL_Driver/Inc -I../Drivers/STM32L4xx_HAL_Driver/Inc/Legacy -I../Drivers/CMSIS/Device/ST/STM32L4xx/Include -I../Drivers/CMSIS/Include -O0 -ffunction-sections -fdata-sections -Wall -fstack-usage -MMD -MP -MF"Core/Src/main.d" -MT"Core/Src/main.o" --specs=nano.specs -mfpu=fpv4-sp-d16 -mfloat-abi=hard -mthumb -o "Core/Src/main.o"
../Core/Src/main.c: In function 'main':
../Core/Src/main.c:98:25: error: 'addys' undeclared (first use in this function); did you mean 'addy'?
   98 |   Flash_Write(0x807f800,addys,10);
      |                         ^~~~~
      |                         addy
../Core/Src/main.c:98:25: note: each undeclared identifier is reported only once for each function it appears in
../Core/Src/main.c:101:10: warning: zero-length gnu_printf format string [-Wformat-zero-length]
  101 |   printf("");
      |          ^~
make: *** [Core/Src/subdir.mk:37: Core/Src/main.o] Error 1
"make -j6 all" terminated with exit code 2. Build might be incomplete.
13:58:13 **** Incremental Build of configuration Debug for project flashTest ****
make -j6 all 
arm-none-eabi-gcc "../Core/Src/main.c" -mcpu=cortex-m4 -std=gnu11 -g3 -DDEBUG -DUSE_HAL_DRIVER -DSTM32L452xx -c -I../Core/Inc -I../Drivers/STM32L4xx_HAL_Driver/Inc -I../Drivers/STM32L4xx_HAL_Driver/Inc/Legacy -I../Drivers/CMSIS/Device/ST/STM32L4xx/Include -I../Drivers/CMSIS/Include -O0 -ffunction-sections -fdata-sections -Wall -fstack-usage -MMD -MP -MF"Core/Src/main.d" -MT"Core/Src/main.o" --specs=nano.specs -mfpu=fpv4-sp-d16 -mfloat-abi=hard -mthumb -o "Core/Src/main.o"
../Core/Src/main.c: In function 'main':
../Core/Src/main.c:101:10: warning: zero-length gnu_printf format string [-Wformat-zero-length]
  101 |   printf("");
      |          ^~
../Core/Src/main.c:96:10: warning: 'addy' may be used uninitialized in this function [-Wmaybe-uninitialized]
   96 |    *(addy+i) = i;
      |     ~~~~~^~~
../Core/Src/main.c:100:3: warning: 'readAddys' is used uninitialized in this function [-Wuninitialized]
  100 |   Flash_Read(0x807f800,readAddys,10);
      |   ^~~~~~~~~~~~~~~~~~~~~~~~~~~~~~~~~~
arm-none-eabi-gcc -o "flashTest.elf" @"objects.list"   -mcpu=cortex-m4 -T"C:\Users\penne\umsats-flash\flashTest\STM32L452RETX_FLASH.ld" --specs=nosys.specs -Wl,-Map="flashTest.map" -Wl,--gc-sections -static --specs=nano.specs -mfpu=fpv4-sp-d16 -mfloat-abi=hard -mthumb -Wl,--start-group -lc -lm -Wl,--end-group
Finished building target: flashTest.elf
 
arm-none-eabi-size   flashTest.elf 
arm-none-eabi-objdump -h -S  flashTest.elf  > "flashTest.list"
   text	   data	    bss	    dec	    hex	filename
  12388	     52	   1700	  14140	   373c	flashTest.elf
Finished building: default.size.stdout
 
Finished building: flashTest.list
 
13:59:43 **** Incremental Build of configuration Debug for project flashTest ****
make -j6 all 
arm-none-eabi-gcc "../Core/Src/main.c" -mcpu=cortex-m4 -std=gnu11 -g3 -DDEBUG -DUSE_HAL_DRIVER -DSTM32L452xx -c -I../Core/Inc -I../Drivers/STM32L4xx_HAL_Driver/Inc -I../Drivers/STM32L4xx_HAL_Driver/Inc/Legacy -I../Drivers/CMSIS/Device/ST/STM32L4xx/Include -I../Drivers/CMSIS/Include -O0 -ffunction-sections -fdata-sections -Wall -fstack-usage -MMD -MP -MF"Core/Src/main.d" -MT"Core/Src/main.o" --specs=nano.specs -mfpu=fpv4-sp-d16 -mfloat-abi=hard -mthumb -o "Core/Src/main.o"
../Core/Src/main.c: In function 'main':
../Core/Src/main.c:101:22: warning: initialization of 'uint32_t' {aka 'long unsigned int'} from 'uint8_t *' {aka 'unsigned char *'} makes integer from pointer without a cast [-Wint-conversion]
  101 |   uint32_t readNum = readAddys;
      |                      ^~~~~~~~~
../Core/Src/main.c:101:12: warning: unused variable 'readNum' [-Wunused-variable]
  101 |   uint32_t readNum = readAddys;
      |            ^~~~~~~
../Core/Src/main.c:96:10: warning: 'addy' may be used uninitialized in this function [-Wmaybe-uninitialized]
   96 |    *(addy+i) = i;
      |     ~~~~~^~~
../Core/Src/main.c:100:3: warning: 'readAddys' is used uninitialized in this function [-Wuninitialized]
  100 |   Flash_Read(0x807f800,readAddys,10);
      |   ^~~~~~~~~~~~~~~~~~~~~~~~~~~~~~~~~~
arm-none-eabi-gcc -o "flashTest.elf" @"objects.list"   -mcpu=cortex-m4 -T"C:\Users\penne\umsats-flash\flashTest\STM32L452RETX_FLASH.ld" --specs=nosys.specs -Wl,-Map="flashTest.map" -Wl,--gc-sections -static --specs=nano.specs -mfpu=fpv4-sp-d16 -mfloat-abi=hard -mthumb -Wl,--start-group -lc -lm -Wl,--end-group
Finished building target: flashTest.elf
 
arm-none-eabi-size   flashTest.elf 
arm-none-eabi-objdump -h -S  flashTest.elf  > "flashTest.list"
   text	   data	    bss	    dec	    hex	filename
  12392	     52	   1700	  14144	   3740	flashTest.elf
Finished building: default.size.stdout
 
Finished building: flashTest.list
 
14:03:15 **** Incremental Build of configuration Debug for project flashTest ****
make -j6 all 
arm-none-eabi-gcc "../Core/Src/main.c" -mcpu=cortex-m4 -std=gnu11 -g3 -DDEBUG -DUSE_HAL_DRIVER -DSTM32L452xx -c -I../Core/Inc -I../Drivers/STM32L4xx_HAL_Driver/Inc -I../Drivers/STM32L4xx_HAL_Driver/Inc/Legacy -I../Drivers/CMSIS/Device/ST/STM32L4xx/Include -I../Drivers/CMSIS/Include -O0 -ffunction-sections -fdata-sections -Wall -fstack-usage -MMD -MP -MF"Core/Src/main.d" -MT"Core/Src/main.o" --specs=nano.specs -mfpu=fpv4-sp-d16 -mfloat-abi=hard -mthumb -o "Core/Src/main.o"
../Core/Src/main.c: In function 'main':
../Core/Src/main.c:102:22: warning: initialization of 'uint32_t' {aka 'long unsigned int'} from 'uint8_t *' {aka 'unsigned char *'} makes integer from pointer without a cast [-Wint-conversion]
  102 |   uint32_t readNum = readAddys;
      |                      ^~~~~~~~~
../Core/Src/main.c:102:12: warning: unused variable 'readNum' [-Wunused-variable]
  102 |   uint32_t readNum = readAddys;
      |            ^~~~~~~
../Core/Src/main.c:99:12: warning: unused variable 'writeNum' [-Wunused-variable]
   99 |   uint32_t writeNum = *addy;
      |            ^~~~~~~~
../Core/Src/main.c:96:10: warning: 'addy' may be used uninitialized in this function [-Wmaybe-uninitialized]
   96 |    *(addy+i) = i;
      |     ~~~~~^~~
../Core/Src/main.c:101:3: warning: 'readAddys' is used uninitialized in this function [-Wuninitialized]
  101 |   Flash_Read(0x807f800,readAddys,10);
      |   ^~~~~~~~~~~~~~~~~~~~~~~~~~~~~~~~~~
arm-none-eabi-gcc -o "flashTest.elf" @"objects.list"   -mcpu=cortex-m4 -T"C:\Users\penne\umsats-flash\flashTest\STM32L452RETX_FLASH.ld" --specs=nosys.specs -Wl,-Map="flashTest.map" -Wl,--gc-sections -static --specs=nano.specs -mfpu=fpv4-sp-d16 -mfloat-abi=hard -mthumb -Wl,--start-group -lc -lm -Wl,--end-group
Finished building target: flashTest.elf
 
arm-none-eabi-size   flashTest.elf 
arm-none-eabi-objdump -h -S  flashTest.elf  > "flashTest.list"
   text	   data	    bss	    dec	    hex	filename
  12400	     52	   1700	  14152	   3748	flashTest.elf
Finished building: default.size.stdout
 
Finished building: flashTest.list
 
14:03:52 **** Incremental Build of configuration Debug for project flashTest ****
make -j6 all 
arm-none-eabi-gcc "../Core/Src/main.c" -mcpu=cortex-m4 -std=gnu11 -g3 -DDEBUG -DUSE_HAL_DRIVER -DSTM32L452xx -c -I../Core/Inc -I../Drivers/STM32L4xx_HAL_Driver/Inc -I../Drivers/STM32L4xx_HAL_Driver/Inc/Legacy -I../Drivers/CMSIS/Device/ST/STM32L4xx/Include -I../Drivers/CMSIS/Include -O0 -ffunction-sections -fdata-sections -Wall -fstack-usage -MMD -MP -MF"Core/Src/main.d" -MT"Core/Src/main.o" --specs=nano.specs -mfpu=fpv4-sp-d16 -mfloat-abi=hard -mthumb -o "Core/Src/main.o"
../Core/Src/main.c: In function 'main':
../Core/Src/main.c:102:22: warning: initialization of 'uint32_t' {aka 'long unsigned int'} from 'uint8_t *' {aka 'unsigned char *'} makes integer from pointer without a cast [-Wint-conversion]
  102 |   uint32_t readNum = readAddys;
      |                      ^~~~~~~~~
../Core/Src/main.c:102:12: warning: unused variable 'readNum' [-Wunused-variable]
  102 |   uint32_t readNum = readAddys;
      |            ^~~~~~~
../Core/Src/main.c:99:12: warning: unused variable 'writeNum' [-Wunused-variable]
   99 |   uint32_t writeNum = *addy;
      |            ^~~~~~~~
../Core/Src/main.c:96:10: warning: 'addy' may be used uninitialized in this function [-Wmaybe-uninitialized]
   96 |    *(addy+i) = i;
      |     ~~~~~^~~
../Core/Src/main.c:101:3: warning: 'readAddys' is used uninitialized in this function [-Wuninitialized]
  101 |   Flash_Read(0x807f800,readAddys,10);
      |   ^~~~~~~~~~~~~~~~~~~~~~~~~~~~~~~~~~
arm-none-eabi-gcc -o "flashTest.elf" @"objects.list"   -mcpu=cortex-m4 -T"C:\Users\penne\umsats-flash\flashTest\STM32L452RETX_FLASH.ld" --specs=nosys.specs -Wl,-Map="flashTest.map" -Wl,--gc-sections -static --specs=nano.specs -mfpu=fpv4-sp-d16 -mfloat-abi=hard -mthumb -Wl,--start-group -lc -lm -Wl,--end-group
Finished building target: flashTest.elf
 
arm-none-eabi-size   flashTest.elf 
arm-none-eabi-objdump -h -S  flashTest.elf  > "flashTest.list"
   text	   data	    bss	    dec	    hex	filename
  12400	     52	   1700	  14152	   3748	flashTest.elf
Finished building: default.size.stdout
 
Finished building: flashTest.list
 
14:04:19 **** Incremental Build of configuration Debug for project flashTest ****
make -j6 all 
arm-none-eabi-gcc "../Core/Src/main.c" -mcpu=cortex-m4 -std=gnu11 -g3 -DDEBUG -DUSE_HAL_DRIVER -DSTM32L452xx -c -I../Core/Inc -I../Drivers/STM32L4xx_HAL_Driver/Inc -I../Drivers/STM32L4xx_HAL_Driver/Inc/Legacy -I../Drivers/CMSIS/Device/ST/STM32L4xx/Include -I../Drivers/CMSIS/Include -O0 -ffunction-sections -fdata-sections -Wall -fstack-usage -MMD -MP -MF"Core/Src/main.d" -MT"Core/Src/main.o" --specs=nano.specs -mfpu=fpv4-sp-d16 -mfloat-abi=hard -mthumb -o "Core/Src/main.o"
../Core/Src/main.c: In function 'main':
../Core/Src/main.c:102:22: warning: initialization of 'uint32_t' {aka 'long unsigned int'} from 'uint8_t *' {aka 'unsigned char *'} makes integer from pointer without a cast [-Wint-conversion]
  102 |   uint32_t readNum = readAddys;
      |                      ^~~~~~~~~
../Core/Src/main.c:102:12: warning: unused variable 'readNum' [-Wunused-variable]
  102 |   uint32_t readNum = readAddys;
      |            ^~~~~~~
../Core/Src/main.c:99:12: warning: unused variable 'writeNum' [-Wunused-variable]
   99 |   uint32_t writeNum = *(addy+1);
      |            ^~~~~~~~
../Core/Src/main.c:96:10: warning: 'addy' may be used uninitialized in this function [-Wmaybe-uninitialized]
   96 |    *(addy+i) = i;
      |     ~~~~~^~~
../Core/Src/main.c:101:3: warning: 'readAddys' is used uninitialized in this function [-Wuninitialized]
  101 |   Flash_Read(0x807f800,readAddys,10);
      |   ^~~~~~~~~~~~~~~~~~~~~~~~~~~~~~~~~~
arm-none-eabi-gcc -o "flashTest.elf" @"objects.list"   -mcpu=cortex-m4 -T"C:\Users\penne\umsats-flash\flashTest\STM32L452RETX_FLASH.ld" --specs=nosys.specs -Wl,-Map="flashTest.map" -Wl,--gc-sections -static --specs=nano.specs -mfpu=fpv4-sp-d16 -mfloat-abi=hard -mthumb -Wl,--start-group -lc -lm -Wl,--end-group
Finished building target: flashTest.elf
 
arm-none-eabi-size   flashTest.elf 
arm-none-eabi-objdump -h -S  flashTest.elf  > "flashTest.list"
   text	   data	    bss	    dec	    hex	filename
  12400	     52	   1700	  14152	   3748	flashTest.elf
Finished building: default.size.stdout
 
Finished building: flashTest.list
 
14:06:12 **** Incremental Build of configuration Debug for project flashTest ****
make -j6 all 
arm-none-eabi-gcc "../Core/Src/main.c" -mcpu=cortex-m4 -std=gnu11 -g3 -DDEBUG -DUSE_HAL_DRIVER -DSTM32L452xx -c -I../Core/Inc -I../Drivers/STM32L4xx_HAL_Driver/Inc -I../Drivers/STM32L4xx_HAL_Driver/Inc/Legacy -I../Drivers/CMSIS/Device/ST/STM32L4xx/Include -I../Drivers/CMSIS/Include -O0 -ffunction-sections -fdata-sections -Wall -fstack-usage -MMD -MP -MF"Core/Src/main.d" -MT"Core/Src/main.o" --specs=nano.specs -mfpu=fpv4-sp-d16 -mfloat-abi=hard -mthumb -o "Core/Src/main.o"
../Core/Src/main.c: In function 'main':
../Core/Src/main.c:102:22: warning: initialization of 'uint32_t' {aka 'long unsigned int'} from 'uint8_t *' {aka 'unsigned char *'} makes integer from pointer without a cast [-Wint-conversion]
  102 |   uint32_t readNum = readAddys;
      |                      ^~~~~~~~~
../Core/Src/main.c:102:12: warning: unused variable 'readNum' [-Wunused-variable]
  102 |   uint32_t readNum = readAddys;
      |            ^~~~~~~
../Core/Src/main.c:99:12: warning: unused variable 'writeNum' [-Wunused-variable]
   99 |   uint32_t writeNum = *(addy);
      |            ^~~~~~~~
../Core/Src/main.c:96:10: warning: 'addy' may be used uninitialized in this function [-Wmaybe-uninitialized]
   96 |    *(addy+i) = i;
      |     ~~~~~^~~
../Core/Src/main.c:101:3: warning: 'readAddys' is used uninitialized in this function [-Wuninitialized]
  101 |   Flash_Read(0x807f800,readAddys,10);
      |   ^~~~~~~~~~~~~~~~~~~~~~~~~~~~~~~~~~
arm-none-eabi-gcc -o "flashTest.elf" @"objects.list"   -mcpu=cortex-m4 -T"C:\Users\penne\umsats-flash\flashTest\STM32L452RETX_FLASH.ld" --specs=nosys.specs -Wl,-Map="flashTest.map" -Wl,--gc-sections -static --specs=nano.specs -mfpu=fpv4-sp-d16 -mfloat-abi=hard -mthumb -Wl,--start-group -lc -lm -Wl,--end-group
Finished building target: flashTest.elf
 
arm-none-eabi-size   flashTest.elf 
arm-none-eabi-objdump -h -S  flashTest.elf  > "flashTest.list"
   text	   data	    bss	    dec	    hex	filename
  12400	     52	   1700	  14152	   3748	flashTest.elf
Finished building: default.size.stdout
 
Finished building: flashTest.list
 
14:14:59 **** Incremental Build of configuration Debug for project flashTest ****
make -j6 all 
arm-none-eabi-gcc "../Core/Src/main.c" -mcpu=cortex-m4 -std=gnu11 -g3 -DDEBUG -DUSE_HAL_DRIVER -DSTM32L452xx -c -I../Core/Inc -I../Drivers/STM32L4xx_HAL_Driver/Inc -I../Drivers/STM32L4xx_HAL_Driver/Inc/Legacy -I../Drivers/CMSIS/Device/ST/STM32L4xx/Include -I../Drivers/CMSIS/Include -O0 -ffunction-sections -fdata-sections -Wall -fstack-usage -MMD -MP -MF"Core/Src/main.d" -MT"Core/Src/main.o" --specs=nano.specs -mfpu=fpv4-sp-d16 -mfloat-abi=hard -mthumb -o "Core/Src/main.o"
../Core/Src/main.c: In function 'main':
../Core/Src/main.c:105:22: warning: initialization of 'uint32_t' {aka 'long unsigned int'} from 'uint8_t *' {aka 'unsigned char *'} makes integer from pointer without a cast [-Wint-conversion]
  105 |   uint32_t readNum = readAddys;
      |                      ^~~~~~~~~
../Core/Src/main.c:105:12: warning: unused variable 'readNum' [-Wunused-variable]
  105 |   uint32_t readNum = readAddys;
      |            ^~~~~~~
../Core/Src/main.c:102:12: warning: unused variable 'writeNum' [-Wunused-variable]
  102 |   uint32_t writeNum = *(addy);
      |            ^~~~~~~~
../Core/Src/main.c:99:10: warning: 'addy' may be used uninitialized in this function [-Wmaybe-uninitialized]
   99 |    *(addy+i) = i;
      |     ~~~~~^~~
../Core/Src/main.c:104:3: warning: 'readAddys' is used uninitialized in this function [-Wuninitialized]
  104 |   Flash_Read(0x807f800,readAddys,10);
      |   ^~~~~~~~~~~~~~~~~~~~~~~~~~~~~~~~~~
arm-none-eabi-gcc -o "flashTest.elf" @"objects.list"   -mcpu=cortex-m4 -T"C:\Users\penne\umsats-flash\flashTest\STM32L452RETX_FLASH.ld" --specs=nosys.specs -Wl,-Map="flashTest.map" -Wl,--gc-sections -static --specs=nano.specs -mfpu=fpv4-sp-d16 -mfloat-abi=hard -mthumb -Wl,--start-group -lc -lm -Wl,--end-group
Finished building target: flashTest.elf
 
arm-none-eabi-size   flashTest.elf 
arm-none-eabi-objdump -h -S  flashTest.elf  > "flashTest.list"
   text	   data	    bss	    dec	    hex	filename
  12928	     52	   1700	  14680	   3958	flashTest.elf
Finished building: default.size.stdout
 
Finished building: flashTest.list
 
14:15:35 **** Incremental Build of configuration Debug for project flashTest ****
make -j6 all 
arm-none-eabi-gcc "../Core/Src/main.c" -mcpu=cortex-m4 -std=gnu11 -g3 -DDEBUG -DUSE_HAL_DRIVER -DSTM32L452xx -c -I../Core/Inc -I../Drivers/STM32L4xx_HAL_Driver/Inc -I../Drivers/STM32L4xx_HAL_Driver/Inc/Legacy -I../Drivers/CMSIS/Device/ST/STM32L4xx/Include -I../Drivers/CMSIS/Include -O0 -ffunction-sections -fdata-sections -Wall -fstack-usage -MMD -MP -MF"Core/Src/main.d" -MT"Core/Src/main.o" --specs=nano.specs -mfpu=fpv4-sp-d16 -mfloat-abi=hard -mthumb -o "Core/Src/main.o"
../Core/Src/main.c: In function 'main':
../Core/Src/main.c:105:22: warning: initialization of 'uint32_t' {aka 'long unsigned int'} from 'uint8_t *' {aka 'unsigned char *'} makes integer from pointer without a cast [-Wint-conversion]
  105 |   uint32_t readNum = readAddys;
      |                      ^~~~~~~~~
../Core/Src/main.c:105:12: warning: unused variable 'readNum' [-Wunused-variable]
  105 |   uint32_t readNum = readAddys;
      |            ^~~~~~~
../Core/Src/main.c:102:12: warning: unused variable 'writeNum' [-Wunused-variable]
  102 |   uint32_t writeNum = *(addy);
      |            ^~~~~~~~
../Core/Src/main.c:99:10: warning: 'addy' may be used uninitialized in this function [-Wmaybe-uninitialized]
   99 |    *(addy+i) = i;
      |     ~~~~~^~~
../Core/Src/main.c:104:3: warning: 'readAddys' is used uninitialized in this function [-Wuninitialized]
  104 |   Flash_Read(0x807f800,readAddys,10);
      |   ^~~~~~~~~~~~~~~~~~~~~~~~~~~~~~~~~~
arm-none-eabi-gcc -o "flashTest.elf" @"objects.list"   -mcpu=cortex-m4 -T"C:\Users\penne\umsats-flash\flashTest\STM32L452RETX_FLASH.ld" --specs=nosys.specs -Wl,-Map="flashTest.map" -Wl,--gc-sections -static --specs=nano.specs -mfpu=fpv4-sp-d16 -mfloat-abi=hard -mthumb -Wl,--start-group -lc -lm -Wl,--end-group
Finished building target: flashTest.elf
 
arm-none-eabi-size   flashTest.elf 
arm-none-eabi-objdump -h -S  flashTest.elf  > "flashTest.list"
   text	   data	    bss	    dec	    hex	filename
  12420	     52	   1700	  14172	   375c	flashTest.elf
Finished building: default.size.stdout
 
Finished building: flashTest.list
 
14:16:14 **** Incremental Build of configuration Debug for project flashTest ****
make -j6 all 
arm-none-eabi-gcc "../Core/Src/main.c" -mcpu=cortex-m4 -std=gnu11 -g3 -DDEBUG -DUSE_HAL_DRIVER -DSTM32L452xx -c -I../Core/Inc -I../Drivers/STM32L4xx_HAL_Driver/Inc -I../Drivers/STM32L4xx_HAL_Driver/Inc/Legacy -I../Drivers/CMSIS/Device/ST/STM32L4xx/Include -I../Drivers/CMSIS/Include -O0 -ffunction-sections -fdata-sections -Wall -fstack-usage -MMD -MP -MF"Core/Src/main.d" -MT"Core/Src/main.o" --specs=nano.specs -mfpu=fpv4-sp-d16 -mfloat-abi=hard -mthumb -o "Core/Src/main.o"
../Core/Src/main.c: In function 'main':
../Core/Src/main.c:99:16: warning: unsigned conversion from 'int' to 'uint8_t' {aka 'unsigned char'} changes value from '69905' to '17' [-Woverflow]
   99 |    *(addy+i) = 0x11111;
      |                ^~~~~~~
../Core/Src/main.c:105:22: warning: initialization of 'uint32_t' {aka 'long unsigned int'} from 'uint8_t *' {aka 'unsigned char *'} makes integer from pointer without a cast [-Wint-conversion]
  105 |   uint32_t readNum = readAddys;
      |                      ^~~~~~~~~
../Core/Src/main.c:105:12: warning: unused variable 'readNum' [-Wunused-variable]
  105 |   uint32_t readNum = readAddys;
      |            ^~~~~~~
../Core/Src/main.c:102:12: warning: unused variable 'writeNum' [-Wunused-variable]
  102 |   uint32_t writeNum = *(addy);
      |            ^~~~~~~~
../Core/Src/main.c:99:10: warning: 'addy' may be used uninitialized in this function [-Wmaybe-uninitialized]
   99 |    *(addy+i) = 0x11111;
      |     ~~~~~^~~
../Core/Src/main.c:104:3: warning: 'readAddys' is used uninitialized in this function [-Wuninitialized]
  104 |   Flash_Read(0x807f800,readAddys,10);
      |   ^~~~~~~~~~~~~~~~~~~~~~~~~~~~~~~~~~
arm-none-eabi-gcc -o "flashTest.elf" @"objects.list"   -mcpu=cortex-m4 -T"C:\Users\penne\umsats-flash\flashTest\STM32L452RETX_FLASH.ld" --specs=nosys.specs -Wl,-Map="flashTest.map" -Wl,--gc-sections -static --specs=nano.specs -mfpu=fpv4-sp-d16 -mfloat-abi=hard -mthumb -Wl,--start-group -lc -lm -Wl,--end-group
Finished building target: flashTest.elf
 
arm-none-eabi-size   flashTest.elf 
arm-none-eabi-objdump -h -S  flashTest.elf  > "flashTest.list"
   text	   data	    bss	    dec	    hex	filename
  12420	     52	   1700	  14172	   375c	flashTest.elf
Finished building: default.size.stdout
 
Finished building: flashTest.list
 
14:16:40 **** Incremental Build of configuration Debug for project flashTest ****
make -j6 all 
arm-none-eabi-gcc "../Core/Src/main.c" -mcpu=cortex-m4 -std=gnu11 -g3 -DDEBUG -DUSE_HAL_DRIVER -DSTM32L452xx -c -I../Core/Inc -I../Drivers/STM32L4xx_HAL_Driver/Inc -I../Drivers/STM32L4xx_HAL_Driver/Inc/Legacy -I../Drivers/CMSIS/Device/ST/STM32L4xx/Include -I../Drivers/CMSIS/Include -O0 -ffunction-sections -fdata-sections -Wall -fstack-usage -MMD -MP -MF"Core/Src/main.d" -MT"Core/Src/main.o" --specs=nano.specs -mfpu=fpv4-sp-d16 -mfloat-abi=hard -mthumb -o "Core/Src/main.o"
../Core/Src/main.c: In function 'main':
../Core/Src/main.c:99:16: warning: unsigned conversion from 'int' to 'uint8_t' {aka 'unsigned char'} changes value from '69905' to '17' [-Woverflow]
   99 |    *(addy+i) = 0x11111;
      |                ^~~~~~~
../Core/Src/main.c:105:22: warning: initialization of 'uint32_t' {aka 'long unsigned int'} from 'uint8_t *' {aka 'unsigned char *'} makes integer from pointer without a cast [-Wint-conversion]
  105 |   uint32_t readNum = readAddys;
      |                      ^~~~~~~~~
../Core/Src/main.c:105:12: warning: unused variable 'readNum' [-Wunused-variable]
  105 |   uint32_t readNum = readAddys;
      |            ^~~~~~~
../Core/Src/main.c:102:12: warning: unused variable 'writeNum' [-Wunused-variable]
  102 |   uint32_t writeNum = *(addy);
      |            ^~~~~~~~
../Core/Src/main.c:99:10: warning: 'addy' may be used uninitialized in this function [-Wmaybe-uninitialized]
   99 |    *(addy+i) = 0x11111;
      |     ~~~~~^~~
../Core/Src/main.c:104:3: warning: 'readAddys' is used uninitialized in this function [-Wuninitialized]
  104 |   Flash_Read(0x807f800,readAddys,10);
      |   ^~~~~~~~~~~~~~~~~~~~~~~~~~~~~~~~~~
arm-none-eabi-gcc -o "flashTest.elf" @"objects.list"   -mcpu=cortex-m4 -T"C:\Users\penne\umsats-flash\flashTest\STM32L452RETX_FLASH.ld" --specs=nosys.specs -Wl,-Map="flashTest.map" -Wl,--gc-sections -static --specs=nano.specs -mfpu=fpv4-sp-d16 -mfloat-abi=hard -mthumb -Wl,--start-group -lc -lm -Wl,--end-group
Finished building target: flashTest.elf
 
arm-none-eabi-size   flashTest.elf 
arm-none-eabi-objdump -h -S  flashTest.elf  > "flashTest.list"
   text	   data	    bss	    dec	    hex	filename
  12928	     52	   1700	  14680	   3958	flashTest.elf
Finished building: default.size.stdout
 
Finished building: flashTest.list
 
14:17:27 **** Incremental Build of configuration Debug for project flashTest ****
make -j6 all 
arm-none-eabi-gcc "../Core/Src/main.c" -mcpu=cortex-m4 -std=gnu11 -g3 -DDEBUG -DUSE_HAL_DRIVER -DSTM32L452xx -c -I../Core/Inc -I../Drivers/STM32L4xx_HAL_Driver/Inc -I../Drivers/STM32L4xx_HAL_Driver/Inc/Legacy -I../Drivers/CMSIS/Device/ST/STM32L4xx/Include -I../Drivers/CMSIS/Include -O0 -ffunction-sections -fdata-sections -Wall -fstack-usage -MMD -MP -MF"Core/Src/main.d" -MT"Core/Src/main.o" --specs=nano.specs -mfpu=fpv4-sp-d16 -mfloat-abi=hard -mthumb -o "Core/Src/main.o"
../Core/Src/main.c: In function 'main':
../Core/Src/main.c:105:22: warning: initialization of 'uint32_t' {aka 'long unsigned int'} from 'uint8_t *' {aka 'unsigned char *'} makes integer from pointer without a cast [-Wint-conversion]
  105 |   uint32_t readNum = readAddys;
      |                      ^~~~~~~~~
../Core/Src/main.c:105:12: warning: unused variable 'readNum' [-Wunused-variable]
  105 |   uint32_t readNum = readAddys;
      |            ^~~~~~~
../Core/Src/main.c:102:12: warning: unused variable 'writeNum' [-Wunused-variable]
  102 |   uint32_t writeNum = *(addy);
      |            ^~~~~~~~
../Core/Src/main.c:99:10: warning: 'addy' may be used uninitialized in this function [-Wmaybe-uninitialized]
   99 |    *(addy+i) = 0x0;
      |     ~~~~~^~~
../Core/Src/main.c:104:3: warning: 'readAddys' is used uninitialized in this function [-Wuninitialized]
  104 |   Flash_Read(0x807f800,readAddys,10);
      |   ^~~~~~~~~~~~~~~~~~~~~~~~~~~~~~~~~~
arm-none-eabi-gcc -o "flashTest.elf" @"objects.list"   -mcpu=cortex-m4 -T"C:\Users\penne\umsats-flash\flashTest\STM32L452RETX_FLASH.ld" --specs=nosys.specs -Wl,-Map="flashTest.map" -Wl,--gc-sections -static --specs=nano.specs -mfpu=fpv4-sp-d16 -mfloat-abi=hard -mthumb -Wl,--start-group -lc -lm -Wl,--end-group
Finished building target: flashTest.elf
 
arm-none-eabi-size   flashTest.elf 
arm-none-eabi-objdump -h -S  flashTest.elf  > "flashTest.list"
   text	   data	    bss	    dec	    hex	filename
  12928	     52	   1700	  14680	   3958	flashTest.elf
Finished building: default.size.stdout
 
Finished building: flashTest.list
 
14:17:46 **** Incremental Build of configuration Debug for project flashTest ****
make -j6 all 
arm-none-eabi-size   flashTest.elf 
   text	   data	    bss	    dec	    hex	filename
  12928	     52	   1700	  14680	   3958	flashTest.elf
Finished building: default.size.stdout
 
14:18:29 **** Incremental Build of configuration Debug for project flashTest ****
make -j6 all 
arm-none-eabi-gcc "../Core/Src/main.c" -mcpu=cortex-m4 -std=gnu11 -g3 -DDEBUG -DUSE_HAL_DRIVER -DSTM32L452xx -c -I../Core/Inc -I../Drivers/STM32L4xx_HAL_Driver/Inc -I../Drivers/STM32L4xx_HAL_Driver/Inc/Legacy -I../Drivers/CMSIS/Device/ST/STM32L4xx/Include -I../Drivers/CMSIS/Include -O0 -ffunction-sections -fdata-sections -Wall -fstack-usage -MMD -MP -MF"Core/Src/main.d" -MT"Core/Src/main.o" --specs=nano.specs -mfpu=fpv4-sp-d16 -mfloat-abi=hard -mthumb -o "Core/Src/main.o"
../Core/Src/main.c: In function 'main':
../Core/Src/main.c:99:16: warning: unsigned conversion from 'int' to 'uint8_t' {aka 'unsigned char'} changes value from '69905' to '17' [-Woverflow]
   99 |    *(addy+i) = 0x11111;
      |                ^~~~~~~
../Core/Src/main.c:105:12: warning: unused variable 'readNum' [-Wunused-variable]
  105 |   uint32_t readNum = *readAddys;
      |            ^~~~~~~
../Core/Src/main.c:102:12: warning: unused variable 'writeNum' [-Wunused-variable]
  102 |   uint32_t writeNum = *(addy);
      |            ^~~~~~~~
../Core/Src/main.c:99:10: warning: 'addy' may be used uninitialized in this function [-Wmaybe-uninitialized]
   99 |    *(addy+i) = 0x11111;
      |     ~~~~~^~~
../Core/Src/main.c:104:3: warning: 'readAddys' is used uninitialized in this function [-Wuninitialized]
  104 |   Flash_Read(0x807f800,readAddys,10);
      |   ^~~~~~~~~~~~~~~~~~~~~~~~~~~~~~~~~~
arm-none-eabi-gcc -o "flashTest.elf" @"objects.list"   -mcpu=cortex-m4 -T"C:\Users\penne\umsats-flash\flashTest\STM32L452RETX_FLASH.ld" --specs=nosys.specs -Wl,-Map="flashTest.map" -Wl,--gc-sections -static --specs=nano.specs -mfpu=fpv4-sp-d16 -mfloat-abi=hard -mthumb -Wl,--start-group -lc -lm -Wl,--end-group
Finished building target: flashTest.elf
 
arm-none-eabi-size   flashTest.elf 
arm-none-eabi-objdump -h -S  flashTest.elf  > "flashTest.list"
   text	   data	    bss	    dec	    hex	filename
  12928	     52	   1700	  14680	   3958	flashTest.elf
Finished building: default.size.stdout
 
Finished building: flashTest.list
 
14:20:26 **** Incremental Build of configuration Debug for project flashTest ****
make -j6 all 
arm-none-eabi-gcc "../Core/Src/main.c" -mcpu=cortex-m4 -std=gnu11 -g3 -DDEBUG -DUSE_HAL_DRIVER -DSTM32L452xx -c -I../Core/Inc -I../Drivers/STM32L4xx_HAL_Driver/Inc -I../Drivers/STM32L4xx_HAL_Driver/Inc/Legacy -I../Drivers/CMSIS/Device/ST/STM32L4xx/Include -I../Drivers/CMSIS/Include -O0 -ffunction-sections -fdata-sections -Wall -fstack-usage -MMD -MP -MF"Core/Src/main.d" -MT"Core/Src/main.o" --specs=nano.specs -mfpu=fpv4-sp-d16 -mfloat-abi=hard -mthumb -o "Core/Src/main.o"
../Core/Src/main.c: In function 'main':
../Core/Src/main.c:99:16: warning: unsigned conversion from 'int' to 'uint8_t' {aka 'unsigned char'} changes value from '69905' to '17' [-Woverflow]
   99 |    *(addy+i) = 0x11111;
      |                ^~~~~~~
../Core/Src/main.c:106:12: warning: variable 'nums' set but not used [-Wunused-but-set-variable]
  106 |   uint32_t nums[10];
      |            ^~~~
../Core/Src/main.c:102:12: warning: unused variable 'writeNum' [-Wunused-variable]
  102 |   uint32_t writeNum = *(addy);
      |            ^~~~~~~~
../Core/Src/main.c:99:10: warning: 'addy' may be used uninitialized in this function [-Wmaybe-uninitialized]
   99 |    *(addy+i) = 0x11111;
      |     ~~~~~^~~
../Core/Src/main.c:104:3: warning: 'readAddys' is used uninitialized in this function [-Wuninitialized]
  104 |   Flash_Read(0x807f800,readAddys,10);
      |   ^~~~~~~~~~~~~~~~~~~~~~~~~~~~~~~~~~
arm-none-eabi-gcc -o "flashTest.elf" @"objects.list"   -mcpu=cortex-m4 -T"C:\Users\penne\umsats-flash\flashTest\STM32L452RETX_FLASH.ld" --specs=nosys.specs -Wl,-Map="flashTest.map" -Wl,--gc-sections -static --specs=nano.specs -mfpu=fpv4-sp-d16 -mfloat-abi=hard -mthumb -Wl,--start-group -lc -lm -Wl,--end-group
Finished building target: flashTest.elf
 
arm-none-eabi-size   flashTest.elf 
arm-none-eabi-objdump -h -S  flashTest.elf  > "flashTest.list"
   text	   data	    bss	    dec	    hex	filename
  12984	     52	   1700	  14736	   3990	flashTest.elf
Finished building: default.size.stdout
 
Finished building: flashTest.list
 
14:26:38 **** Incremental Build of configuration Debug for project flashTest ****
make -j6 all 
arm-none-eabi-gcc "../Core/Src/main.c" -mcpu=cortex-m4 -std=gnu11 -g3 -DDEBUG -DUSE_HAL_DRIVER -DSTM32L452xx -c -I../Core/Inc -I../Drivers/STM32L4xx_HAL_Driver/Inc -I../Drivers/STM32L4xx_HAL_Driver/Inc/Legacy -I../Drivers/CMSIS/Device/ST/STM32L4xx/Include -I../Drivers/CMSIS/Include -O0 -ffunction-sections -fdata-sections -Wall -fstack-usage -MMD -MP -MF"Core/Src/main.d" -MT"Core/Src/main.o" --specs=nano.specs -mfpu=fpv4-sp-d16 -mfloat-abi=hard -mthumb -o "Core/Src/main.o"
../Core/Src/main.c: In function 'main':
../Core/Src/main.c:99:16: warning: unsigned conversion from 'int' to 'uint8_t' {aka 'unsigned char'} changes value from '69905' to '17' [-Woverflow]
   99 |    *(addy+i) = 0x11111;
      |                ^~~~~~~
../Core/Src/main.c:110:19: error: invalid type argument of unary '*' (have 'int')
  110 |   uint32_t test = *(0x807f800);
      |                   ^~~~~~~~~~~~
../Core/Src/main.c:110:12: warning: unused variable 'test' [-Wunused-variable]
  110 |   uint32_t test = *(0x807f800);
      |            ^~~~
../Core/Src/main.c:106:12: warning: variable 'nums' set but not used [-Wunused-but-set-variable]
  106 |   uint32_t nums[10];
      |            ^~~~
../Core/Src/main.c:102:12: warning: unused variable 'writeNum' [-Wunused-variable]
  102 |   uint32_t writeNum = *(addy);
      |            ^~~~~~~~
make: *** [Core/Src/subdir.mk:37: Core/Src/main.o] Error 1
"make -j6 all" terminated with exit code 2. Build might be incomplete.
14:27:46 **** Incremental Build of configuration Debug for project flashTest ****
make -j6 all 
arm-none-eabi-gcc "../Core/Src/main.c" -mcpu=cortex-m4 -std=gnu11 -g3 -DDEBUG -DUSE_HAL_DRIVER -DSTM32L452xx -c -I../Core/Inc -I../Drivers/STM32L4xx_HAL_Driver/Inc -I../Drivers/STM32L4xx_HAL_Driver/Inc/Legacy -I../Drivers/CMSIS/Device/ST/STM32L4xx/Include -I../Drivers/CMSIS/Include -O0 -ffunction-sections -fdata-sections -Wall -fstack-usage -MMD -MP -MF"Core/Src/main.d" -MT"Core/Src/main.o" --specs=nano.specs -mfpu=fpv4-sp-d16 -mfloat-abi=hard -mthumb -o "Core/Src/main.o"
../Core/Src/main.c: In function 'main':
../Core/Src/main.c:99:16: warning: unsigned conversion from 'int' to 'uint8_t' {aka 'unsigned char'} changes value from '69905' to '17' [-Woverflow]
   99 |    *(addy+i) = 0x11111;
      |                ^~~~~~~
../Core/Src/main.c:110:19: warning: initialization of 'uint32_t' {aka 'long unsigned int'} from 'uint32_t *' {aka 'long unsigned int *'} makes integer from pointer without a cast [-Wint-conversion]
  110 |   uint32_t test = (uint32_t *)  0x0807F800;
      |                   ^
../Core/Src/main.c:110:12: warning: unused variable 'test' [-Wunused-variable]
  110 |   uint32_t test = (uint32_t *)  0x0807F800;
      |            ^~~~
../Core/Src/main.c:106:12: warning: variable 'nums' set but not used [-Wunused-but-set-variable]
  106 |   uint32_t nums[10];
      |            ^~~~
../Core/Src/main.c:102:12: warning: unused variable 'writeNum' [-Wunused-variable]
  102 |   uint32_t writeNum = *(addy);
      |            ^~~~~~~~
../Core/Src/main.c:99:10: warning: 'addy' may be used uninitialized in this function [-Wmaybe-uninitialized]
   99 |    *(addy+i) = 0x11111;
      |     ~~~~~^~~
../Core/Src/main.c:104:3: warning: 'readAddys' is used uninitialized in this function [-Wuninitialized]
  104 |   Flash_Read(0x807f800,readAddys,10);
      |   ^~~~~~~~~~~~~~~~~~~~~~~~~~~~~~~~~~
arm-none-eabi-gcc -o "flashTest.elf" @"objects.list"   -mcpu=cortex-m4 -T"C:\Users\penne\umsats-flash\flashTest\STM32L452RETX_FLASH.ld" --specs=nosys.specs -Wl,-Map="flashTest.map" -Wl,--gc-sections -static --specs=nano.specs -mfpu=fpv4-sp-d16 -mfloat-abi=hard -mthumb -Wl,--start-group -lc -lm -Wl,--end-group
Finished building target: flashTest.elf
 
arm-none-eabi-size   flashTest.elf 
arm-none-eabi-objdump -h -S  flashTest.elf  > "flashTest.list"
   text	   data	    bss	    dec	    hex	filename
  12988	     52	   1700	  14740	   3994	flashTest.elf
Finished building: default.size.stdout
 
Finished building: flashTest.list
 
14:28:48 **** Incremental Build of configuration Debug for project flashTest ****
make -j6 all 
arm-none-eabi-gcc "../Core/Src/main.c" -mcpu=cortex-m4 -std=gnu11 -g3 -DDEBUG -DUSE_HAL_DRIVER -DSTM32L452xx -c -I../Core/Inc -I../Drivers/STM32L4xx_HAL_Driver/Inc -I../Drivers/STM32L4xx_HAL_Driver/Inc/Legacy -I../Drivers/CMSIS/Device/ST/STM32L4xx/Include -I../Drivers/CMSIS/Include -O0 -ffunction-sections -fdata-sections -Wall -fstack-usage -MMD -MP -MF"Core/Src/main.d" -MT"Core/Src/main.o" --specs=nano.specs -mfpu=fpv4-sp-d16 -mfloat-abi=hard -mthumb -o "Core/Src/main.o"
../Core/Src/main.c: In function 'main':
../Core/Src/main.c:99:16: warning: unsigned conversion from 'int' to 'uint8_t' {aka 'unsigned char'} changes value from '69905' to '17' [-Woverflow]
   99 |    *(addy+i) = 0x11111;
      |                ^~~~~~~
../Core/Src/main.c:111:12: warning: unused variable 'testt' [-Wunused-variable]
  111 |   uint32_t testt  = *test;
      |            ^~~~~
../Core/Src/main.c:106:12: warning: variable 'nums' set but not used [-Wunused-but-set-variable]
  106 |   uint32_t nums[10];
      |            ^~~~
../Core/Src/main.c:102:12: warning: unused variable 'writeNum' [-Wunused-variable]
  102 |   uint32_t writeNum = *(addy);
      |            ^~~~~~~~
../Core/Src/main.c:99:10: warning: 'addy' may be used uninitialized in this function [-Wmaybe-uninitialized]
   99 |    *(addy+i) = 0x11111;
      |     ~~~~~^~~
../Core/Src/main.c:104:3: warning: 'readAddys' is used uninitialized in this function [-Wuninitialized]
  104 |   Flash_Read(0x807f800,readAddys,10);
      |   ^~~~~~~~~~~~~~~~~~~~~~~~~~~~~~~~~~
arm-none-eabi-gcc -o "flashTest.elf" @"objects.list"   -mcpu=cortex-m4 -T"C:\Users\penne\umsats-flash\flashTest\STM32L452RETX_FLASH.ld" --specs=nosys.specs -Wl,-Map="flashTest.map" -Wl,--gc-sections -static --specs=nano.specs -mfpu=fpv4-sp-d16 -mfloat-abi=hard -mthumb -Wl,--start-group -lc -lm -Wl,--end-group
Finished building target: flashTest.elf
 
arm-none-eabi-size   flashTest.elf 
arm-none-eabi-objdump -h -S  flashTest.elf  > "flashTest.list"
   text	   data	    bss	    dec	    hex	filename
  12992	     52	   1700	  14744	   3998	flashTest.elf
Finished building: default.size.stdout
 
Finished building: flashTest.list
 
14:32:08 **** Incremental Build of configuration Debug for project flashTest ****
make -j6 all 
arm-none-eabi-gcc "../Core/Src/main.c" -mcpu=cortex-m4 -std=gnu11 -g3 -DDEBUG -DUSE_HAL_DRIVER -DSTM32L452xx -c -I../Core/Inc -I../Drivers/STM32L4xx_HAL_Driver/Inc -I../Drivers/STM32L4xx_HAL_Driver/Inc/Legacy -I../Drivers/CMSIS/Device/ST/STM32L4xx/Include -I../Drivers/CMSIS/Include -O0 -ffunction-sections -fdata-sections -Wall -fstack-usage -MMD -MP -MF"Core/Src/main.d" -MT"Core/Src/main.o" --specs=nano.specs -mfpu=fpv4-sp-d16 -mfloat-abi=hard -mthumb -o "Core/Src/main.o"
../Core/Src/main.c: In function 'main':
../Core/Src/main.c:99:16: warning: unsigned conversion from 'int' to 'uint8_t' {aka 'unsigned char'} changes value from '69905' to '17' [-Woverflow]
   99 |    *(addy+i) = 0x11111;
      |                ^~~~~~~
../Core/Src/main.c:111:12: warning: unused variable 'testt' [-Wunused-variable]
  111 |   uint32_t testt  = *test;
      |            ^~~~~
../Core/Src/main.c:106:12: warning: variable 'nums' set but not used [-Wunused-but-set-variable]
  106 |   uint32_t nums[10];
      |            ^~~~
../Core/Src/main.c:102:12: warning: unused variable 'writeNum' [-Wunused-variable]
  102 |   uint32_t writeNum = *(addy+5);
      |            ^~~~~~~~
../Core/Src/main.c:99:10: warning: 'addy' may be used uninitialized in this function [-Wmaybe-uninitialized]
   99 |    *(addy+i) = 0x11111;
      |     ~~~~~^~~
../Core/Src/main.c:104:3: warning: 'readAddys' is used uninitialized in this function [-Wuninitialized]
  104 |   Flash_Read(0x807f800,readAddys,10);
      |   ^~~~~~~~~~~~~~~~~~~~~~~~~~~~~~~~~~
arm-none-eabi-gcc -o "flashTest.elf" @"objects.list"   -mcpu=cortex-m4 -T"C:\Users\penne\umsats-flash\flashTest\STM32L452RETX_FLASH.ld" --specs=nosys.specs -Wl,-Map="flashTest.map" -Wl,--gc-sections -static --specs=nano.specs -mfpu=fpv4-sp-d16 -mfloat-abi=hard -mthumb -Wl,--start-group -lc -lm -Wl,--end-group
Finished building target: flashTest.elf
 
arm-none-eabi-size   flashTest.elf 
arm-none-eabi-objdump -h -S  flashTest.elf  > "flashTest.list"
   text	   data	    bss	    dec	    hex	filename
  12996	     52	   1700	  14748	   399c	flashTest.elf
Finished building: default.size.stdout
 
Finished building: flashTest.list
 
14:33:38 **** Incremental Build of configuration Debug for project flashTest ****
make -j6 all 
arm-none-eabi-gcc "../Core/Src/main.c" -mcpu=cortex-m4 -std=gnu11 -g3 -DDEBUG -DUSE_HAL_DRIVER -DSTM32L452xx -c -I../Core/Inc -I../Drivers/STM32L4xx_HAL_Driver/Inc -I../Drivers/STM32L4xx_HAL_Driver/Inc/Legacy -I../Drivers/CMSIS/Device/ST/STM32L4xx/Include -I../Drivers/CMSIS/Include -O0 -ffunction-sections -fdata-sections -Wall -fstack-usage -MMD -MP -MF"Core/Src/main.d" -MT"Core/Src/main.o" --specs=nano.specs -mfpu=fpv4-sp-d16 -mfloat-abi=hard -mthumb -o "Core/Src/main.o"
../Core/Src/main.c: In function 'main':
../Core/Src/main.c:99:16: warning: unsigned conversion from 'int' to 'uint8_t' {aka 'unsigned char'} changes value from '65793' to '1' [-Woverflow]
   99 |    *(addy+i) = 0x10101;
      |                ^~~~~~~
../Core/Src/main.c:111:12: warning: unused variable 'testt' [-Wunused-variable]
  111 |   uint32_t testt  = *test;
      |            ^~~~~
../Core/Src/main.c:106:12: warning: variable 'nums' set but not used [-Wunused-but-set-variable]
  106 |   uint32_t nums[10];
      |            ^~~~
../Core/Src/main.c:102:12: warning: unused variable 'writeNum' [-Wunused-variable]
  102 |   uint32_t writeNum = *(addy);
      |            ^~~~~~~~
../Core/Src/main.c:99:10: warning: 'addy' may be used uninitialized in this function [-Wmaybe-uninitialized]
   99 |    *(addy+i) = 0x10101;
      |     ~~~~~^~~
../Core/Src/main.c:104:3: warning: 'readAddys' is used uninitialized in this function [-Wuninitialized]
  104 |   Flash_Read(0x807f800,readAddys,10);
      |   ^~~~~~~~~~~~~~~~~~~~~~~~~~~~~~~~~~
arm-none-eabi-gcc -o "flashTest.elf" @"objects.list"   -mcpu=cortex-m4 -T"C:\Users\penne\umsats-flash\flashTest\STM32L452RETX_FLASH.ld" --specs=nosys.specs -Wl,-Map="flashTest.map" -Wl,--gc-sections -static --specs=nano.specs -mfpu=fpv4-sp-d16 -mfloat-abi=hard -mthumb -Wl,--start-group -lc -lm -Wl,--end-group
Finished building target: flashTest.elf
 
arm-none-eabi-size   flashTest.elf 
arm-none-eabi-objdump -h -S  flashTest.elf  > "flashTest.list"
   text	   data	    bss	    dec	    hex	filename
  12992	     52	   1700	  14744	   3998	flashTest.elf
Finished building: default.size.stdout
 
Finished building: flashTest.list
 
14:34:32 **** Incremental Build of configuration Debug for project flashTest ****
make -j6 all 
arm-none-eabi-gcc "../Core/Src/main.c" -mcpu=cortex-m4 -std=gnu11 -g3 -DDEBUG -DUSE_HAL_DRIVER -DSTM32L452xx -c -I../Core/Inc -I../Drivers/STM32L4xx_HAL_Driver/Inc -I../Drivers/STM32L4xx_HAL_Driver/Inc/Legacy -I../Drivers/CMSIS/Device/ST/STM32L4xx/Include -I../Drivers/CMSIS/Include -O0 -ffunction-sections -fdata-sections -Wall -fstack-usage -MMD -MP -MF"Core/Src/main.d" -MT"Core/Src/main.o" --specs=nano.specs -mfpu=fpv4-sp-d16 -mfloat-abi=hard -mthumb -o "Core/Src/main.o"
../Core/Src/main.c: In function 'main':
../Core/Src/main.c:99:16: warning: unsigned conversion from 'int' to 'uint8_t' {aka 'unsigned char'} changes value from '65825' to '33' [-Woverflow]
   99 |    *(addy+i) = 0x10121;
      |                ^~~~~~~
../Core/Src/main.c:111:12: warning: unused variable 'testt' [-Wunused-variable]
  111 |   uint32_t testt  = *test;
      |            ^~~~~
../Core/Src/main.c:106:12: warning: variable 'nums' set but not used [-Wunused-but-set-variable]
  106 |   uint32_t nums[10];
      |            ^~~~
../Core/Src/main.c:102:12: warning: unused variable 'writeNum' [-Wunused-variable]
  102 |   uint32_t writeNum = *(addy);
      |            ^~~~~~~~
../Core/Src/main.c:99:10: warning: 'addy' may be used uninitialized in this function [-Wmaybe-uninitialized]
   99 |    *(addy+i) = 0x10121;
      |     ~~~~~^~~
../Core/Src/main.c:104:3: warning: 'readAddys' is used uninitialized in this function [-Wuninitialized]
  104 |   Flash_Read(0x807f800,readAddys,10);
      |   ^~~~~~~~~~~~~~~~~~~~~~~~~~~~~~~~~~
arm-none-eabi-gcc -o "flashTest.elf" @"objects.list"   -mcpu=cortex-m4 -T"C:\Users\penne\umsats-flash\flashTest\STM32L452RETX_FLASH.ld" --specs=nosys.specs -Wl,-Map="flashTest.map" -Wl,--gc-sections -static --specs=nano.specs -mfpu=fpv4-sp-d16 -mfloat-abi=hard -mthumb -Wl,--start-group -lc -lm -Wl,--end-group
Finished building target: flashTest.elf
 
arm-none-eabi-size   flashTest.elf 
arm-none-eabi-objdump -h -S  flashTest.elf  > "flashTest.list"
   text	   data	    bss	    dec	    hex	filename
  12992	     52	   1700	  14744	   3998	flashTest.elf
Finished building: default.size.stdout
 
Finished building: flashTest.list
 
14:35:48 **** Incremental Build of configuration Debug for project flashTest ****
make -j6 all 
arm-none-eabi-gcc "../Core/Src/main.c" -mcpu=cortex-m4 -std=gnu11 -g3 -DDEBUG -DUSE_HAL_DRIVER -DSTM32L452xx -c -I../Core/Inc -I../Drivers/STM32L4xx_HAL_Driver/Inc -I../Drivers/STM32L4xx_HAL_Driver/Inc/Legacy -I../Drivers/CMSIS/Device/ST/STM32L4xx/Include -I../Drivers/CMSIS/Include -O0 -ffunction-sections -fdata-sections -Wall -fstack-usage -MMD -MP -MF"Core/Src/main.d" -MT"Core/Src/main.o" --specs=nano.specs -mfpu=fpv4-sp-d16 -mfloat-abi=hard -mthumb -o "Core/Src/main.o"
../Core/Src/main.c: In function 'main':
../Core/Src/main.c:101:25: warning: passing argument 2 of 'Flash_Write' from incompatible pointer type [-Wincompatible-pointer-types]
  101 |   Flash_Write(0x807f800,addy,10);
      |                         ^~~~
      |                         |
      |                         uint32_t * {aka long unsigned int *}
In file included from ../Core/Src/main.c:26:
../Core/Inc/Flash_driver.h:12:57: note: expected 'uint8_t *' {aka 'unsigned char *'} but argument is of type 'uint32_t *' {aka 'long unsigned int *'}
   12 | HAL_StatusTypeDef Flash_Write(uint32_t address,uint8_t *buf,size_t num_bytes);
      |                                                ~~~~~~~~~^~~
../Core/Src/main.c:111:12: warning: unused variable 'testt' [-Wunused-variable]
  111 |   uint32_t testt  = *test;
      |            ^~~~~
../Core/Src/main.c:106:12: warning: variable 'nums' set but not used [-Wunused-but-set-variable]
  106 |   uint32_t nums[10];
      |            ^~~~
../Core/Src/main.c:102:12: warning: unused variable 'writeNum' [-Wunused-variable]
  102 |   uint32_t writeNum = *(addy);
      |            ^~~~~~~~
../Core/Src/main.c:99:10: warning: 'addy' may be used uninitialized in this function [-Wmaybe-uninitialized]
   99 |    *(addy+i) = 0x10121;
      |     ~~~~~^~~
../Core/Src/main.c:104:3: warning: 'readAddys' is used uninitialized in this function [-Wuninitialized]
  104 |   Flash_Read(0x807f800,readAddys,10);
      |   ^~~~~~~~~~~~~~~~~~~~~~~~~~~~~~~~~~
arm-none-eabi-gcc -o "flashTest.elf" @"objects.list"   -mcpu=cortex-m4 -T"C:\Users\penne\umsats-flash\flashTest\STM32L452RETX_FLASH.ld" --specs=nosys.specs -Wl,-Map="flashTest.map" -Wl,--gc-sections -static --specs=nano.specs -mfpu=fpv4-sp-d16 -mfloat-abi=hard -mthumb -Wl,--start-group -lc -lm -Wl,--end-group
Finished building target: flashTest.elf
 
arm-none-eabi-size   flashTest.elf 
arm-none-eabi-objdump -h -S  flashTest.elf  > "flashTest.list"
   text	   data	    bss	    dec	    hex	filename
  13000	     52	   1700	  14752	   39a0	flashTest.elf
Finished building: default.size.stdout
 
Finished building: flashTest.list
 
14:37:47 **** Incremental Build of configuration Debug for project flashTest ****
make -j6 all 
arm-none-eabi-gcc "../Core/Src/main.c" -mcpu=cortex-m4 -std=gnu11 -g3 -DDEBUG -DUSE_HAL_DRIVER -DSTM32L452xx -c -I../Core/Inc -I../Drivers/STM32L4xx_HAL_Driver/Inc -I../Drivers/STM32L4xx_HAL_Driver/Inc/Legacy -I../Drivers/CMSIS/Device/ST/STM32L4xx/Include -I../Drivers/CMSIS/Include -O0 -ffunction-sections -fdata-sections -Wall -fstack-usage -MMD -MP -MF"Core/Src/main.d" -MT"Core/Src/main.o" --specs=nano.specs -mfpu=fpv4-sp-d16 -mfloat-abi=hard -mthumb -o "Core/Src/main.o"
../Core/Src/main.c: In function 'main':
../Core/Src/main.c:101:25: warning: passing argument 2 of 'Flash_Write' from incompatible pointer type [-Wincompatible-pointer-types]
  101 |   Flash_Write(0x807f800,addy,10);
      |                         ^~~~
      |                         |
      |                         uint32_t * {aka long unsigned int *}
In file included from ../Core/Src/main.c:26:
../Core/Inc/Flash_driver.h:12:57: note: expected 'uint8_t *' {aka 'unsigned char *'} but argument is of type 'uint32_t *' {aka 'long unsigned int *'}
   12 | HAL_StatusTypeDef Flash_Write(uint32_t address,uint8_t *buf,size_t num_bytes);
      |                                                ~~~~~~~~~^~~
../Core/Src/main.c:111:12: warning: unused variable 'testt' [-Wunused-variable]
  111 |   uint32_t testt  = *test;
      |            ^~~~~
../Core/Src/main.c:106:12: warning: variable 'nums' set but not used [-Wunused-but-set-variable]
  106 |   uint32_t nums[10];
      |            ^~~~
../Core/Src/main.c:102:12: warning: unused variable 'writeNum' [-Wunused-variable]
  102 |   uint32_t writeNum = *(addy);
      |            ^~~~~~~~
../Core/Src/main.c:99:10: warning: 'addy' may be used uninitialized in this function [-Wmaybe-uninitialized]
   99 |    *(addy+i) = 0x11111;
      |     ~~~~~^~~
../Core/Src/main.c:104:3: warning: 'readAddys' is used uninitialized in this function [-Wuninitialized]
  104 |   Flash_Read(0x807f800,readAddys,10);
      |   ^~~~~~~~~~~~~~~~~~~~~~~~~~~~~~~~~~
arm-none-eabi-gcc -o "flashTest.elf" @"objects.list"   -mcpu=cortex-m4 -T"C:\Users\penne\umsats-flash\flashTest\STM32L452RETX_FLASH.ld" --specs=nosys.specs -Wl,-Map="flashTest.map" -Wl,--gc-sections -static --specs=nano.specs -mfpu=fpv4-sp-d16 -mfloat-abi=hard -mthumb -Wl,--start-group -lc -lm -Wl,--end-group
Finished building target: flashTest.elf
 
arm-none-eabi-size   flashTest.elf 
arm-none-eabi-objdump -h -S  flashTest.elf  > "flashTest.list"
   text	   data	    bss	    dec	    hex	filename
  13000	     52	   1700	  14752	   39a0	flashTest.elf
Finished building: default.size.stdout
 
Finished building: flashTest.list
 
14:38:23 **** Incremental Build of configuration Debug for project flashTest ****
make -j6 all 
arm-none-eabi-gcc "../Core/Src/main.c" -mcpu=cortex-m4 -std=gnu11 -g3 -DDEBUG -DUSE_HAL_DRIVER -DSTM32L452xx -c -I../Core/Inc -I../Drivers/STM32L4xx_HAL_Driver/Inc -I../Drivers/STM32L4xx_HAL_Driver/Inc/Legacy -I../Drivers/CMSIS/Device/ST/STM32L4xx/Include -I../Drivers/CMSIS/Include -O0 -ffunction-sections -fdata-sections -Wall -fstack-usage -MMD -MP -MF"Core/Src/main.d" -MT"Core/Src/main.o" --specs=nano.specs -mfpu=fpv4-sp-d16 -mfloat-abi=hard -mthumb -o "Core/Src/main.o"
../Core/Src/main.c: In function 'main':
../Core/Src/main.c:101:25: warning: passing argument 2 of 'Flash_Write' from incompatible pointer type [-Wincompatible-pointer-types]
  101 |   Flash_Write(0x807f800,addy,10);
      |                         ^~~~
      |                         |
      |                         uint32_t * {aka long unsigned int *}
In file included from ../Core/Src/main.c:26:
../Core/Inc/Flash_driver.h:12:57: note: expected 'uint8_t *' {aka 'unsigned char *'} but argument is of type 'uint32_t *' {aka 'long unsigned int *'}
   12 | HAL_StatusTypeDef Flash_Write(uint32_t address,uint8_t *buf,size_t num_bytes);
      |                                                ~~~~~~~~~^~~
../Core/Src/main.c:104:24: warning: passing argument 2 of 'Flash_Read' from incompatible pointer type [-Wincompatible-pointer-types]
  104 |   Flash_Read(0x807f800,readAddys,10);
      |                        ^~~~~~~~~
      |                        |
      |                        uint32_t * {aka long unsigned int *}
In file included from ../Core/Src/main.c:26:
../Core/Inc/Flash_driver.h:11:56: note: expected 'uint8_t *' {aka 'unsigned char *'} but argument is of type 'uint32_t *' {aka 'long unsigned int *'}
   11 | HAL_StatusTypeDef Flash_Read(uint32_t address,uint8_t *buf,size_t num_bytes);
      |                                               ~~~~~~~~~^~~
../Core/Src/main.c:111:12: warning: unused variable 'testt' [-Wunused-variable]
  111 |   uint32_t testt  = *test;
      |            ^~~~~
../Core/Src/main.c:106:12: warning: variable 'nums' set but not used [-Wunused-but-set-variable]
  106 |   uint32_t nums[10];
      |            ^~~~
../Core/Src/main.c:102:12: warning: unused variable 'writeNum' [-Wunused-variable]
  102 |   uint32_t writeNum = *(addy);
      |            ^~~~~~~~
../Core/Src/main.c:99:10: warning: 'addy' may be used uninitialized in this function [-Wmaybe-uninitialized]
   99 |    *(addy+i) = 0x11111;
      |     ~~~~~^~~
../Core/Src/main.c:104:3: warning: 'readAddys' is used uninitialized in this function [-Wuninitialized]
  104 |   Flash_Read(0x807f800,readAddys,10);
      |   ^~~~~~~~~~~~~~~~~~~~~~~~~~~~~~~~~~
arm-none-eabi-gcc -o "flashTest.elf" @"objects.list"   -mcpu=cortex-m4 -T"C:\Users\penne\umsats-flash\flashTest\STM32L452RETX_FLASH.ld" --specs=nosys.specs -Wl,-Map="flashTest.map" -Wl,--gc-sections -static --specs=nano.specs -mfpu=fpv4-sp-d16 -mfloat-abi=hard -mthumb -Wl,--start-group -lc -lm -Wl,--end-group
Finished building target: flashTest.elf
 
arm-none-eabi-size   flashTest.elf 
arm-none-eabi-objdump -h -S  flashTest.elf  > "flashTest.list"
   text	   data	    bss	    dec	    hex	filename
  13000	     52	   1700	  14752	   39a0	flashTest.elf
Finished building: default.size.stdout
 
Finished building: flashTest.list
 
14:39:55 **** Incremental Build of configuration Debug for project flashTest ****
make -j6 all 
arm-none-eabi-gcc "../Core/Src/main.c" -mcpu=cortex-m4 -std=gnu11 -g3 -DDEBUG -DUSE_HAL_DRIVER -DSTM32L452xx -c -I../Core/Inc -I../Drivers/STM32L4xx_HAL_Driver/Inc -I../Drivers/STM32L4xx_HAL_Driver/Inc/Legacy -I../Drivers/CMSIS/Device/ST/STM32L4xx/Include -I../Drivers/CMSIS/Include -O0 -ffunction-sections -fdata-sections -Wall -fstack-usage -MMD -MP -MF"Core/Src/main.d" -MT"Core/Src/main.o" --specs=nano.specs -mfpu=fpv4-sp-d16 -mfloat-abi=hard -mthumb -o "Core/Src/main.o"
../Core/Src/main.c: In function 'main':
../Core/Src/main.c:101:25: warning: passing argument 2 of 'Flash_Write' from incompatible pointer type [-Wincompatible-pointer-types]
  101 |   Flash_Write(0x807f800,addy,10);
      |                         ^~~~
      |                         |
      |                         uint32_t * {aka long unsigned int *}
In file included from ../Core/Src/main.c:26:
../Core/Inc/Flash_driver.h:12:57: note: expected 'uint8_t *' {aka 'unsigned char *'} but argument is of type 'uint32_t *' {aka 'long unsigned int *'}
   12 | HAL_StatusTypeDef Flash_Write(uint32_t address,uint8_t *buf,size_t num_bytes);
      |                                                ~~~~~~~~~^~~
../Core/Src/main.c:104:24: warning: passing argument 2 of 'Flash_Read' from incompatible pointer type [-Wincompatible-pointer-types]
  104 |   Flash_Read(0x807f800,readAddys,10);
      |                        ^~~~~~~~~
      |                        |
      |                        uint32_t * {aka long unsigned int *}
In file included from ../Core/Src/main.c:26:
../Core/Inc/Flash_driver.h:11:56: note: expected 'uint8_t *' {aka 'unsigned char *'} but argument is of type 'uint32_t *' {aka 'long unsigned int *'}
   11 | HAL_StatusTypeDef Flash_Read(uint32_t address,uint8_t *buf,size_t num_bytes);
      |                                               ~~~~~~~~~^~~
../Core/Src/main.c:111:12: warning: unused variable 'testt' [-Wunused-variable]
  111 |   uint32_t testt  = *test;
      |            ^~~~~
../Core/Src/main.c:106:12: warning: variable 'nums' set but not used [-Wunused-but-set-variable]
  106 |   uint32_t nums[10];
      |            ^~~~
../Core/Src/main.c:102:12: warning: unused variable 'writeNum' [-Wunused-variable]
  102 |   uint32_t writeNum = *(addy);
      |            ^~~~~~~~
../Core/Src/main.c:99:10: warning: 'addy' may be used uninitialized in this function [-Wmaybe-uninitialized]
   99 |    *(addy+i) = 0x11111;
      |     ~~~~~^~~
../Core/Src/main.c:104:3: warning: 'readAddys' is used uninitialized in this function [-Wuninitialized]
  104 |   Flash_Read(0x807f800,readAddys,10);
      |   ^~~~~~~~~~~~~~~~~~~~~~~~~~~~~~~~~~
arm-none-eabi-gcc -o "flashTest.elf" @"objects.list"   -mcpu=cortex-m4 -T"C:\Users\penne\umsats-flash\flashTest\STM32L452RETX_FLASH.ld" --specs=nosys.specs -Wl,-Map="flashTest.map" -Wl,--gc-sections -static --specs=nano.specs -mfpu=fpv4-sp-d16 -mfloat-abi=hard -mthumb -Wl,--start-group -lc -lm -Wl,--end-group
Finished building target: flashTest.elf
 
arm-none-eabi-size   flashTest.elf 
arm-none-eabi-objdump -h -S  flashTest.elf  > "flashTest.list"
   text	   data	    bss	    dec	    hex	filename
  12988	     52	   1700	  14740	   3994	flashTest.elf
Finished building: default.size.stdout
 
Finished building: flashTest.list
 
14:40:26 **** Incremental Build of configuration Debug for project flashTest ****
make -j6 all 
arm-none-eabi-gcc "../Core/Src/main.c" -mcpu=cortex-m4 -std=gnu11 -g3 -DDEBUG -DUSE_HAL_DRIVER -DSTM32L452xx -c -I../Core/Inc -I../Drivers/STM32L4xx_HAL_Driver/Inc -I../Drivers/STM32L4xx_HAL_Driver/Inc/Legacy -I../Drivers/CMSIS/Device/ST/STM32L4xx/Include -I../Drivers/CMSIS/Include -O0 -ffunction-sections -fdata-sections -Wall -fstack-usage -MMD -MP -MF"Core/Src/main.d" -MT"Core/Src/main.o" --specs=nano.specs -mfpu=fpv4-sp-d16 -mfloat-abi=hard -mthumb -o "Core/Src/main.o"
../Core/Src/main.c: In function 'main':
../Core/Src/main.c:101:25: warning: passing argument 2 of 'Flash_Write' from incompatible pointer type [-Wincompatible-pointer-types]
  101 |   Flash_Write(0x807f800,addy,10);
      |                         ^~~~
      |                         |
      |                         uint32_t * {aka long unsigned int *}
In file included from ../Core/Src/main.c:26:
../Core/Inc/Flash_driver.h:12:57: note: expected 'uint8_t *' {aka 'unsigned char *'} but argument is of type 'uint32_t *' {aka 'long unsigned int *'}
   12 | HAL_StatusTypeDef Flash_Write(uint32_t address,uint8_t *buf,size_t num_bytes);
      |                                                ~~~~~~~~~^~~
../Core/Src/main.c:104:24: warning: passing argument 2 of 'Flash_Read' from incompatible pointer type [-Wincompatible-pointer-types]
  104 |   Flash_Read(0x807f800,readAddys,10);
      |                        ^~~~~~~~~
      |                        |
      |                        uint32_t * {aka long unsigned int *}
In file included from ../Core/Src/main.c:26:
../Core/Inc/Flash_driver.h:11:56: note: expected 'uint8_t *' {aka 'unsigned char *'} but argument is of type 'uint32_t *' {aka 'long unsigned int *'}
   11 | HAL_StatusTypeDef Flash_Read(uint32_t address,uint8_t *buf,size_t num_bytes);
      |                                               ~~~~~~~~~^~~
../Core/Src/main.c:111:12: warning: unused variable 'testt' [-Wunused-variable]
  111 |   uint32_t testt  = *test;
      |            ^~~~~
../Core/Src/main.c:106:12: warning: variable 'nums' set but not used [-Wunused-but-set-variable]
  106 |   uint32_t nums[10];
      |            ^~~~
../Core/Src/main.c:102:12: warning: unused variable 'writeNum' [-Wunused-variable]
  102 |   uint32_t writeNum = *(addy);
      |            ^~~~~~~~
../Core/Src/main.c:99:10: warning: 'addy' may be used uninitialized in this function [-Wmaybe-uninitialized]
   99 |    *(addy+i) = 0x11111;
      |     ~~~~~^~~
../Core/Src/main.c:104:3: warning: 'readAddys' is used uninitialized in this function [-Wuninitialized]
  104 |   Flash_Read(0x807f800,readAddys,10);
      |   ^~~~~~~~~~~~~~~~~~~~~~~~~~~~~~~~~~
arm-none-eabi-gcc -o "flashTest.elf" @"objects.list"   -mcpu=cortex-m4 -T"C:\Users\penne\umsats-flash\flashTest\STM32L452RETX_FLASH.ld" --specs=nosys.specs -Wl,-Map="flashTest.map" -Wl,--gc-sections -static --specs=nano.specs -mfpu=fpv4-sp-d16 -mfloat-abi=hard -mthumb -Wl,--start-group -lc -lm -Wl,--end-group
Finished building target: flashTest.elf
 
arm-none-eabi-size   flashTest.elf 
arm-none-eabi-objdump -h -S  flashTest.elf  > "flashTest.list"
   text	   data	    bss	    dec	    hex	filename
  12980	     52	   1700	  14732	   398c	flashTest.elf
Finished building: default.size.stdout
 
Finished building: flashTest.list
 
14:42:07 **** Incremental Build of configuration Debug for project flashTest ****
make -j6 all 
arm-none-eabi-gcc "../Core/Src/main.c" -mcpu=cortex-m4 -std=gnu11 -g3 -DDEBUG -DUSE_HAL_DRIVER -DSTM32L452xx -c -I../Core/Inc -I../Drivers/STM32L4xx_HAL_Driver/Inc -I../Drivers/STM32L4xx_HAL_Driver/Inc/Legacy -I../Drivers/CMSIS/Device/ST/STM32L4xx/Include -I../Drivers/CMSIS/Include -O0 -ffunction-sections -fdata-sections -Wall -fstack-usage -MMD -MP -MF"Core/Src/main.d" -MT"Core/Src/main.o" --specs=nano.specs -mfpu=fpv4-sp-d16 -mfloat-abi=hard -mthumb -o "Core/Src/main.o"
../Core/Src/main.c: In function 'main':
../Core/Src/main.c:101:25: warning: passing argument 2 of 'Flash_Write' from incompatible pointer type [-Wincompatible-pointer-types]
  101 |   Flash_Write(0x807f800,addy,10);
      |                         ^~~~
      |                         |
      |                         uint32_t * {aka long unsigned int *}
In file included from ../Core/Src/main.c:26:
../Core/Inc/Flash_driver.h:12:57: note: expected 'uint8_t *' {aka 'unsigned char *'} but argument is of type 'uint32_t *' {aka 'long unsigned int *'}
   12 | HAL_StatusTypeDef Flash_Write(uint32_t address,uint8_t *buf,size_t num_bytes);
      |                                                ~~~~~~~~~^~~
../Core/Src/main.c:104:24: warning: passing argument 2 of 'Flash_Read' from incompatible pointer type [-Wincompatible-pointer-types]
  104 |   Flash_Read(0x807f800,readAddys,10);
      |                        ^~~~~~~~~
      |                        |
      |                        uint32_t * {aka long unsigned int *}
In file included from ../Core/Src/main.c:26:
../Core/Inc/Flash_driver.h:11:56: note: expected 'uint8_t *' {aka 'unsigned char *'} but argument is of type 'uint32_t *' {aka 'long unsigned int *'}
   11 | HAL_StatusTypeDef Flash_Read(uint32_t address,uint8_t *buf,size_t num_bytes);
      |                                               ~~~~~~~~~^~~
../Core/Src/main.c:111:12: warning: unused variable 'testt' [-Wunused-variable]
  111 |   uint32_t testt  = *test;
      |            ^~~~~
../Core/Src/main.c:106:12: warning: variable 'nums' set but not used [-Wunused-but-set-variable]
  106 |   uint32_t nums[10];
      |            ^~~~
../Core/Src/main.c:102:12: warning: unused variable 'writeNum' [-Wunused-variable]
  102 |   uint32_t writeNum = *(addy);
      |            ^~~~~~~~
../Core/Src/main.c:99:10: warning: 'addy' may be used uninitialized in this function [-Wmaybe-uninitialized]
   99 |    *(addy+i) = 0x11111;
      |     ~~~~~^~~
../Core/Src/main.c:104:3: warning: 'readAddys' is used uninitialized in this function [-Wuninitialized]
  104 |   Flash_Read(0x807f800,readAddys,10);
      |   ^~~~~~~~~~~~~~~~~~~~~~~~~~~~~~~~~~
arm-none-eabi-gcc -o "flashTest.elf" @"objects.list"   -mcpu=cortex-m4 -T"C:\Users\penne\umsats-flash\flashTest\STM32L452RETX_FLASH.ld" --specs=nosys.specs -Wl,-Map="flashTest.map" -Wl,--gc-sections -static --specs=nano.specs -mfpu=fpv4-sp-d16 -mfloat-abi=hard -mthumb -Wl,--start-group -lc -lm -Wl,--end-group
Finished building target: flashTest.elf
 
arm-none-eabi-size   flashTest.elf 
arm-none-eabi-objdump -h -S  flashTest.elf  > "flashTest.list"
   text	   data	    bss	    dec	    hex	filename
  12988	     52	   1700	  14740	   3994	flashTest.elf
Finished building: default.size.stdout
 
Finished building: flashTest.list
 
14:43:32 **** Incremental Build of configuration Debug for project flashTest ****
make -j6 all 
arm-none-eabi-gcc "../Core/Src/main.c" -mcpu=cortex-m4 -std=gnu11 -g3 -DDEBUG -DUSE_HAL_DRIVER -DSTM32L452xx -c -I../Core/Inc -I../Drivers/STM32L4xx_HAL_Driver/Inc -I../Drivers/STM32L4xx_HAL_Driver/Inc/Legacy -I../Drivers/CMSIS/Device/ST/STM32L4xx/Include -I../Drivers/CMSIS/Include -O0 -ffunction-sections -fdata-sections -Wall -fstack-usage -MMD -MP -MF"Core/Src/main.d" -MT"Core/Src/main.o" --specs=nano.specs -mfpu=fpv4-sp-d16 -mfloat-abi=hard -mthumb -o "Core/Src/main.o"
../Core/Src/main.c: In function 'main':
../Core/Src/main.c:101:25: warning: passing argument 2 of 'Flash_Write' from incompatible pointer type [-Wincompatible-pointer-types]
  101 |   Flash_Write(0x807f800,addy,10);
      |                         ^~~~
      |                         |
      |                         uint32_t * {aka long unsigned int *}
In file included from ../Core/Src/main.c:26:
../Core/Inc/Flash_driver.h:12:57: note: expected 'uint8_t *' {aka 'unsigned char *'} but argument is of type 'uint32_t *' {aka 'long unsigned int *'}
   12 | HAL_StatusTypeDef Flash_Write(uint32_t address,uint8_t *buf,size_t num_bytes);
      |                                                ~~~~~~~~~^~~
../Core/Src/main.c:104:24: warning: passing argument 2 of 'Flash_Read' from incompatible pointer type [-Wincompatible-pointer-types]
  104 |   Flash_Read(0x807f800,readAddys,10);
      |                        ^~~~~~~~~
      |                        |
      |                        uint32_t * {aka long unsigned int *}
In file included from ../Core/Src/main.c:26:
../Core/Inc/Flash_driver.h:11:56: note: expected 'uint8_t *' {aka 'unsigned char *'} but argument is of type 'uint32_t *' {aka 'long unsigned int *'}
   11 | HAL_StatusTypeDef Flash_Read(uint32_t address,uint8_t *buf,size_t num_bytes);
      |                                               ~~~~~~~~~^~~
../Core/Src/main.c:111:12: warning: unused variable 'testt' [-Wunused-variable]
  111 |   uint32_t testt  = *test;
      |            ^~~~~
../Core/Src/main.c:106:12: warning: variable 'nums' set but not used [-Wunused-but-set-variable]
  106 |   uint32_t nums[10];
      |            ^~~~
../Core/Src/main.c:102:12: warning: unused variable 'writeNum' [-Wunused-variable]
  102 |   uint32_t writeNum = *(addy);
      |            ^~~~~~~~
../Core/Src/main.c:99:10: warning: 'addy' may be used uninitialized in this function [-Wmaybe-uninitialized]
   99 |    *(addy+i) = 0x22222;
      |     ~~~~~^~~
../Core/Src/main.c:104:3: warning: 'readAddys' is used uninitialized in this function [-Wuninitialized]
  104 |   Flash_Read(0x807f800,readAddys,10);
      |   ^~~~~~~~~~~~~~~~~~~~~~~~~~~~~~~~~~
arm-none-eabi-gcc -o "flashTest.elf" @"objects.list"   -mcpu=cortex-m4 -T"C:\Users\penne\umsats-flash\flashTest\STM32L452RETX_FLASH.ld" --specs=nosys.specs -Wl,-Map="flashTest.map" -Wl,--gc-sections -static --specs=nano.specs -mfpu=fpv4-sp-d16 -mfloat-abi=hard -mthumb -Wl,--start-group -lc -lm -Wl,--end-group
Finished building target: flashTest.elf
 
arm-none-eabi-size   flashTest.elf 
arm-none-eabi-objdump -h -S  flashTest.elf  > "flashTest.list"
   text	   data	    bss	    dec	    hex	filename
  12988	     52	   1700	  14740	   3994	flashTest.elf
Finished building: default.size.stdout
 
Finished building: flashTest.list
 
14:56:00 **** Incremental Build of configuration Debug for project flashTest ****
make -j6 all 
arm-none-eabi-size   flashTest.elf 
   text	   data	    bss	    dec	    hex	filename
  12988	     52	   1700	  14740	   3994	flashTest.elf
Finished building: default.size.stdout
 
14:58:12 **** Incremental Build of configuration Debug for project flashTest ****
make -j6 all 
arm-none-eabi-size   flashTest.elf 
   text	   data	    bss	    dec	    hex	filename
  12988	     52	   1700	  14740	   3994	flashTest.elf
Finished building: default.size.stdout
 
15:48:16 **** Incremental Build of configuration Debug for project flashTest ****
make -j6 all 
arm-none-eabi-gcc "../Core/Src/main.c" -mcpu=cortex-m4 -std=gnu11 -g3 -DDEBUG -DUSE_HAL_DRIVER -DSTM32L452xx -c -I../Core/Inc -I../Drivers/STM32L4xx_HAL_Driver/Inc -I../Drivers/STM32L4xx_HAL_Driver/Inc/Legacy -I../Drivers/CMSIS/Device/ST/STM32L4xx/Include -I../Drivers/CMSIS/Include -O0 -ffunction-sections -fdata-sections -Wall -fstack-usage -MMD -MP -MF"Core/Src/main.d" -MT"Core/Src/main.o" --specs=nano.specs -mfpu=fpv4-sp-d16 -mfloat-abi=hard -mthumb -o "Core/Src/main.o"
../Core/Src/main.c: In function 'main':
../Core/Src/main.c:102:25: warning: passing argument 2 of 'Flash_Write' from incompatible pointer type [-Wincompatible-pointer-types]
  102 |   Flash_Write(0x807f800,addy,10);
      |                         ^~~~
      |                         |
      |                         uint32_t * {aka long unsigned int *}
In file included from ../Core/Src/main.c:26:
../Core/Inc/Flash_driver.h:12:57: note: expected 'uint8_t *' {aka 'unsigned char *'} but argument is of type 'uint32_t *' {aka 'long unsigned int *'}
   12 | HAL_StatusTypeDef Flash_Write(uint32_t address,uint8_t *buf,size_t num_bytes);
      |                                                ~~~~~~~~~^~~
../Core/Src/main.c:105:24: warning: passing argument 2 of 'Flash_Read' from incompatible pointer type [-Wincompatible-pointer-types]
  105 |   Flash_Read(0x807f800,readAddys,10);
      |                        ^~~~~~~~~
      |                        |
      |                        uint32_t * {aka long unsigned int *}
In file included from ../Core/Src/main.c:26:
../Core/Inc/Flash_driver.h:11:56: note: expected 'uint8_t *' {aka 'unsigned char *'} but argument is of type 'uint32_t *' {aka 'long unsigned int *'}
   11 | HAL_StatusTypeDef Flash_Read(uint32_t address,uint8_t *buf,size_t num_bytes);
      |                                               ~~~~~~~~~^~~
../Core/Src/main.c:112:12: warning: unused variable 'testt' [-Wunused-variable]
  112 |   uint32_t testt  = *test;
      |            ^~~~~
../Core/Src/main.c:107:12: warning: variable 'nums' set but not used [-Wunused-but-set-variable]
  107 |   uint32_t nums[10];
      |            ^~~~
../Core/Src/main.c:103:12: warning: unused variable 'writeNum' [-Wunused-variable]
  103 |   uint32_t writeNum = *(addy);
      |            ^~~~~~~~
../Core/Src/main.c:101:12: warning: unused variable 'testnum' [-Wunused-variable]
  101 |   uint32_t testnum = *addy;
      |            ^~~~~~~
../Core/Src/main.c:99:10: warning: 'addy' may be used uninitialized in this function [-Wmaybe-uninitialized]
   99 |    *(addy+i) = 0x22222;
      |     ~~~~~^~~
../Core/Src/main.c:105:3: warning: 'readAddys' is used uninitialized in this function [-Wuninitialized]
  105 |   Flash_Read(0x807f800,readAddys,10);
      |   ^~~~~~~~~~~~~~~~~~~~~~~~~~~~~~~~~~
arm-none-eabi-gcc -o "flashTest.elf" @"objects.list"   -mcpu=cortex-m4 -T"C:\Users\penne\umsats-flash\flashTest\STM32L452RETX_FLASH.ld" --specs=nosys.specs -Wl,-Map="flashTest.map" -Wl,--gc-sections -static --specs=nano.specs -mfpu=fpv4-sp-d16 -mfloat-abi=hard -mthumb -Wl,--start-group -lc -lm -Wl,--end-group
Finished building target: flashTest.elf
 
arm-none-eabi-size   flashTest.elf 
arm-none-eabi-objdump -h -S  flashTest.elf  > "flashTest.list"
   text	   data	    bss	    dec	    hex	filename
  12996	     52	   1700	  14748	   399c	flashTest.elf
Finished building: default.size.stdout
 
Finished building: flashTest.list
 
18:04:33 **** Incremental Build of configuration Debug for project flashTest ****
make -j6 all 
arm-none-eabi-gcc "../Core/Src/main.c" -mcpu=cortex-m4 -std=gnu11 -g3 -DDEBUG -DUSE_HAL_DRIVER -DSTM32L452xx -c -I../Core/Inc -I../Drivers/STM32L4xx_HAL_Driver/Inc -I../Drivers/STM32L4xx_HAL_Driver/Inc/Legacy -I../Drivers/CMSIS/Device/ST/STM32L4xx/Include -I../Drivers/CMSIS/Include -O0 -ffunction-sections -fdata-sections -Wall -fstack-usage -MMD -MP -MF"Core/Src/main.d" -MT"Core/Src/main.o" --specs=nano.specs -mfpu=fpv4-sp-d16 -mfloat-abi=hard -mthumb -o "Core/Src/main.o"
../Core/Src/main.c: In function 'main':
../Core/Src/main.c:103:25: warning: passing argument 2 of 'Flash_Write' from incompatible pointer type [-Wincompatible-pointer-types]
  103 |   Flash_Write(0x807f800,addy,10);
      |                         ^~~~
      |                         |
      |                         uint32_t * {aka long unsigned int *}
In file included from ../Core/Src/main.c:26:
../Core/Inc/Flash_driver.h:12:57: note: expected 'uint8_t *' {aka 'unsigned char *'} but argument is of type 'uint32_t *' {aka 'long unsigned int *'}
   12 | HAL_StatusTypeDef Flash_Write(uint32_t address,uint8_t *buf,size_t num_bytes);
      |                                                ~~~~~~~~~^~~
../Core/Src/main.c:106:24: warning: passing argument 2 of 'Flash_Read' from incompatible pointer type [-Wincompatible-pointer-types]
  106 |   Flash_Read(0x807f800,readAddys,10);
      |                        ^~~~~~~~~
      |                        |
      |                        uint32_t * {aka long unsigned int *}
In file included from ../Core/Src/main.c:26:
../Core/Inc/Flash_driver.h:11:56: note: expected 'uint8_t *' {aka 'unsigned char *'} but argument is of type 'uint32_t *' {aka 'long unsigned int *'}
   11 | HAL_StatusTypeDef Flash_Read(uint32_t address,uint8_t *buf,size_t num_bytes);
      |                                               ~~~~~~~~~^~~
../Core/Src/main.c:113:12: warning: unused variable 'testt' [-Wunused-variable]
  113 |   uint32_t testt  = *test;
      |            ^~~~~
../Core/Src/main.c:108:12: warning: variable 'nums' set but not used [-Wunused-but-set-variable]
  108 |   uint32_t nums[10];
      |            ^~~~
../Core/Src/main.c:104:12: warning: unused variable 'writeNum' [-Wunused-variable]
  104 |   uint32_t writeNum = *(addy);
      |            ^~~~~~~~
../Core/Src/main.c:101:12: warning: unused variable 'testnum' [-Wunused-variable]
  101 |   uint32_t testnum = *addy;
      |            ^~~~~~~
../Core/Src/main.c:99:10: warning: 'addy' may be used uninitialized in this function [-Wmaybe-uninitialized]
   99 |    *(addy+i) = 0x22222;
      |     ~~~~~^~~
../Core/Src/main.c:106:3: warning: 'readAddys' is used uninitialized in this function [-Wuninitialized]
  106 |   Flash_Read(0x807f800,readAddys,10);
      |   ^~~~~~~~~~~~~~~~~~~~~~~~~~~~~~~~~~
arm-none-eabi-gcc -o "flashTest.elf" @"objects.list"   -mcpu=cortex-m4 -T"C:\Users\penne\umsats-flash\flashTest\STM32L452RETX_FLASH.ld" --specs=nosys.specs -Wl,-Map="flashTest.map" -Wl,--gc-sections -static --specs=nano.specs -mfpu=fpv4-sp-d16 -mfloat-abi=hard -mthumb -Wl,--start-group -lc -lm -Wl,--end-group
Finished building target: flashTest.elf
 
arm-none-eabi-size   flashTest.elf 
arm-none-eabi-objdump -h -S  flashTest.elf  > "flashTest.list"
   text	   data	    bss	    dec	    hex	filename
  12996	     52	   1700	  14748	   399c	flashTest.elf
Finished building: default.size.stdout
 
Finished building: flashTest.list
 
18:15:45 **** Incremental Build of configuration Debug for project flashTest ****
make -j6 all 
arm-none-eabi-gcc "../Core/Src/main.c" -mcpu=cortex-m4 -std=gnu11 -g3 -DDEBUG -DUSE_HAL_DRIVER -DSTM32L452xx -c -I../Core/Inc -I../Drivers/STM32L4xx_HAL_Driver/Inc -I../Drivers/STM32L4xx_HAL_Driver/Inc/Legacy -I../Drivers/CMSIS/Device/ST/STM32L4xx/Include -I../Drivers/CMSIS/Include -O0 -ffunction-sections -fdata-sections -Wall -fstack-usage -MMD -MP -MF"Core/Src/main.d" -MT"Core/Src/main.o" --specs=nano.specs -mfpu=fpv4-sp-d16 -mfloat-abi=hard -mthumb -o "Core/Src/main.o"
../Core/Src/main.c: In function 'main':
../Core/Src/main.c:98:3: error: expected ',' or ';' before 'uint32_t'
   98 |   uint32_t testnum = *addy;
      |   ^~~~~~~~
../Core/Src/main.c:100:25: warning: passing argument 2 of 'Flash_Write' from incompatible pointer type [-Wincompatible-pointer-types]
  100 |   Flash_Write(0x807f800,addy,3);
      |                         ^~~~
      |                         |
      |                         uint32_t * {aka long unsigned int *}
In file included from ../Core/Src/main.c:26:
../Core/Inc/Flash_driver.h:12:57: note: expected 'uint8_t *' {aka 'unsigned char *'} but argument is of type 'uint32_t *' {aka 'long unsigned int *'}
   12 | HAL_StatusTypeDef Flash_Write(uint32_t address,uint8_t *buf,size_t num_bytes);
      |                                                ~~~~~~~~~^~~
../Core/Src/main.c:103:24: warning: passing argument 2 of 'Flash_Read' from incompatible pointer type [-Wincompatible-pointer-types]
  103 |   Flash_Read(0x807f800,readAddys,10);
      |                        ^~~~~~~~~
      |                        |
      |                        uint32_t * {aka long unsigned int *}
In file included from ../Core/Src/main.c:26:
../Core/Inc/Flash_driver.h:11:56: note: expected 'uint8_t *' {aka 'unsigned char *'} but argument is of type 'uint32_t *' {aka 'long unsigned int *'}
   11 | HAL_StatusTypeDef Flash_Read(uint32_t address,uint8_t *buf,size_t num_bytes);
      |                                               ~~~~~~~~~^~~
../Core/Src/main.c:110:12: warning: unused variable 'testt' [-Wunused-variable]
  110 |   uint32_t testt  = *test;
      |            ^~~~~
../Core/Src/main.c:105:12: warning: variable 'nums' set but not used [-Wunused-but-set-variable]
  105 |   uint32_t nums[10];
      |            ^~~~
make: *** [Core/Src/subdir.mk:37: Core/Src/main.o] Error 1
"make -j6 all" terminated with exit code 2. Build might be incomplete.
18:15:58 **** Incremental Build of configuration Debug for project flashTest ****
make -j6 all 
arm-none-eabi-gcc "../Core/Src/main.c" -mcpu=cortex-m4 -std=gnu11 -g3 -DDEBUG -DUSE_HAL_DRIVER -DSTM32L452xx -c -I../Core/Inc -I../Drivers/STM32L4xx_HAL_Driver/Inc -I../Drivers/STM32L4xx_HAL_Driver/Inc/Legacy -I../Drivers/CMSIS/Device/ST/STM32L4xx/Include -I../Drivers/CMSIS/Include -O0 -ffunction-sections -fdata-sections -Wall -fstack-usage -MMD -MP -MF"Core/Src/main.d" -MT"Core/Src/main.o" --specs=nano.specs -mfpu=fpv4-sp-d16 -mfloat-abi=hard -mthumb -o "Core/Src/main.o"
../Core/Src/main.c: In function 'main':
../Core/Src/main.c:99:3: error: expected ',' or ';' before 'Flash_Write'
   99 |   Flash_Write(0x807f800,addy,3);
      |   ^~~~~~~~~~~
../Core/Src/main.c:102:24: warning: passing argument 2 of 'Flash_Read' from incompatible pointer type [-Wincompatible-pointer-types]
  102 |   Flash_Read(0x807f800,readAddys,10);
      |                        ^~~~~~~~~
      |                        |
      |                        uint32_t * {aka long unsigned int *}
In file included from ../Core/Src/main.c:26:
../Core/Inc/Flash_driver.h:11:56: note: expected 'uint8_t *' {aka 'unsigned char *'} but argument is of type 'uint32_t *' {aka 'long unsigned int *'}
   11 | HAL_StatusTypeDef Flash_Read(uint32_t address,uint8_t *buf,size_t num_bytes);
      |                                               ~~~~~~~~~^~~
../Core/Src/main.c:109:12: warning: unused variable 'testt' [-Wunused-variable]
  109 |   uint32_t testt  = *test;
      |            ^~~~~
../Core/Src/main.c:104:12: warning: variable 'nums' set but not used [-Wunused-but-set-variable]
  104 |   uint32_t nums[10];
      |            ^~~~
../Core/Src/main.c:97:12: warning: unused variable 'addy' [-Wunused-variable]
   97 |   uint32_t addy[] = {0x12345,0x22222,0x11111}
      |            ^~~~
make: *** [Core/Src/subdir.mk:37: Core/Src/main.o] Error 1
"make -j6 all" terminated with exit code 2. Build might be incomplete.
18:16:22 **** Incremental Build of configuration Debug for project flashTest ****
make -j6 all 
arm-none-eabi-gcc "../Core/Src/main.c" -mcpu=cortex-m4 -std=gnu11 -g3 -DDEBUG -DUSE_HAL_DRIVER -DSTM32L452xx -c -I../Core/Inc -I../Drivers/STM32L4xx_HAL_Driver/Inc -I../Drivers/STM32L4xx_HAL_Driver/Inc/Legacy -I../Drivers/CMSIS/Device/ST/STM32L4xx/Include -I../Drivers/CMSIS/Include -O0 -ffunction-sections -fdata-sections -Wall -fstack-usage -MMD -MP -MF"Core/Src/main.d" -MT"Core/Src/main.o" --specs=nano.specs -mfpu=fpv4-sp-d16 -mfloat-abi=hard -mthumb -o "Core/Src/main.o"
../Core/Src/main.c: In function 'main':
../Core/Src/main.c:97:21: warning: unsigned conversion from 'int' to 'unsigned char' changes value from '74565' to '69' [-Woverflow]
   97 |   uint8_t addy[] = {0x12345,0x22222,0x11111}
      |                     ^~~~~~~
../Core/Src/main.c:97:29: warning: unsigned conversion from 'int' to 'unsigned char' changes value from '139810' to '34' [-Woverflow]
   97 |   uint8_t addy[] = {0x12345,0x22222,0x11111}
      |                             ^~~~~~~
../Core/Src/main.c:97:37: warning: unsigned conversion from 'int' to 'unsigned char' changes value from '69905' to '17' [-Woverflow]
   97 |   uint8_t addy[] = {0x12345,0x22222,0x11111}
      |                                     ^~~~~~~
../Core/Src/main.c:99:3: error: expected ',' or ';' before 'Flash_Write'
   99 |   Flash_Write(0x807f800,addy,3);
      |   ^~~~~~~~~~~
../Core/Src/main.c:102:24: warning: passing argument 2 of 'Flash_Read' from incompatible pointer type [-Wincompatible-pointer-types]
  102 |   Flash_Read(0x807f800,readAddys,10);
      |                        ^~~~~~~~~
      |                        |
      |                        uint32_t * {aka long unsigned int *}
In file included from ../Core/Src/main.c:26:
../Core/Inc/Flash_driver.h:11:56: note: expected 'uint8_t *' {aka 'unsigned char *'} but argument is of type 'uint32_t *' {aka 'long unsigned int *'}
   11 | HAL_StatusTypeDef Flash_Read(uint32_t address,uint8_t *buf,size_t num_bytes);
      |                                               ~~~~~~~~~^~~
../Core/Src/main.c:109:12: warning: unused variable 'testt' [-Wunused-variable]
  109 |   uint32_t testt  = *test;
      |            ^~~~~
../Core/Src/main.c:104:12: warning: variable 'nums' set but not used [-Wunused-but-set-variable]
  104 |   uint32_t nums[10];
      |            ^~~~
../Core/Src/main.c:97:11: warning: unused variable 'addy' [-Wunused-variable]
   97 |   uint8_t addy[] = {0x12345,0x22222,0x11111}
      |           ^~~~
make: *** [Core/Src/subdir.mk:37: Core/Src/main.o] Error 1
"make -j6 all" terminated with exit code 2. Build might be incomplete.
18:16:37 **** Incremental Build of configuration Debug for project flashTest ****
make -j6 all 
arm-none-eabi-gcc "../Core/Src/main.c" -mcpu=cortex-m4 -std=gnu11 -g3 -DDEBUG -DUSE_HAL_DRIVER -DSTM32L452xx -c -I../Core/Inc -I../Drivers/STM32L4xx_HAL_Driver/Inc -I../Drivers/STM32L4xx_HAL_Driver/Inc/Legacy -I../Drivers/CMSIS/Device/ST/STM32L4xx/Include -I../Drivers/CMSIS/Include -O0 -ffunction-sections -fdata-sections -Wall -fstack-usage -MMD -MP -MF"Core/Src/main.d" -MT"Core/Src/main.o" --specs=nano.specs -mfpu=fpv4-sp-d16 -mfloat-abi=hard -mthumb -o "Core/Src/main.o"
../Core/Src/main.c: In function 'main':
../Core/Src/main.c:97:21: warning: unsigned conversion from 'int' to 'unsigned char' changes value from '74565' to '69' [-Woverflow]
   97 |   uint8_t addy[] = {0x12345,0x22222,0x11111};
      |                     ^~~~~~~
../Core/Src/main.c:97:29: warning: unsigned conversion from 'int' to 'unsigned char' changes value from '139810' to '34' [-Woverflow]
   97 |   uint8_t addy[] = {0x12345,0x22222,0x11111};
      |                             ^~~~~~~
../Core/Src/main.c:97:37: warning: unsigned conversion from 'int' to 'unsigned char' changes value from '69905' to '17' [-Woverflow]
   97 |   uint8_t addy[] = {0x12345,0x22222,0x11111};
      |                                     ^~~~~~~
../Core/Src/main.c:102:24: warning: passing argument 2 of 'Flash_Read' from incompatible pointer type [-Wincompatible-pointer-types]
  102 |   Flash_Read(0x807f800,readAddys,10);
      |                        ^~~~~~~~~
      |                        |
      |                        uint32_t * {aka long unsigned int *}
In file included from ../Core/Src/main.c:26:
../Core/Inc/Flash_driver.h:11:56: note: expected 'uint8_t *' {aka 'unsigned char *'} but argument is of type 'uint32_t *' {aka 'long unsigned int *'}
   11 | HAL_StatusTypeDef Flash_Read(uint32_t address,uint8_t *buf,size_t num_bytes);
      |                                               ~~~~~~~~~^~~
../Core/Src/main.c:109:12: warning: unused variable 'testt' [-Wunused-variable]
  109 |   uint32_t testt  = *test;
      |            ^~~~~
../Core/Src/main.c:104:12: warning: variable 'nums' set but not used [-Wunused-but-set-variable]
  104 |   uint32_t nums[10];
      |            ^~~~
../Core/Src/main.c:102:3: warning: 'readAddys' is used uninitialized in this function [-Wuninitialized]
  102 |   Flash_Read(0x807f800,readAddys,10);
      |   ^~~~~~~~~~~~~~~~~~~~~~~~~~~~~~~~~~
arm-none-eabi-gcc -o "flashTest.elf" @"objects.list"   -mcpu=cortex-m4 -T"C:\Users\penne\umsats-flash\flashTest\STM32L452RETX_FLASH.ld" --specs=nosys.specs -Wl,-Map="flashTest.map" -Wl,--gc-sections -static --specs=nano.specs -mfpu=fpv4-sp-d16 -mfloat-abi=hard -mthumb -Wl,--start-group -lc -lm -Wl,--end-group
Finished building target: flashTest.elf
 
arm-none-eabi-size   flashTest.elf 
arm-none-eabi-objdump -h -S  flashTest.elf  > "flashTest.list"
   text	   data	    bss	    dec	    hex	filename
  12968	     52	   1700	  14720	   3980	flashTest.elf
Finished building: default.size.stdout
 
Finished building: flashTest.list
 
18:18:16 **** Incremental Build of configuration Debug for project flashTest ****
make -j6 all 
arm-none-eabi-gcc "../Core/Src/main.c" -mcpu=cortex-m4 -std=gnu11 -g3 -DDEBUG -DUSE_HAL_DRIVER -DSTM32L452xx -c -I../Core/Inc -I../Drivers/STM32L4xx_HAL_Driver/Inc -I../Drivers/STM32L4xx_HAL_Driver/Inc/Legacy -I../Drivers/CMSIS/Device/ST/STM32L4xx/Include -I../Drivers/CMSIS/Include -O0 -ffunction-sections -fdata-sections -Wall -fstack-usage -MMD -MP -MF"Core/Src/main.d" -MT"Core/Src/main.o" --specs=nano.specs -mfpu=fpv4-sp-d16 -mfloat-abi=hard -mthumb -o "Core/Src/main.o"
../Core/Src/main.c: In function 'main':
../Core/Src/main.c:97:21: warning: unsigned conversion from 'int' to 'unsigned char' changes value from '74565' to '69' [-Woverflow]
   97 |   uint8_t addy[] = {0x12345,0x22222,0x11111};
      |                     ^~~~~~~
../Core/Src/main.c:97:29: warning: unsigned conversion from 'int' to 'unsigned char' changes value from '139810' to '34' [-Woverflow]
   97 |   uint8_t addy[] = {0x12345,0x22222,0x11111};
      |                             ^~~~~~~
../Core/Src/main.c:97:37: warning: unsigned conversion from 'int' to 'unsigned char' changes value from '69905' to '17' [-Woverflow]
   97 |   uint8_t addy[] = {0x12345,0x22222,0x11111};
      |                                     ^~~~~~~
../Core/Src/main.c:102:24: warning: passing argument 2 of 'Flash_Read' from incompatible pointer type [-Wincompatible-pointer-types]
  102 |   Flash_Read(0x807f800,read_nums,3);
      |                        ^~~~~~~~~
      |                        |
      |                        uint32_t * {aka long unsigned int *}
In file included from ../Core/Src/main.c:26:
../Core/Inc/Flash_driver.h:11:56: note: expected 'uint8_t *' {aka 'unsigned char *'} but argument is of type 'uint32_t *' {aka 'long unsigned int *'}
   11 | HAL_StatusTypeDef Flash_Read(uint32_t address,uint8_t *buf,size_t num_bytes);
      |                                               ~~~~~~~~~^~~
arm-none-eabi-gcc -o "flashTest.elf" @"objects.list"   -mcpu=cortex-m4 -T"C:\Users\penne\umsats-flash\flashTest\STM32L452RETX_FLASH.ld" --specs=nosys.specs -Wl,-Map="flashTest.map" -Wl,--gc-sections -static --specs=nano.specs -mfpu=fpv4-sp-d16 -mfloat-abi=hard -mthumb -Wl,--start-group -lc -lm -Wl,--end-group
Finished building target: flashTest.elf
 
arm-none-eabi-size   flashTest.elf 
arm-none-eabi-objdump -h -S  flashTest.elf  > "flashTest.list"
   text	   data	    bss	    dec	    hex	filename
  12920	     52	   1700	  14672	   3950	flashTest.elf
Finished building: default.size.stdout
 
Finished building: flashTest.list
 
18:19:51 **** Incremental Build of configuration Debug for project flashTest ****
make -j6 all 
arm-none-eabi-gcc "../Core/Src/main.c" -mcpu=cortex-m4 -std=gnu11 -g3 -DDEBUG -DUSE_HAL_DRIVER -DSTM32L452xx -c -I../Core/Inc -I../Drivers/STM32L4xx_HAL_Driver/Inc -I../Drivers/STM32L4xx_HAL_Driver/Inc/Legacy -I../Drivers/CMSIS/Device/ST/STM32L4xx/Include -I../Drivers/CMSIS/Include -O0 -ffunction-sections -fdata-sections -Wall -fstack-usage -MMD -MP -MF"Core/Src/main.d" -MT"Core/Src/main.o" --specs=nano.specs -mfpu=fpv4-sp-d16 -mfloat-abi=hard -mthumb -o "Core/Src/main.o"
../Core/Src/main.c: In function 'main':
../Core/Src/main.c:97:21: warning: unsigned conversion from 'int' to 'unsigned char' changes value from '69905' to '17' [-Woverflow]
   97 |   uint8_t addy[] = {0x11111
      |                     ^~~~~~~
../Core/Src/main.c:98:6: warning: unsigned conversion from 'int' to 'unsigned char' changes value from '139810' to '34' [-Woverflow]
   98 |     ,0x22222,0x11111};
      |      ^~~~~~~
../Core/Src/main.c:98:14: warning: unsigned conversion from 'int' to 'unsigned char' changes value from '69905' to '17' [-Woverflow]
   98 |     ,0x22222,0x11111};
      |              ^~~~~~~
../Core/Src/main.c:103:24: warning: passing argument 2 of 'Flash_Read' from incompatible pointer type [-Wincompatible-pointer-types]
  103 |   Flash_Read(0x807f800,read_nums,3);
      |                        ^~~~~~~~~
      |                        |
      |                        uint32_t * {aka long unsigned int *}
In file included from ../Core/Src/main.c:26:
../Core/Inc/Flash_driver.h:11:56: note: expected 'uint8_t *' {aka 'unsigned char *'} but argument is of type 'uint32_t *' {aka 'long unsigned int *'}
   11 | HAL_StatusTypeDef Flash_Read(uint32_t address,uint8_t *buf,size_t num_bytes);
      |                                               ~~~~~~~~~^~~
arm-none-eabi-gcc -o "flashTest.elf" @"objects.list"   -mcpu=cortex-m4 -T"C:\Users\penne\umsats-flash\flashTest\STM32L452RETX_FLASH.ld" --specs=nosys.specs -Wl,-Map="flashTest.map" -Wl,--gc-sections -static --specs=nano.specs -mfpu=fpv4-sp-d16 -mfloat-abi=hard -mthumb -Wl,--start-group -lc -lm -Wl,--end-group
Finished building target: flashTest.elf
 
arm-none-eabi-size   flashTest.elf 
arm-none-eabi-objdump -h -S  flashTest.elf  > "flashTest.list"
   text	   data	    bss	    dec	    hex	filename
  12920	     52	   1700	  14672	   3950	flashTest.elf
Finished building: default.size.stdout
 
Finished building: flashTest.list
 
18:20:07 **** Incremental Build of configuration Debug for project flashTest ****
make -j6 all 
arm-none-eabi-gcc "../Core/Src/main.c" -mcpu=cortex-m4 -std=gnu11 -g3 -DDEBUG -DUSE_HAL_DRIVER -DSTM32L452xx -c -I../Core/Inc -I../Drivers/STM32L4xx_HAL_Driver/Inc -I../Drivers/STM32L4xx_HAL_Driver/Inc/Legacy -I../Drivers/CMSIS/Device/ST/STM32L4xx/Include -I../Drivers/CMSIS/Include -O0 -ffunction-sections -fdata-sections -Wall -fstack-usage -MMD -MP -MF"Core/Src/main.d" -MT"Core/Src/main.o" --specs=nano.specs -mfpu=fpv4-sp-d16 -mfloat-abi=hard -mthumb -o "Core/Src/main.o"
../Core/Src/main.c: In function 'main':
../Core/Src/main.c:97:21: warning: unsigned conversion from 'int' to 'unsigned char' changes value from '69905' to '17' [-Woverflow]
   97 |   uint8_t addy[] = {0x11111,0x22222,0x11111};
      |                     ^~~~~~~
../Core/Src/main.c:97:29: warning: unsigned conversion from 'int' to 'unsigned char' changes value from '139810' to '34' [-Woverflow]
   97 |   uint8_t addy[] = {0x11111,0x22222,0x11111};
      |                             ^~~~~~~
../Core/Src/main.c:97:37: warning: unsigned conversion from 'int' to 'unsigned char' changes value from '69905' to '17' [-Woverflow]
   97 |   uint8_t addy[] = {0x11111,0x22222,0x11111};
      |                                     ^~~~~~~
../Core/Src/main.c:102:24: warning: passing argument 2 of 'Flash_Read' from incompatible pointer type [-Wincompatible-pointer-types]
  102 |   Flash_Read(0x807f800,read_nums,3);
      |                        ^~~~~~~~~
      |                        |
      |                        uint32_t * {aka long unsigned int *}
In file included from ../Core/Src/main.c:26:
../Core/Inc/Flash_driver.h:11:56: note: expected 'uint8_t *' {aka 'unsigned char *'} but argument is of type 'uint32_t *' {aka 'long unsigned int *'}
   11 | HAL_StatusTypeDef Flash_Read(uint32_t address,uint8_t *buf,size_t num_bytes);
      |                                               ~~~~~~~~~^~~
arm-none-eabi-gcc -o "flashTest.elf" @"objects.list"   -mcpu=cortex-m4 -T"C:\Users\penne\umsats-flash\flashTest\STM32L452RETX_FLASH.ld" --specs=nosys.specs -Wl,-Map="flashTest.map" -Wl,--gc-sections -static --specs=nano.specs -mfpu=fpv4-sp-d16 -mfloat-abi=hard -mthumb -Wl,--start-group -lc -lm -Wl,--end-group
Finished building target: flashTest.elf
 
arm-none-eabi-size   flashTest.elf 
arm-none-eabi-objdump -h -S  flashTest.elf  > "flashTest.list"
   text	   data	    bss	    dec	    hex	filename
  12920	     52	   1700	  14672	   3950	flashTest.elf
Finished building: default.size.stdout
 
Finished building: flashTest.list
 
18:22:19 **** Incremental Build of configuration Debug for project flashTest ****
make -j6 all 
arm-none-eabi-gcc "../Core/Src/main.c" -mcpu=cortex-m4 -std=gnu11 -g3 -DDEBUG -DUSE_HAL_DRIVER -DSTM32L452xx -c -I../Core/Inc -I../Drivers/STM32L4xx_HAL_Driver/Inc -I../Drivers/STM32L4xx_HAL_Driver/Inc/Legacy -I../Drivers/CMSIS/Device/ST/STM32L4xx/Include -I../Drivers/CMSIS/Include -O0 -ffunction-sections -fdata-sections -Wall -fstack-usage -MMD -MP -MF"Core/Src/main.d" -MT"Core/Src/main.o" --specs=nano.specs -mfpu=fpv4-sp-d16 -mfloat-abi=hard -mthumb -o "Core/Src/main.o"
../Core/Src/main.c: In function 'main':
../Core/Src/main.c:97:21: warning: unsigned conversion from 'int' to 'unsigned char' changes value from '69905' to '17' [-Woverflow]
   97 |   uint8_t nums[] = {0x11111,0x22222,0x11111};
      |                     ^~~~~~~
../Core/Src/main.c:97:29: warning: unsigned conversion from 'int' to 'unsigned char' changes value from '139810' to '34' [-Woverflow]
   97 |   uint8_t nums[] = {0x11111,0x22222,0x11111};
      |                             ^~~~~~~
../Core/Src/main.c:97:37: warning: unsigned conversion from 'int' to 'unsigned char' changes value from '69905' to '17' [-Woverflow]
   97 |   uint8_t nums[] = {0x11111,0x22222,0x11111};
      |                                     ^~~~~~~
../Core/Src/main.c:102:24: warning: passing argument 2 of 'Flash_Read' from incompatible pointer type [-Wincompatible-pointer-types]
  102 |   Flash_Read(0x807f800,read_nums,3);
      |                        ^~~~~~~~~
      |                        |
      |                        uint32_t * {aka long unsigned int *}
In file included from ../Core/Src/main.c:26:
../Core/Inc/Flash_driver.h:11:56: note: expected 'uint8_t *' {aka 'unsigned char *'} but argument is of type 'uint32_t *' {aka 'long unsigned int *'}
   11 | HAL_StatusTypeDef Flash_Read(uint32_t address,uint8_t *buf,size_t num_bytes);
      |                                               ~~~~~~~~~^~~
arm-none-eabi-gcc -o "flashTest.elf" @"objects.list"   -mcpu=cortex-m4 -T"C:\Users\penne\umsats-flash\flashTest\STM32L452RETX_FLASH.ld" --specs=nosys.specs -Wl,-Map="flashTest.map" -Wl,--gc-sections -static --specs=nano.specs -mfpu=fpv4-sp-d16 -mfloat-abi=hard -mthumb -Wl,--start-group -lc -lm -Wl,--end-group
Finished building target: flashTest.elf
 
arm-none-eabi-size   flashTest.elf 
arm-none-eabi-objdump -h -S  flashTest.elf  > "flashTest.list"
   text	   data	    bss	    dec	    hex	filename
  12920	     52	   1700	  14672	   3950	flashTest.elf
Finished building: default.size.stdout
 
Finished building: flashTest.list
 
18:22:51 **** Incremental Build of configuration Debug for project flashTest ****
make -j6 all 
arm-none-eabi-gcc "../Core/Src/main.c" -mcpu=cortex-m4 -std=gnu11 -g3 -DDEBUG -DUSE_HAL_DRIVER -DSTM32L452xx -c -I../Core/Inc -I../Drivers/STM32L4xx_HAL_Driver/Inc -I../Drivers/STM32L4xx_HAL_Driver/Inc/Legacy -I../Drivers/CMSIS/Device/ST/STM32L4xx/Include -I../Drivers/CMSIS/Include -O0 -ffunction-sections -fdata-sections -Wall -fstack-usage -MMD -MP -MF"Core/Src/main.d" -MT"Core/Src/main.o" --specs=nano.specs -mfpu=fpv4-sp-d16 -mfloat-abi=hard -mthumb -o "Core/Src/main.o"
../Core/Src/main.c: In function 'main':
../Core/Src/main.c:99:25: warning: passing argument 2 of 'Flash_Write' from incompatible pointer type [-Wincompatible-pointer-types]
   99 |   Flash_Write(0x807f800,nums,3);
      |                         ^~~~
      |                         |
      |                         uint32_t * {aka long unsigned int *}
In file included from ../Core/Src/main.c:26:
../Core/Inc/Flash_driver.h:12:57: note: expected 'uint8_t *' {aka 'unsigned char *'} but argument is of type 'uint32_t *' {aka 'long unsigned int *'}
   12 | HAL_StatusTypeDef Flash_Write(uint32_t address,uint8_t *buf,size_t num_bytes);
      |                                                ~~~~~~~~~^~~
../Core/Src/main.c:102:24: warning: passing argument 2 of 'Flash_Read' from incompatible pointer type [-Wincompatible-pointer-types]
  102 |   Flash_Read(0x807f800,read_nums,3);
      |                        ^~~~~~~~~
      |                        |
      |                        uint32_t * {aka long unsigned int *}
In file included from ../Core/Src/main.c:26:
../Core/Inc/Flash_driver.h:11:56: note: expected 'uint8_t *' {aka 'unsigned char *'} but argument is of type 'uint32_t *' {aka 'long unsigned int *'}
   11 | HAL_StatusTypeDef Flash_Read(uint32_t address,uint8_t *buf,size_t num_bytes);
      |                                               ~~~~~~~~~^~~
arm-none-eabi-gcc -o "flashTest.elf" @"objects.list"   -mcpu=cortex-m4 -T"C:\Users\penne\umsats-flash\flashTest\STM32L452RETX_FLASH.ld" --specs=nosys.specs -Wl,-Map="flashTest.map" -Wl,--gc-sections -static --specs=nano.specs -mfpu=fpv4-sp-d16 -mfloat-abi=hard -mthumb -Wl,--start-group -lc -lm -Wl,--end-group
Finished building target: flashTest.elf
 
arm-none-eabi-size   flashTest.elf 
arm-none-eabi-objdump -h -S  flashTest.elf  > "flashTest.list"
   text	   data	    bss	    dec	    hex	filename
  12924	     52	   1700	  14676	   3954	flashTest.elf
Finished building: default.size.stdout
 
Finished building: flashTest.list
 
18:23:56 **** Incremental Build of configuration Debug for project flashTest ****
make -j6 all 
arm-none-eabi-size   flashTest.elf 
   text	   data	    bss	    dec	    hex	filename
  12924	     52	   1700	  14676	   3954	flashTest.elf
Finished building: default.size.stdout
 
18:24:22 **** Incremental Build of configuration Debug for project flashTest ****
make -j6 all 
arm-none-eabi-size   flashTest.elf 
   text	   data	    bss	    dec	    hex	filename
  12924	     52	   1700	  14676	   3954	flashTest.elf
Finished building: default.size.stdout
 
18:28:56 **** Incremental Build of configuration Debug for project flashTest ****
make -j6 all 
arm-none-eabi-gcc "../Core/Src/main.c" -mcpu=cortex-m4 -std=gnu11 -g3 -DDEBUG -DUSE_HAL_DRIVER -DSTM32L452xx -c -I../Core/Inc -I../Drivers/STM32L4xx_HAL_Driver/Inc -I../Drivers/STM32L4xx_HAL_Driver/Inc/Legacy -I../Drivers/CMSIS/Device/ST/STM32L4xx/Include -I../Drivers/CMSIS/Include -O0 -ffunction-sections -fdata-sections -Wall -fstack-usage -MMD -MP -MF"Core/Src/main.d" -MT"Core/Src/main.o" --specs=nano.specs -mfpu=fpv4-sp-d16 -mfloat-abi=hard -mthumb -o "Core/Src/main.o"
../Core/Src/main.c: In function 'main':
../Core/Src/main.c:98:5: error: expected '}' before numeric constant
   98 |     22,0x11111};
      |     ^~
../Core/Src/main.c:97:21: note: to match this '{'
   97 |   uint32_t nums[] = {0x11111,0x220
      |                     ^
../Core/Src/main.c:100:25: warning: passing argument 2 of 'Flash_Write' from incompatible pointer type [-Wincompatible-pointer-types]
  100 |   Flash_Write(0x807f800,nums,3);
      |                         ^~~~
      |                         |
      |                         uint32_t * {aka long unsigned int *}
In file included from ../Core/Src/main.c:26:
../Core/Inc/Flash_driver.h:12:57: note: expected 'uint8_t *' {aka 'unsigned char *'} but argument is of type 'uint32_t *' {aka 'long unsigned int *'}
   12 | HAL_StatusTypeDef Flash_Write(uint32_t address,uint8_t *buf,size_t num_bytes);
      |                                                ~~~~~~~~~^~~
../Core/Src/main.c:103:24: warning: passing argument 2 of 'Flash_Read' from incompatible pointer type [-Wincompatible-pointer-types]
  103 |   Flash_Read(0x807f800,read_nums,3);
      |                        ^~~~~~~~~
      |                        |
      |                        uint32_t * {aka long unsigned int *}
In file included from ../Core/Src/main.c:26:
../Core/Inc/Flash_driver.h:11:56: note: expected 'uint8_t *' {aka 'unsigned char *'} but argument is of type 'uint32_t *' {aka 'long unsigned int *'}
   11 | HAL_StatusTypeDef Flash_Read(uint32_t address,uint8_t *buf,size_t num_bytes);
      |                                               ~~~~~~~~~^~~
make: *** [Core/Src/subdir.mk:37: Core/Src/main.o] Error 1
"make -j6 all" terminated with exit code 2. Build might be incomplete.
18:29:13 **** Incremental Build of configuration Debug for project flashTest ****
make -j6 all 
arm-none-eabi-gcc "../Core/Src/main.c" -mcpu=cortex-m4 -std=gnu11 -g3 -DDEBUG -DUSE_HAL_DRIVER -DSTM32L452xx -c -I../Core/Inc -I../Drivers/STM32L4xx_HAL_Driver/Inc -I../Drivers/STM32L4xx_HAL_Driver/Inc/Legacy -I../Drivers/CMSIS/Device/ST/STM32L4xx/Include -I../Drivers/CMSIS/Include -O0 -ffunction-sections -fdata-sections -Wall -fstack-usage -MMD -MP -MF"Core/Src/main.d" -MT"Core/Src/main.o" --specs=nano.specs -mfpu=fpv4-sp-d16 -mfloat-abi=hard -mthumb -o "Core/Src/main.o"
../Core/Src/main.c: In function 'main':
../Core/Src/main.c:99:25: warning: passing argument 2 of 'Flash_Write' from incompatible pointer type [-Wincompatible-pointer-types]
   99 |   Flash_Write(0x807f800,nums,3);
      |                         ^~~~
      |                         |
      |                         uint32_t * {aka long unsigned int *}
In file included from ../Core/Src/main.c:26:
../Core/Inc/Flash_driver.h:12:57: note: expected 'uint8_t *' {aka 'unsigned char *'} but argument is of type 'uint32_t *' {aka 'long unsigned int *'}
   12 | HAL_StatusTypeDef Flash_Write(uint32_t address,uint8_t *buf,size_t num_bytes);
      |                                                ~~~~~~~~~^~~
../Core/Src/main.c:102:24: warning: passing argument 2 of 'Flash_Read' from incompatible pointer type [-Wincompatible-pointer-types]
  102 |   Flash_Read(0x807f800,read_nums,3);
      |                        ^~~~~~~~~
      |                        |
      |                        uint32_t * {aka long unsigned int *}
In file included from ../Core/Src/main.c:26:
../Core/Inc/Flash_driver.h:11:56: note: expected 'uint8_t *' {aka 'unsigned char *'} but argument is of type 'uint32_t *' {aka 'long unsigned int *'}
   11 | HAL_StatusTypeDef Flash_Read(uint32_t address,uint8_t *buf,size_t num_bytes);
      |                                               ~~~~~~~~~^~~
arm-none-eabi-gcc -o "flashTest.elf" @"objects.list"   -mcpu=cortex-m4 -T"C:\Users\penne\umsats-flash\flashTest\STM32L452RETX_FLASH.ld" --specs=nosys.specs -Wl,-Map="flashTest.map" -Wl,--gc-sections -static --specs=nano.specs -mfpu=fpv4-sp-d16 -mfloat-abi=hard -mthumb -Wl,--start-group -lc -lm -Wl,--end-group
Finished building target: flashTest.elf
 
arm-none-eabi-size   flashTest.elf 
arm-none-eabi-objdump -h -S  flashTest.elf  > "flashTest.list"
   text	   data	    bss	    dec	    hex	filename
  12924	     52	   1700	  14676	   3954	flashTest.elf
Finished building: default.size.stdout
 
Finished building: flashTest.list
 
18:31:59 **** Incremental Build of configuration Debug for project flashTest ****
make -j6 all 
arm-none-eabi-gcc "../Core/Src/main.c" -mcpu=cortex-m4 -std=gnu11 -g3 -DDEBUG -DUSE_HAL_DRIVER -DSTM32L452xx -c -I../Core/Inc -I../Drivers/STM32L4xx_HAL_Driver/Inc -I../Drivers/STM32L4xx_HAL_Driver/Inc/Legacy -I../Drivers/CMSIS/Device/ST/STM32L4xx/Include -I../Drivers/CMSIS/Include -O0 -ffunction-sections -fdata-sections -Wall -fstack-usage -MMD -MP -MF"Core/Src/main.d" -MT"Core/Src/main.o" --specs=nano.specs -mfpu=fpv4-sp-d16 -mfloat-abi=hard -mthumb -o "Core/Src/main.o"
../Core/Src/main.c: In function 'main':
../Core/Src/main.c:99:25: warning: passing argument 2 of 'Flash_Write' from incompatible pointer type [-Wincompatible-pointer-types]
   99 |   Flash_Write(0x807f800,nums,3);
      |                         ^~~~
      |                         |
      |                         uint32_t * {aka long unsigned int *}
In file included from ../Core/Src/main.c:26:
../Core/Inc/Flash_driver.h:12:57: note: expected 'uint8_t *' {aka 'unsigned char *'} but argument is of type 'uint32_t *' {aka 'long unsigned int *'}
   12 | HAL_StatusTypeDef Flash_Write(uint32_t address,uint8_t *buf,size_t num_bytes);
      |                                                ~~~~~~~~~^~~
../Core/Src/main.c:102:24: warning: passing argument 2 of 'Flash_Read' from incompatible pointer type [-Wincompatible-pointer-types]
  102 |   Flash_Read(0x807f800,read_nums,3);
      |                        ^~~~~~~~~
      |                        |
      |                        uint32_t * {aka long unsigned int *}
In file included from ../Core/Src/main.c:26:
../Core/Inc/Flash_driver.h:11:56: note: expected 'uint8_t *' {aka 'unsigned char *'} but argument is of type 'uint32_t *' {aka 'long unsigned int *'}
   11 | HAL_StatusTypeDef Flash_Read(uint32_t address,uint8_t *buf,size_t num_bytes);
      |                                               ~~~~~~~~~^~~
arm-none-eabi-gcc -o "flashTest.elf" @"objects.list"   -mcpu=cortex-m4 -T"C:\Users\penne\umsats-flash\flashTest\STM32L452RETX_FLASH.ld" --specs=nosys.specs -Wl,-Map="flashTest.map" -Wl,--gc-sections -static --specs=nano.specs -mfpu=fpv4-sp-d16 -mfloat-abi=hard -mthumb -Wl,--start-group -lc -lm -Wl,--end-group
Finished building target: flashTest.elf
 
arm-none-eabi-size   flashTest.elf 
arm-none-eabi-objdump -h -S  flashTest.elf  > "flashTest.list"
   text	   data	    bss	    dec	    hex	filename
  12936	     52	   1700	  14688	   3960	flashTest.elf
Finished building: default.size.stdout
 
Finished building: flashTest.list
 
18:33:29 **** Incremental Build of configuration Debug for project flashTest ****
make -j6 all 
arm-none-eabi-gcc "../Core/Src/main.c" -mcpu=cortex-m4 -std=gnu11 -g3 -DDEBUG -DUSE_HAL_DRIVER -DSTM32L452xx -c -I../Core/Inc -I../Drivers/STM32L4xx_HAL_Driver/Inc -I../Drivers/STM32L4xx_HAL_Driver/Inc/Legacy -I../Drivers/CMSIS/Device/ST/STM32L4xx/Include -I../Drivers/CMSIS/Include -O0 -ffunction-sections -fdata-sections -Wall -fstack-usage -MMD -MP -MF"Core/Src/main.d" -MT"Core/Src/main.o" --specs=nano.specs -mfpu=fpv4-sp-d16 -mfloat-abi=hard -mthumb -o "Core/Src/main.o"
../Core/Src/main.c: In function 'main':
../Core/Src/main.c:99:25: warning: passing argument 2 of 'Flash_Write' from incompatible pointer type [-Wincompatible-pointer-types]
   99 |   Flash_Write(0x807f800,nums,3);
      |                         ^~~~
      |                         |
      |                         uint32_t * {aka long unsigned int *}
In file included from ../Core/Src/main.c:26:
../Core/Inc/Flash_driver.h:12:57: note: expected 'uint8_t *' {aka 'unsigned char *'} but argument is of type 'uint32_t *' {aka 'long unsigned int *'}
   12 | HAL_StatusTypeDef Flash_Write(uint32_t address,uint8_t *buf,size_t num_bytes);
      |                                                ~~~~~~~~~^~~
../Core/Src/main.c:102:24: warning: passing argument 2 of 'Flash_Read' from incompatible pointer type [-Wincompatible-pointer-types]
  102 |   Flash_Read(0x807f800,read_nums,3);
      |                        ^~~~~~~~~
      |                        |
      |                        uint32_t * {aka long unsigned int *}
In file included from ../Core/Src/main.c:26:
../Core/Inc/Flash_driver.h:11:56: note: expected 'uint8_t *' {aka 'unsigned char *'} but argument is of type 'uint32_t *' {aka 'long unsigned int *'}
   11 | HAL_StatusTypeDef Flash_Read(uint32_t address,uint8_t *buf,size_t num_bytes);
      |                                               ~~~~~~~~~^~~
arm-none-eabi-gcc -o "flashTest.elf" @"objects.list"   -mcpu=cortex-m4 -T"C:\Users\penne\umsats-flash\flashTest\STM32L452RETX_FLASH.ld" --specs=nosys.specs -Wl,-Map="flashTest.map" -Wl,--gc-sections -static --specs=nano.specs -mfpu=fpv4-sp-d16 -mfloat-abi=hard -mthumb -Wl,--start-group -lc -lm -Wl,--end-group
Finished building target: flashTest.elf
 
arm-none-eabi-size   flashTest.elf 
arm-none-eabi-objdump -h -S  flashTest.elf  > "flashTest.list"
   text	   data	    bss	    dec	    hex	filename
  12936	     52	   1700	  14688	   3960	flashTest.elf
Finished building: default.size.stdout
 
Finished building: flashTest.list
 
18:34:18 **** Incremental Build of configuration Debug for project flashTest ****
make -j6 all 
arm-none-eabi-gcc "../Core/Src/main.c" -mcpu=cortex-m4 -std=gnu11 -g3 -DDEBUG -DUSE_HAL_DRIVER -DSTM32L452xx -c -I../Core/Inc -I../Drivers/STM32L4xx_HAL_Driver/Inc -I../Drivers/STM32L4xx_HAL_Driver/Inc/Legacy -I../Drivers/CMSIS/Device/ST/STM32L4xx/Include -I../Drivers/CMSIS/Include -O0 -ffunction-sections -fdata-sections -Wall -fstack-usage -MMD -MP -MF"Core/Src/main.d" -MT"Core/Src/main.o" --specs=nano.specs -mfpu=fpv4-sp-d16 -mfloat-abi=hard -mthumb -o "Core/Src/main.o"
../Core/Src/main.c: In function 'main':
../Core/Src/main.c:99:25: warning: passing argument 2 of 'Flash_Write' from incompatible pointer type [-Wincompatible-pointer-types]
   99 |   Flash_Write(0x807f800,nums,5);
      |                         ^~~~
      |                         |
      |                         uint32_t * {aka long unsigned int *}
In file included from ../Core/Src/main.c:26:
../Core/Inc/Flash_driver.h:12:57: note: expected 'uint8_t *' {aka 'unsigned char *'} but argument is of type 'uint32_t *' {aka 'long unsigned int *'}
   12 | HAL_StatusTypeDef Flash_Write(uint32_t address,uint8_t *buf,size_t num_bytes);
      |                                                ~~~~~~~~~^~~
../Core/Src/main.c:102:24: warning: passing argument 2 of 'Flash_Read' from incompatible pointer type [-Wincompatible-pointer-types]
  102 |   Flash_Read(0x807f800,read_nums,5);
      |                        ^~~~~~~~~
      |                        |
      |                        uint32_t * {aka long unsigned int *}
In file included from ../Core/Src/main.c:26:
../Core/Inc/Flash_driver.h:11:56: note: expected 'uint8_t *' {aka 'unsigned char *'} but argument is of type 'uint32_t *' {aka 'long unsigned int *'}
   11 | HAL_StatusTypeDef Flash_Read(uint32_t address,uint8_t *buf,size_t num_bytes);
      |                                               ~~~~~~~~~^~~
arm-none-eabi-gcc -o "flashTest.elf" @"objects.list"   -mcpu=cortex-m4 -T"C:\Users\penne\umsats-flash\flashTest\STM32L452RETX_FLASH.ld" --specs=nosys.specs -Wl,-Map="flashTest.map" -Wl,--gc-sections -static --specs=nano.specs -mfpu=fpv4-sp-d16 -mfloat-abi=hard -mthumb -Wl,--start-group -lc -lm -Wl,--end-group
Finished building target: flashTest.elf
 
arm-none-eabi-size   flashTest.elf 
arm-none-eabi-objdump -h -S  flashTest.elf  > "flashTest.list"
   text	   data	    bss	    dec	    hex	filename
  12936	     52	   1700	  14688	   3960	flashTest.elf
Finished building: default.size.stdout
 
Finished building: flashTest.list
 
18:36:02 **** Incremental Build of configuration Debug for project flashTest ****
make -j6 all 
arm-none-eabi-gcc "../Core/Src/main.c" -mcpu=cortex-m4 -std=gnu11 -g3 -DDEBUG -DUSE_HAL_DRIVER -DSTM32L452xx -c -I../Core/Inc -I../Drivers/STM32L4xx_HAL_Driver/Inc -I../Drivers/STM32L4xx_HAL_Driver/Inc/Legacy -I../Drivers/CMSIS/Device/ST/STM32L4xx/Include -I../Drivers/CMSIS/Include -O0 -ffunction-sections -fdata-sections -Wall -fstack-usage -MMD -MP -MF"Core/Src/main.d" -MT"Core/Src/main.o" --specs=nano.specs -mfpu=fpv4-sp-d16 -mfloat-abi=hard -mthumb -o "Core/Src/main.o"
../Core/Src/main.c: In function 'main':
../Core/Src/main.c:99:25: warning: passing argument 2 of 'Flash_Write' from incompatible pointer type [-Wincompatible-pointer-types]
   99 |   Flash_Write(0x807f800,nums,5);
      |                         ^~~~
      |                         |
      |                         uint32_t * {aka long unsigned int *}
In file included from ../Core/Src/main.c:26:
../Core/Inc/Flash_driver.h:12:57: note: expected 'uint8_t *' {aka 'unsigned char *'} but argument is of type 'uint32_t *' {aka 'long unsigned int *'}
   12 | HAL_StatusTypeDef Flash_Write(uint32_t address,uint8_t *buf,size_t num_bytes);
      |                                                ~~~~~~~~~^~~
../Core/Src/main.c:100:25: warning: passing argument 2 of 'Flash_Write' from incompatible pointer type [-Wincompatible-pointer-types]
  100 |   Flash_Write(0x807f801,nums,5);
      |                         ^~~~
      |                         |
      |                         uint32_t * {aka long unsigned int *}
In file included from ../Core/Src/main.c:26:
../Core/Inc/Flash_driver.h:12:57: note: expected 'uint8_t *' {aka 'unsigned char *'} but argument is of type 'uint32_t *' {aka 'long unsigned int *'}
   12 | HAL_StatusTypeDef Flash_Write(uint32_t address,uint8_t *buf,size_t num_bytes);
      |                                                ~~~~~~~~~^~~
../Core/Src/main.c:104:24: warning: passing argument 2 of 'Flash_Read' from incompatible pointer type [-Wincompatible-pointer-types]
  104 |   Flash_Read(0x807f800,read_nums,5);
      |                        ^~~~~~~~~
      |                        |
      |                        uint32_t * {aka long unsigned int *}
In file included from ../Core/Src/main.c:26:
../Core/Inc/Flash_driver.h:11:56: note: expected 'uint8_t *' {aka 'unsigned char *'} but argument is of type 'uint32_t *' {aka 'long unsigned int *'}
   11 | HAL_StatusTypeDef Flash_Read(uint32_t address,uint8_t *buf,size_t num_bytes);
      |                                               ~~~~~~~~~^~~
arm-none-eabi-gcc -o "flashTest.elf" @"objects.list"   -mcpu=cortex-m4 -T"C:\Users\penne\umsats-flash\flashTest\STM32L452RETX_FLASH.ld" --specs=nosys.specs -Wl,-Map="flashTest.map" -Wl,--gc-sections -static --specs=nano.specs -mfpu=fpv4-sp-d16 -mfloat-abi=hard -mthumb -Wl,--start-group -lc -lm -Wl,--end-group
Finished building target: flashTest.elf
 
arm-none-eabi-size   flashTest.elf 
arm-none-eabi-objdump -h -S  flashTest.elf  > "flashTest.list"
   text	   data	    bss	    dec	    hex	filename
  12952	     52	   1700	  14704	   3970	flashTest.elf
Finished building: default.size.stdout
 
Finished building: flashTest.list
 
18:36:49 **** Incremental Build of configuration Debug for project flashTest ****
make -j6 all 
arm-none-eabi-gcc "../Core/Src/main.c" -mcpu=cortex-m4 -std=gnu11 -g3 -DDEBUG -DUSE_HAL_DRIVER -DSTM32L452xx -c -I../Core/Inc -I../Drivers/STM32L4xx_HAL_Driver/Inc -I../Drivers/STM32L4xx_HAL_Driver/Inc/Legacy -I../Drivers/CMSIS/Device/ST/STM32L4xx/Include -I../Drivers/CMSIS/Include -O0 -ffunction-sections -fdata-sections -Wall -fstack-usage -MMD -MP -MF"Core/Src/main.d" -MT"Core/Src/main.o" --specs=nano.specs -mfpu=fpv4-sp-d16 -mfloat-abi=hard -mthumb -o "Core/Src/main.o"
../Core/Src/main.c: In function 'main':
../Core/Src/main.c:99:25: warning: passing argument 2 of 'Flash_Write' from incompatible pointer type [-Wincompatible-pointer-types]
   99 |   Flash_Write(0x807f800,nums,5);
      |                         ^~~~
      |                         |
      |                         uint32_t * {aka long unsigned int *}
In file included from ../Core/Src/main.c:26:
../Core/Inc/Flash_driver.h:12:57: note: expected 'uint8_t *' {aka 'unsigned char *'} but argument is of type 'uint32_t *' {aka 'long unsigned int *'}
   12 | HAL_StatusTypeDef Flash_Write(uint32_t address,uint8_t *buf,size_t num_bytes);
      |                                                ~~~~~~~~~^~~
../Core/Src/main.c:100:25: warning: passing argument 2 of 'Flash_Write' from incompatible pointer type [-Wincompatible-pointer-types]
  100 |   Flash_Write(0x807f810,nums,5);
      |                         ^~~~
      |                         |
      |                         uint32_t * {aka long unsigned int *}
In file included from ../Core/Src/main.c:26:
../Core/Inc/Flash_driver.h:12:57: note: expected 'uint8_t *' {aka 'unsigned char *'} but argument is of type 'uint32_t *' {aka 'long unsigned int *'}
   12 | HAL_StatusTypeDef Flash_Write(uint32_t address,uint8_t *buf,size_t num_bytes);
      |                                                ~~~~~~~~~^~~
../Core/Src/main.c:104:24: warning: passing argument 2 of 'Flash_Read' from incompatible pointer type [-Wincompatible-pointer-types]
  104 |   Flash_Read(0x807f800,read_nums,5);
      |                        ^~~~~~~~~
      |                        |
      |                        uint32_t * {aka long unsigned int *}
In file included from ../Core/Src/main.c:26:
../Core/Inc/Flash_driver.h:11:56: note: expected 'uint8_t *' {aka 'unsigned char *'} but argument is of type 'uint32_t *' {aka 'long unsigned int *'}
   11 | HAL_StatusTypeDef Flash_Read(uint32_t address,uint8_t *buf,size_t num_bytes);
      |                                               ~~~~~~~~~^~~
arm-none-eabi-gcc -o "flashTest.elf" @"objects.list"   -mcpu=cortex-m4 -T"C:\Users\penne\umsats-flash\flashTest\STM32L452RETX_FLASH.ld" --specs=nosys.specs -Wl,-Map="flashTest.map" -Wl,--gc-sections -static --specs=nano.specs -mfpu=fpv4-sp-d16 -mfloat-abi=hard -mthumb -Wl,--start-group -lc -lm -Wl,--end-group
Finished building target: flashTest.elf
 
arm-none-eabi-size   flashTest.elf 
arm-none-eabi-objdump -h -S  flashTest.elf  > "flashTest.list"
   text	   data	    bss	    dec	    hex	filename
  12952	     52	   1700	  14704	   3970	flashTest.elf
Finished building: default.size.stdout
 
Finished building: flashTest.list
 
18:38:35 **** Incremental Build of configuration Debug for project flashTest ****
make -j6 all 
arm-none-eabi-gcc "../Core/Src/Flash_driver.c" -mcpu=cortex-m4 -std=gnu11 -g3 -DDEBUG -DUSE_HAL_DRIVER -DSTM32L452xx -c -I../Core/Inc -I../Drivers/STM32L4xx_HAL_Driver/Inc -I../Drivers/STM32L4xx_HAL_Driver/Inc/Legacy -I../Drivers/CMSIS/Device/ST/STM32L4xx/Include -I../Drivers/CMSIS/Include -O0 -ffunction-sections -fdata-sections -Wall -fstack-usage -MMD -MP -MF"Core/Src/Flash_driver.d" -MT"Core/Src/Flash_driver.o" --specs=nano.specs -mfpu=fpv4-sp-d16 -mfloat-abi=hard -mthumb -o "Core/Src/Flash_driver.o"
../Core/Src/Flash_driver.c: In function 'Flash_Write':
../Core/Src/Flash_driver.c:29:68: warning: passing argument 2 of 'HAL_FLASH_Program' makes integer from pointer without a cast [-Wint-conversion]
   29 |       HAL_FLASH_Program(FLASH_TYPEPROGRAM_DOUBLEWORD,start_address + i, *(buf + i));
      |                                                      ~~~~~~~~~~~~~~^~~
      |                                                                    |
      |                                                                    uint32_t * {aka long unsigned int *}
In file included from ../Core/Inc/stm32l4xx_hal_conf.h:330,
                 from ../Drivers/STM32L4xx_HAL_Driver/Inc/stm32l4xx_hal.h:29,
                 from ../Drivers/CMSIS/Device/ST/STM32L4xx/Include/stm32l4xx.h:288,
                 from ../Core/Src/Flash_driver.c:1:
../Drivers/STM32L4xx_HAL_Driver/Inc/stm32l4xx_hal_flash.h:783:69: note: expected 'uint32_t' {aka 'long unsigned int'} but argument is of type 'uint32_t *' {aka 'long unsigned int *'}
  783 | HAL_StatusTypeDef  HAL_FLASH_Program(uint32_t TypeProgram, uint32_t Address, uint64_t Data);
      |                                                            ~~~~~~~~~^~~~~~~
../Core/Src/Flash_driver.c: In function 'Flash_Erase_Address':
../Core/Src/Flash_driver.c:55:27: warning: initialization of 'uint8_t *' {aka 'unsigned char *'} from 'int' makes pointer from integer without a cast [-Wint-conversion]
   55 |  uint8_t *start_address = start_page * 0x800 + 0x8000000;
      |                           ^~~~~~~~~~
../Core/Src/Flash_driver.c:69:19: warning: initialization of 'uint32_t' {aka 'long unsigned int'} from 'uint8_t *' {aka 'unsigned char *'} makes integer from pointer without a cast [-Wint-conversion]
   69 |  for(uint32_t i = start_address;i<start_address+0x800;i++){
      |                   ^~~~~~~~~~~~~
../Core/Src/Flash_driver.c:69:34: warning: comparison between pointer and integer
   69 |  for(uint32_t i = start_address;i<start_address+0x800;i++){
      |                                  ^
arm-none-eabi-gcc -o "flashTest.elf" @"objects.list"   -mcpu=cortex-m4 -T"C:\Users\penne\umsats-flash\flashTest\STM32L452RETX_FLASH.ld" --specs=nosys.specs -Wl,-Map="flashTest.map" -Wl,--gc-sections -static --specs=nano.specs -mfpu=fpv4-sp-d16 -mfloat-abi=hard -mthumb -Wl,--start-group -lc -lm -Wl,--end-group
Finished building target: flashTest.elf
 
arm-none-eabi-size   flashTest.elf 
arm-none-eabi-objdump -h -S  flashTest.elf  > "flashTest.list"
   text	   data	    bss	    dec	    hex	filename
  12956	     52	   1700	  14708	   3974	flashTest.elf
Finished building: default.size.stdout
 
Finished building: flashTest.list
 
18:39:27 **** Incremental Build of configuration Debug for project flashTest ****
make -j6 all 
arm-none-eabi-gcc "../Core/Src/main.c" -mcpu=cortex-m4 -std=gnu11 -g3 -DDEBUG -DUSE_HAL_DRIVER -DSTM32L452xx -c -I../Core/Inc -I../Drivers/STM32L4xx_HAL_Driver/Inc -I../Drivers/STM32L4xx_HAL_Driver/Inc/Legacy -I../Drivers/CMSIS/Device/ST/STM32L4xx/Include -I../Drivers/CMSIS/Include -O0 -ffunction-sections -fdata-sections -Wall -fstack-usage -MMD -MP -MF"Core/Src/main.d" -MT"Core/Src/main.o" --specs=nano.specs -mfpu=fpv4-sp-d16 -mfloat-abi=hard -mthumb -o "Core/Src/main.o"
../Core/Src/main.c: In function 'main':
../Core/Src/main.c:99:25: warning: passing argument 2 of 'Flash_Write' from incompatible pointer type [-Wincompatible-pointer-types]
   99 |   Flash_Write(0x807f800,nums,5);
      |                         ^~~~
      |                         |
      |                         uint32_t * {aka long unsigned int *}
In file included from ../Core/Src/main.c:26:
../Core/Inc/Flash_driver.h:12:57: note: expected 'uint8_t *' {aka 'unsigned char *'} but argument is of type 'uint32_t *' {aka 'long unsigned int *'}
   12 | HAL_StatusTypeDef Flash_Write(uint32_t address,uint8_t *buf,size_t num_bytes);
      |                                                ~~~~~~~~~^~~
../Core/Src/main.c:104:24: warning: passing argument 2 of 'Flash_Read' from incompatible pointer type [-Wincompatible-pointer-types]
  104 |   Flash_Read(0x807f800,read_nums,5);
      |                        ^~~~~~~~~
      |                        |
      |                        uint32_t * {aka long unsigned int *}
In file included from ../Core/Src/main.c:26:
../Core/Inc/Flash_driver.h:11:56: note: expected 'uint8_t *' {aka 'unsigned char *'} but argument is of type 'uint32_t *' {aka 'long unsigned int *'}
   11 | HAL_StatusTypeDef Flash_Read(uint32_t address,uint8_t *buf,size_t num_bytes);
      |                                               ~~~~~~~~~^~~
arm-none-eabi-gcc -o "flashTest.elf" @"objects.list"   -mcpu=cortex-m4 -T"C:\Users\penne\umsats-flash\flashTest\STM32L452RETX_FLASH.ld" --specs=nosys.specs -Wl,-Map="flashTest.map" -Wl,--gc-sections -static --specs=nano.specs -mfpu=fpv4-sp-d16 -mfloat-abi=hard -mthumb -Wl,--start-group -lc -lm -Wl,--end-group
Finished building target: flashTest.elf
 
arm-none-eabi-size   flashTest.elf 
arm-none-eabi-objdump -h -S  flashTest.elf  > "flashTest.list"
   text	   data	    bss	    dec	    hex	filename
  12940	     52	   1700	  14692	   3964	flashTest.elf
Finished building: default.size.stdout
 
Finished building: flashTest.list
 
18:40:23 **** Incremental Build of configuration Debug for project flashTest ****
make -j6 all 
arm-none-eabi-gcc "../Core/Src/main.c" -mcpu=cortex-m4 -std=gnu11 -g3 -DDEBUG -DUSE_HAL_DRIVER -DSTM32L452xx -c -I../Core/Inc -I../Drivers/STM32L4xx_HAL_Driver/Inc -I../Drivers/STM32L4xx_HAL_Driver/Inc/Legacy -I../Drivers/CMSIS/Device/ST/STM32L4xx/Include -I../Drivers/CMSIS/Include -O0 -ffunction-sections -fdata-sections -Wall -fstack-usage -MMD -MP -MF"Core/Src/main.d" -MT"Core/Src/main.o" --specs=nano.specs -mfpu=fpv4-sp-d16 -mfloat-abi=hard -mthumb -o "Core/Src/main.o"
../Core/Src/main.c: In function 'main':
../Core/Src/main.c:99:25: warning: passing argument 2 of 'Flash_Write' from incompatible pointer type [-Wincompatible-pointer-types]
   99 |   Flash_Write(0x807f800,nums,5);
      |                         ^~~~
      |                         |
      |                         uint32_t * {aka long unsigned int *}
In file included from ../Core/Src/main.c:26:
../Core/Inc/Flash_driver.h:12:57: note: expected 'uint8_t *' {aka 'unsigned char *'} but argument is of type 'uint32_t *' {aka 'long unsigned int *'}
   12 | HAL_StatusTypeDef Flash_Write(uint32_t address,uint8_t *buf,size_t num_bytes);
      |                                                ~~~~~~~~~^~~
../Core/Src/main.c:104:24: warning: passing argument 2 of 'Flash_Read' from incompatible pointer type [-Wincompatible-pointer-types]
  104 |   Flash_Read(0x807f800,read_nums,5);
      |                        ^~~~~~~~~
      |                        |
      |                        uint32_t * {aka long unsigned int *}
In file included from ../Core/Src/main.c:26:
../Core/Inc/Flash_driver.h:11:56: note: expected 'uint8_t *' {aka 'unsigned char *'} but argument is of type 'uint32_t *' {aka 'long unsigned int *'}
   11 | HAL_StatusTypeDef Flash_Read(uint32_t address,uint8_t *buf,size_t num_bytes);
      |                                               ~~~~~~~~~^~~
arm-none-eabi-gcc -o "flashTest.elf" @"objects.list"   -mcpu=cortex-m4 -T"C:\Users\penne\umsats-flash\flashTest\STM32L452RETX_FLASH.ld" --specs=nosys.specs -Wl,-Map="flashTest.map" -Wl,--gc-sections -static --specs=nano.specs -mfpu=fpv4-sp-d16 -mfloat-abi=hard -mthumb -Wl,--start-group -lc -lm -Wl,--end-group
Finished building target: flashTest.elf
 
arm-none-eabi-size   flashTest.elf 
arm-none-eabi-objdump -h -S  flashTest.elf  > "flashTest.list"
   text	   data	    bss	    dec	    hex	filename
  12940	     52	   1700	  14692	   3964	flashTest.elf
Finished building: default.size.stdout
 
Finished building: flashTest.list
 
18:42:12 **** Incremental Build of configuration Debug for project flashTest ****
make -j6 all 
arm-none-eabi-size   flashTest.elf 
   text	   data	    bss	    dec	    hex	filename
  12940	     52	   1700	  14692	   3964	flashTest.elf
Finished building: default.size.stdout
 
18:43:08 **** Incremental Build of configuration Debug for project flashTest ****
make -j6 all 
arm-none-eabi-gcc "../Core/Src/main.c" -mcpu=cortex-m4 -std=gnu11 -g3 -DDEBUG -DUSE_HAL_DRIVER -DSTM32L452xx -c -I../Core/Inc -I../Drivers/STM32L4xx_HAL_Driver/Inc -I../Drivers/STM32L4xx_HAL_Driver/Inc/Legacy -I../Drivers/CMSIS/Device/ST/STM32L4xx/Include -I../Drivers/CMSIS/Include -O0 -ffunction-sections -fdata-sections -Wall -fstack-usage -MMD -MP -MF"Core/Src/main.d" -MT"Core/Src/main.o" --specs=nano.specs -mfpu=fpv4-sp-d16 -mfloat-abi=hard -mthumb -o "Core/Src/main.o"
../Core/Src/main.c: In function 'main':
../Core/Src/main.c:99:25: warning: passing argument 2 of 'Flash_Write' from incompatible pointer type [-Wincompatible-pointer-types]
   99 |   Flash_Write(0x807f800,nums,5);
      |                         ^~~~
      |                         |
      |                         uint32_t * {aka long unsigned int *}
In file included from ../Core/Src/main.c:26:
../Core/Inc/Flash_driver.h:12:57: note: expected 'uint8_t *' {aka 'unsigned char *'} but argument is of type 'uint32_t *' {aka 'long unsigned int *'}
   12 | HAL_StatusTypeDef Flash_Write(uint32_t address,uint8_t *buf,size_t num_bytes);
      |                                                ~~~~~~~~~^~~
../Core/Src/main.c:102:24: warning: passing argument 2 of 'Flash_Read' from incompatible pointer type [-Wincompatible-pointer-types]
  102 |   Flash_Read(0x807f800,read_nums,5);
      |                        ^~~~~~~~~
      |                        |
      |                        uint32_t * {aka long unsigned int *}
In file included from ../Core/Src/main.c:26:
../Core/Inc/Flash_driver.h:11:56: note: expected 'uint8_t *' {aka 'unsigned char *'} but argument is of type 'uint32_t *' {aka 'long unsigned int *'}
   11 | HAL_StatusTypeDef Flash_Read(uint32_t address,uint8_t *buf,size_t num_bytes);
      |                                               ~~~~~~~~~^~~
arm-none-eabi-gcc -o "flashTest.elf" @"objects.list"   -mcpu=cortex-m4 -T"C:\Users\penne\umsats-flash\flashTest\STM32L452RETX_FLASH.ld" --specs=nosys.specs -Wl,-Map="flashTest.map" -Wl,--gc-sections -static --specs=nano.specs -mfpu=fpv4-sp-d16 -mfloat-abi=hard -mthumb -Wl,--start-group -lc -lm -Wl,--end-group
Finished building target: flashTest.elf
 
arm-none-eabi-size   flashTest.elf 
arm-none-eabi-objdump -h -S  flashTest.elf  > "flashTest.list"
   text	   data	    bss	    dec	    hex	filename
  12940	     52	   1700	  14692	   3964	flashTest.elf
Finished building: default.size.stdout
 
Finished building: flashTest.list
 
18:44:47 **** Incremental Build of configuration Debug for project flashTest ****
make -j6 all 
arm-none-eabi-gcc "../Core/Src/main.c" -mcpu=cortex-m4 -std=gnu11 -g3 -DDEBUG -DUSE_HAL_DRIVER -DSTM32L452xx -c -I../Core/Inc -I../Drivers/STM32L4xx_HAL_Driver/Inc -I../Drivers/STM32L4xx_HAL_Driver/Inc/Legacy -I../Drivers/CMSIS/Device/ST/STM32L4xx/Include -I../Drivers/CMSIS/Include -O0 -ffunction-sections -fdata-sections -Wall -fstack-usage -MMD -MP -MF"Core/Src/main.d" -MT"Core/Src/main.o" --specs=nano.specs -mfpu=fpv4-sp-d16 -mfloat-abi=hard -mthumb -o "Core/Src/main.o"
../Core/Src/main.c: In function 'main':
../Core/Src/main.c:99:25: warning: passing argument 2 of 'Flash_Write' from incompatible pointer type [-Wincompatible-pointer-types]
   99 |   Flash_Write(0x807f800,nums,5);
      |                         ^~~~
      |                         |
      |                         uint32_t * {aka long unsigned int *}
In file included from ../Core/Src/main.c:26:
../Core/Inc/Flash_driver.h:12:57: note: expected 'uint8_t *' {aka 'unsigned char *'} but argument is of type 'uint32_t *' {aka 'long unsigned int *'}
   12 | HAL_StatusTypeDef Flash_Write(uint32_t address,uint8_t *buf,size_t num_bytes);
      |                                                ~~~~~~~~~^~~
../Core/Src/main.c:102:24: warning: passing argument 2 of 'Flash_Read' from incompatible pointer type [-Wincompatible-pointer-types]
  102 |   Flash_Read(0x807f800,read_nums,5);
      |                        ^~~~~~~~~
      |                        |
      |                        uint32_t * {aka long unsigned int *}
In file included from ../Core/Src/main.c:26:
../Core/Inc/Flash_driver.h:11:56: note: expected 'uint8_t *' {aka 'unsigned char *'} but argument is of type 'uint32_t *' {aka 'long unsigned int *'}
   11 | HAL_StatusTypeDef Flash_Read(uint32_t address,uint8_t *buf,size_t num_bytes);
      |                                               ~~~~~~~~~^~~
arm-none-eabi-gcc -o "flashTest.elf" @"objects.list"   -mcpu=cortex-m4 -T"C:\Users\penne\umsats-flash\flashTest\STM32L452RETX_FLASH.ld" --specs=nosys.specs -Wl,-Map="flashTest.map" -Wl,--gc-sections -static --specs=nano.specs -mfpu=fpv4-sp-d16 -mfloat-abi=hard -mthumb -Wl,--start-group -lc -lm -Wl,--end-group
Finished building target: flashTest.elf
 
arm-none-eabi-size   flashTest.elf 
arm-none-eabi-objdump -h -S  flashTest.elf  > "flashTest.list"
   text	   data	    bss	    dec	    hex	filename
  12940	     52	   1700	  14692	   3964	flashTest.elf
Finished building: default.size.stdout
 
Finished building: flashTest.list
 
18:45:29 **** Incremental Build of configuration Debug for project flashTest ****
make -j6 all 
arm-none-eabi-gcc "../Core/Src/main.c" -mcpu=cortex-m4 -std=gnu11 -g3 -DDEBUG -DUSE_HAL_DRIVER -DSTM32L452xx -c -I../Core/Inc -I../Drivers/STM32L4xx_HAL_Driver/Inc -I../Drivers/STM32L4xx_HAL_Driver/Inc/Legacy -I../Drivers/CMSIS/Device/ST/STM32L4xx/Include -I../Drivers/CMSIS/Include -O0 -ffunction-sections -fdata-sections -Wall -fstack-usage -MMD -MP -MF"Core/Src/main.d" -MT"Core/Src/main.o" --specs=nano.specs -mfpu=fpv4-sp-d16 -mfloat-abi=hard -mthumb -o "Core/Src/main.o"
../Core/Src/main.c: In function 'main':
../Core/Src/main.c:99:25: warning: passing argument 2 of 'Flash_Write' from incompatible pointer type [-Wincompatible-pointer-types]
   99 |   Flash_Write(0x807f800,nums,5);
      |                         ^~~~
      |                         |
      |                         uint32_t * {aka long unsigned int *}
In file included from ../Core/Src/main.c:26:
../Core/Inc/Flash_driver.h:12:57: note: expected 'uint8_t *' {aka 'unsigned char *'} but argument is of type 'uint32_t *' {aka 'long unsigned int *'}
   12 | HAL_StatusTypeDef Flash_Write(uint32_t address,uint8_t *buf,size_t num_bytes);
      |                                                ~~~~~~~~~^~~
../Core/Src/main.c:102:24: warning: passing argument 2 of 'Flash_Read' from incompatible pointer type [-Wincompatible-pointer-types]
  102 |   Flash_Read(0x807f800,read_nums,5);
      |                        ^~~~~~~~~
      |                        |
      |                        uint32_t * {aka long unsigned int *}
In file included from ../Core/Src/main.c:26:
../Core/Inc/Flash_driver.h:11:56: note: expected 'uint8_t *' {aka 'unsigned char *'} but argument is of type 'uint32_t *' {aka 'long unsigned int *'}
   11 | HAL_StatusTypeDef Flash_Read(uint32_t address,uint8_t *buf,size_t num_bytes);
      |                                               ~~~~~~~~~^~~
arm-none-eabi-gcc -o "flashTest.elf" @"objects.list"   -mcpu=cortex-m4 -T"C:\Users\penne\umsats-flash\flashTest\STM32L452RETX_FLASH.ld" --specs=nosys.specs -Wl,-Map="flashTest.map" -Wl,--gc-sections -static --specs=nano.specs -mfpu=fpv4-sp-d16 -mfloat-abi=hard -mthumb -Wl,--start-group -lc -lm -Wl,--end-group
Finished building target: flashTest.elf
 
arm-none-eabi-size   flashTest.elf 
arm-none-eabi-objdump -h -S  flashTest.elf  > "flashTest.list"
   text	   data	    bss	    dec	    hex	filename
  12940	     52	   1700	  14692	   3964	flashTest.elf
Finished building: default.size.stdout
 
Finished building: flashTest.list
 
18:46:05 **** Incremental Build of configuration Debug for project flashTest ****
make -j6 all 
arm-none-eabi-gcc "../Core/Src/main.c" -mcpu=cortex-m4 -std=gnu11 -g3 -DDEBUG -DUSE_HAL_DRIVER -DSTM32L452xx -c -I../Core/Inc -I../Drivers/STM32L4xx_HAL_Driver/Inc -I../Drivers/STM32L4xx_HAL_Driver/Inc/Legacy -I../Drivers/CMSIS/Device/ST/STM32L4xx/Include -I../Drivers/CMSIS/Include -O0 -ffunction-sections -fdata-sections -Wall -fstack-usage -MMD -MP -MF"Core/Src/main.d" -MT"Core/Src/main.o" --specs=nano.specs -mfpu=fpv4-sp-d16 -mfloat-abi=hard -mthumb -o "Core/Src/main.o"
../Core/Src/main.c: In function 'main':
../Core/Src/main.c:99:25: warning: passing argument 2 of 'Flash_Write' from incompatible pointer type [-Wincompatible-pointer-types]
   99 |   Flash_Write(0x807f800,nums,5);
      |                         ^~~~
      |                         |
      |                         uint32_t * {aka long unsigned int *}
In file included from ../Core/Src/main.c:26:
../Core/Inc/Flash_driver.h:12:57: note: expected 'uint8_t *' {aka 'unsigned char *'} but argument is of type 'uint32_t *' {aka 'long unsigned int *'}
   12 | HAL_StatusTypeDef Flash_Write(uint32_t address,uint8_t *buf,size_t num_bytes);
      |                                                ~~~~~~~~~^~~
../Core/Src/main.c:102:24: warning: passing argument 2 of 'Flash_Read' from incompatible pointer type [-Wincompatible-pointer-types]
  102 |   Flash_Read(0x807f800,read_nums,5);
      |                        ^~~~~~~~~
      |                        |
      |                        uint32_t * {aka long unsigned int *}
In file included from ../Core/Src/main.c:26:
../Core/Inc/Flash_driver.h:11:56: note: expected 'uint8_t *' {aka 'unsigned char *'} but argument is of type 'uint32_t *' {aka 'long unsigned int *'}
   11 | HAL_StatusTypeDef Flash_Read(uint32_t address,uint8_t *buf,size_t num_bytes);
      |                                               ~~~~~~~~~^~~
arm-none-eabi-gcc -o "flashTest.elf" @"objects.list"   -mcpu=cortex-m4 -T"C:\Users\penne\umsats-flash\flashTest\STM32L452RETX_FLASH.ld" --specs=nosys.specs -Wl,-Map="flashTest.map" -Wl,--gc-sections -static --specs=nano.specs -mfpu=fpv4-sp-d16 -mfloat-abi=hard -mthumb -Wl,--start-group -lc -lm -Wl,--end-group
Finished building target: flashTest.elf
 
arm-none-eabi-size   flashTest.elf 
arm-none-eabi-objdump -h -S  flashTest.elf  > "flashTest.list"
   text	   data	    bss	    dec	    hex	filename
  12940	     52	   1700	  14692	   3964	flashTest.elf
Finished building: default.size.stdout
 
Finished building: flashTest.list
 
18:46:52 **** Incremental Build of configuration Debug for project flashTest ****
make -j6 all 
arm-none-eabi-gcc "../Core/Src/main.c" -mcpu=cortex-m4 -std=gnu11 -g3 -DDEBUG -DUSE_HAL_DRIVER -DSTM32L452xx -c -I../Core/Inc -I../Drivers/STM32L4xx_HAL_Driver/Inc -I../Drivers/STM32L4xx_HAL_Driver/Inc/Legacy -I../Drivers/CMSIS/Device/ST/STM32L4xx/Include -I../Drivers/CMSIS/Include -O0 -ffunction-sections -fdata-sections -Wall -fstack-usage -MMD -MP -MF"Core/Src/main.d" -MT"Core/Src/main.o" --specs=nano.specs -mfpu=fpv4-sp-d16 -mfloat-abi=hard -mthumb -o "Core/Src/main.o"
../Core/Src/main.c: In function 'main':
../Core/Src/main.c:99:25: warning: passing argument 2 of 'Flash_Write' from incompatible pointer type [-Wincompatible-pointer-types]
   99 |   Flash_Write(0x807f800,nums,5);
      |                         ^~~~
      |                         |
      |                         uint32_t * {aka long unsigned int *}
In file included from ../Core/Src/main.c:26:
../Core/Inc/Flash_driver.h:12:57: note: expected 'uint8_t *' {aka 'unsigned char *'} but argument is of type 'uint32_t *' {aka 'long unsigned int *'}
   12 | HAL_StatusTypeDef Flash_Write(uint32_t address,uint8_t *buf,size_t num_bytes);
      |                                                ~~~~~~~~~^~~
../Core/Src/main.c:102:24: warning: passing argument 2 of 'Flash_Read' from incompatible pointer type [-Wincompatible-pointer-types]
  102 |   Flash_Read(0x807f800,read_nums,5);
      |                        ^~~~~~~~~
      |                        |
      |                        uint32_t * {aka long unsigned int *}
In file included from ../Core/Src/main.c:26:
../Core/Inc/Flash_driver.h:11:56: note: expected 'uint8_t *' {aka 'unsigned char *'} but argument is of type 'uint32_t *' {aka 'long unsigned int *'}
   11 | HAL_StatusTypeDef Flash_Read(uint32_t address,uint8_t *buf,size_t num_bytes);
      |                                               ~~~~~~~~~^~~
arm-none-eabi-gcc -o "flashTest.elf" @"objects.list"   -mcpu=cortex-m4 -T"C:\Users\penne\umsats-flash\flashTest\STM32L452RETX_FLASH.ld" --specs=nosys.specs -Wl,-Map="flashTest.map" -Wl,--gc-sections -static --specs=nano.specs -mfpu=fpv4-sp-d16 -mfloat-abi=hard -mthumb -Wl,--start-group -lc -lm -Wl,--end-group
Finished building target: flashTest.elf
 
arm-none-eabi-size   flashTest.elf 
arm-none-eabi-objdump -h -S  flashTest.elf  > "flashTest.list"
   text	   data	    bss	    dec	    hex	filename
  12940	     52	   1700	  14692	   3964	flashTest.elf
Finished building: default.size.stdout
 
Finished building: flashTest.list
 
18:47:42 **** Incremental Build of configuration Debug for project flashTest ****
make -j6 all 
arm-none-eabi-gcc "../Core/Src/main.c" -mcpu=cortex-m4 -std=gnu11 -g3 -DDEBUG -DUSE_HAL_DRIVER -DSTM32L452xx -c -I../Core/Inc -I../Drivers/STM32L4xx_HAL_Driver/Inc -I../Drivers/STM32L4xx_HAL_Driver/Inc/Legacy -I../Drivers/CMSIS/Device/ST/STM32L4xx/Include -I../Drivers/CMSIS/Include -O0 -ffunction-sections -fdata-sections -Wall -fstack-usage -MMD -MP -MF"Core/Src/main.d" -MT"Core/Src/main.o" --specs=nano.specs -mfpu=fpv4-sp-d16 -mfloat-abi=hard -mthumb -o "Core/Src/main.o"
../Core/Src/main.c: In function 'main':
../Core/Src/main.c:99:25: warning: passing argument 2 of 'Flash_Write' from incompatible pointer type [-Wincompatible-pointer-types]
   99 |   Flash_Write(0x807f800,nums,5);
      |                         ^~~~
      |                         |
      |                         uint32_t * {aka long unsigned int *}
In file included from ../Core/Src/main.c:26:
../Core/Inc/Flash_driver.h:12:57: note: expected 'uint8_t *' {aka 'unsigned char *'} but argument is of type 'uint32_t *' {aka 'long unsigned int *'}
   12 | HAL_StatusTypeDef Flash_Write(uint32_t address,uint8_t *buf,size_t num_bytes);
      |                                                ~~~~~~~~~^~~
../Core/Src/main.c:102:24: warning: passing argument 2 of 'Flash_Read' from incompatible pointer type [-Wincompatible-pointer-types]
  102 |   Flash_Read(0x807f800,read_nums,5);
      |                        ^~~~~~~~~
      |                        |
      |                        uint32_t * {aka long unsigned int *}
In file included from ../Core/Src/main.c:26:
../Core/Inc/Flash_driver.h:11:56: note: expected 'uint8_t *' {aka 'unsigned char *'} but argument is of type 'uint32_t *' {aka 'long unsigned int *'}
   11 | HAL_StatusTypeDef Flash_Read(uint32_t address,uint8_t *buf,size_t num_bytes);
      |                                               ~~~~~~~~~^~~
arm-none-eabi-gcc -o "flashTest.elf" @"objects.list"   -mcpu=cortex-m4 -T"C:\Users\penne\umsats-flash\flashTest\STM32L452RETX_FLASH.ld" --specs=nosys.specs -Wl,-Map="flashTest.map" -Wl,--gc-sections -static --specs=nano.specs -mfpu=fpv4-sp-d16 -mfloat-abi=hard -mthumb -Wl,--start-group -lc -lm -Wl,--end-group
Finished building target: flashTest.elf
 
arm-none-eabi-size   flashTest.elf 
arm-none-eabi-objdump -h -S  flashTest.elf  > "flashTest.list"
   text	   data	    bss	    dec	    hex	filename
  12940	     52	   1700	  14692	   3964	flashTest.elf
Finished building: default.size.stdout
 
Finished building: flashTest.list
 
18:53:40 **** Incremental Build of configuration Debug for project flashTest ****
make -j6 all 
arm-none-eabi-gcc "../Core/Src/main.c" -mcpu=cortex-m4 -std=gnu11 -g3 -DDEBUG -DUSE_HAL_DRIVER -DSTM32L452xx -c -I../Core/Inc -I../Drivers/STM32L4xx_HAL_Driver/Inc -I../Drivers/STM32L4xx_HAL_Driver/Inc/Legacy -I../Drivers/CMSIS/Device/ST/STM32L4xx/Include -I../Drivers/CMSIS/Include -O0 -ffunction-sections -fdata-sections -Wall -fstack-usage -MMD -MP -MF"Core/Src/main.d" -MT"Core/Src/main.o" --specs=nano.specs -mfpu=fpv4-sp-d16 -mfloat-abi=hard -mthumb -o "Core/Src/main.o"
../Core/Src/main.c: In function 'main':
../Core/Src/main.c:99:25: warning: passing argument 2 of 'Flash_Write' from incompatible pointer type [-Wincompatible-pointer-types]
   99 |   Flash_Write(0x807f800,nums,5);
      |                         ^~~~
      |                         |
      |                         uint32_t * {aka long unsigned int *}
In file included from ../Core/Src/main.c:26:
../Core/Inc/Flash_driver.h:12:57: note: expected 'uint8_t *' {aka 'unsigned char *'} but argument is of type 'uint32_t *' {aka 'long unsigned int *'}
   12 | HAL_StatusTypeDef Flash_Write(uint32_t address,uint8_t *buf,size_t num_bytes);
      |                                                ~~~~~~~~~^~~
../Core/Src/main.c:102:24: warning: passing argument 2 of 'Flash_Read' from incompatible pointer type [-Wincompatible-pointer-types]
  102 |   Flash_Read(0x807f800,read_nums,5);
      |                        ^~~~~~~~~
      |                        |
      |                        uint32_t * {aka long unsigned int *}
In file included from ../Core/Src/main.c:26:
../Core/Inc/Flash_driver.h:11:56: note: expected 'uint8_t *' {aka 'unsigned char *'} but argument is of type 'uint32_t *' {aka 'long unsigned int *'}
   11 | HAL_StatusTypeDef Flash_Read(uint32_t address,uint8_t *buf,size_t num_bytes);
      |                                               ~~~~~~~~~^~~
arm-none-eabi-gcc -o "flashTest.elf" @"objects.list"   -mcpu=cortex-m4 -T"C:\Users\penne\umsats-flash\flashTest\STM32L452RETX_FLASH.ld" --specs=nosys.specs -Wl,-Map="flashTest.map" -Wl,--gc-sections -static --specs=nano.specs -mfpu=fpv4-sp-d16 -mfloat-abi=hard -mthumb -Wl,--start-group -lc -lm -Wl,--end-group
Finished building target: flashTest.elf
 
arm-none-eabi-size   flashTest.elf 
arm-none-eabi-objdump -h -S  flashTest.elf  > "flashTest.list"
   text	   data	    bss	    dec	    hex	filename
  12940	     52	   1700	  14692	   3964	flashTest.elf
Finished building: default.size.stdout
 
Finished building: flashTest.list
 
18:56:27 **** Incremental Build of configuration Debug for project flashTest ****
make -j6 all 
arm-none-eabi-size   flashTest.elf 
   text	   data	    bss	    dec	    hex	filename
  12940	     52	   1700	  14692	   3964	flashTest.elf
Finished building: default.size.stdout
 
18:57:38 **** Incremental Build of configuration Debug for project flashTest ****
make -j6 all 
arm-none-eabi-size   flashTest.elf 
   text	   data	    bss	    dec	    hex	filename
  12940	     52	   1700	  14692	   3964	flashTest.elf
Finished building: default.size.stdout
 
18:58:36 **** Incremental Build of configuration Debug for project flashTest ****
make -j6 all 
arm-none-eabi-size   flashTest.elf 
   text	   data	    bss	    dec	    hex	filename
  12940	     52	   1700	  14692	   3964	flashTest.elf
Finished building: default.size.stdout
 
19:01:07 **** Incremental Build of configuration Debug for project flashTest ****
make -j6 all 
arm-none-eabi-gcc "../Core/Src/main.c" -mcpu=cortex-m4 -std=gnu11 -g3 -DDEBUG -DUSE_HAL_DRIVER -DSTM32L452xx -c -I../Core/Inc -I../Drivers/STM32L4xx_HAL_Driver/Inc -I../Drivers/STM32L4xx_HAL_Driver/Inc/Legacy -I../Drivers/CMSIS/Device/ST/STM32L4xx/Include -I../Drivers/CMSIS/Include -O0 -ffunction-sections -fdata-sections -Wall -fstack-usage -MMD -MP -MF"Core/Src/main.d" -MT"Core/Src/main.o" --specs=nano.specs -mfpu=fpv4-sp-d16 -mfloat-abi=hard -mthumb -o "Core/Src/main.o"
../Core/Src/main.c: In function 'main':
../Core/Src/main.c:99:25: warning: passing argument 2 of 'Flash_Write' from incompatible pointer type [-Wincompatible-pointer-types]
   99 |   Flash_Write(0x807f800,nums,6);
      |                         ^~~~
      |                         |
      |                         uint32_t * {aka long unsigned int *}
In file included from ../Core/Src/main.c:26:
../Core/Inc/Flash_driver.h:12:57: note: expected 'uint8_t *' {aka 'unsigned char *'} but argument is of type 'uint32_t *' {aka 'long unsigned int *'}
   12 | HAL_StatusTypeDef Flash_Write(uint32_t address,uint8_t *buf,size_t num_bytes);
      |                                                ~~~~~~~~~^~~
../Core/Src/main.c:102:24: warning: passing argument 2 of 'Flash_Read' from incompatible pointer type [-Wincompatible-pointer-types]
  102 |   Flash_Read(0x807f800,read_nums,6);
      |                        ^~~~~~~~~
      |                        |
      |                        uint32_t * {aka long unsigned int *}
In file included from ../Core/Src/main.c:26:
../Core/Inc/Flash_driver.h:11:56: note: expected 'uint8_t *' {aka 'unsigned char *'} but argument is of type 'uint32_t *' {aka 'long unsigned int *'}
   11 | HAL_StatusTypeDef Flash_Read(uint32_t address,uint8_t *buf,size_t num_bytes);
      |                                               ~~~~~~~~~^~~
arm-none-eabi-gcc -o "flashTest.elf" @"objects.list"   -mcpu=cortex-m4 -T"C:\Users\penne\umsats-flash\flashTest\STM32L452RETX_FLASH.ld" --specs=nosys.specs -Wl,-Map="flashTest.map" -Wl,--gc-sections -static --specs=nano.specs -mfpu=fpv4-sp-d16 -mfloat-abi=hard -mthumb -Wl,--start-group -lc -lm -Wl,--end-group
Finished building target: flashTest.elf
 
arm-none-eabi-size   flashTest.elf 
arm-none-eabi-objdump -h -S  flashTest.elf  > "flashTest.list"
   text	   data	    bss	    dec	    hex	filename
  12948	     52	   1700	  14700	   396c	flashTest.elf
Finished building: default.size.stdout
 
Finished building: flashTest.list
 
19:02:17 **** Incremental Build of configuration Debug for project flashTest ****
make -j6 all 
arm-none-eabi-gcc "../Core/Src/main.c" -mcpu=cortex-m4 -std=gnu11 -g3 -DDEBUG -DUSE_HAL_DRIVER -DSTM32L452xx -c -I../Core/Inc -I../Drivers/STM32L4xx_HAL_Driver/Inc -I../Drivers/STM32L4xx_HAL_Driver/Inc/Legacy -I../Drivers/CMSIS/Device/ST/STM32L4xx/Include -I../Drivers/CMSIS/Include -O0 -ffunction-sections -fdata-sections -Wall -fstack-usage -MMD -MP -MF"Core/Src/main.d" -MT"Core/Src/main.o" --specs=nano.specs -mfpu=fpv4-sp-d16 -mfloat-abi=hard -mthumb -o "Core/Src/main.o"
../Core/Src/main.c: In function 'main':
../Core/Src/main.c:99:25: warning: passing argument 2 of 'Flash_Write' from incompatible pointer type [-Wincompatible-pointer-types]
   99 |   Flash_Write(0x807f800,nums,7);
      |                         ^~~~
      |                         |
      |                         uint32_t * {aka long unsigned int *}
In file included from ../Core/Src/main.c:26:
../Core/Inc/Flash_driver.h:12:57: note: expected 'uint8_t *' {aka 'unsigned char *'} but argument is of type 'uint32_t *' {aka 'long unsigned int *'}
   12 | HAL_StatusTypeDef Flash_Write(uint32_t address,uint8_t *buf,size_t num_bytes);
      |                                                ~~~~~~~~~^~~
../Core/Src/main.c:102:24: warning: passing argument 2 of 'Flash_Read' from incompatible pointer type [-Wincompatible-pointer-types]
  102 |   Flash_Read(0x807f800,read_nums,7);
      |                        ^~~~~~~~~
      |                        |
      |                        uint32_t * {aka long unsigned int *}
In file included from ../Core/Src/main.c:26:
../Core/Inc/Flash_driver.h:11:56: note: expected 'uint8_t *' {aka 'unsigned char *'} but argument is of type 'uint32_t *' {aka 'long unsigned int *'}
   11 | HAL_StatusTypeDef Flash_Read(uint32_t address,uint8_t *buf,size_t num_bytes);
      |                                               ~~~~~~~~~^~~
arm-none-eabi-gcc -o "flashTest.elf" @"objects.list"   -mcpu=cortex-m4 -T"C:\Users\penne\umsats-flash\flashTest\STM32L452RETX_FLASH.ld" --specs=nosys.specs -Wl,-Map="flashTest.map" -Wl,--gc-sections -static --specs=nano.specs -mfpu=fpv4-sp-d16 -mfloat-abi=hard -mthumb -Wl,--start-group -lc -lm -Wl,--end-group
Finished building target: flashTest.elf
 
arm-none-eabi-size   flashTest.elf 
arm-none-eabi-objdump -h -S  flashTest.elf  > "flashTest.list"
   text	   data	    bss	    dec	    hex	filename
  12952	     52	   1700	  14704	   3970	flashTest.elf
Finished building: default.size.stdout
 
Finished building: flashTest.list
 
19:05:21 **** Incremental Build of configuration Debug for project flashTest ****
make -j6 all 
arm-none-eabi-gcc "../Core/Src/Flash_driver.c" -mcpu=cortex-m4 -std=gnu11 -g3 -DDEBUG -DUSE_HAL_DRIVER -DSTM32L452xx -c -I../Core/Inc -I../Drivers/STM32L4xx_HAL_Driver/Inc -I../Drivers/STM32L4xx_HAL_Driver/Inc/Legacy -I../Drivers/CMSIS/Device/ST/STM32L4xx/Include -I../Drivers/CMSIS/Include -O0 -ffunction-sections -fdata-sections -Wall -fstack-usage -MMD -MP -MF"Core/Src/Flash_driver.d" -MT"Core/Src/Flash_driver.o" --specs=nano.specs -mfpu=fpv4-sp-d16 -mfloat-abi=hard -mthumb -o "Core/Src/Flash_driver.o"
../Core/Src/Flash_driver.c: In function 'Flash_Erase_Address':
../Core/Src/Flash_driver.c:55:27: warning: initialization of 'uint8_t *' {aka 'unsigned char *'} from 'int' makes pointer from integer without a cast [-Wint-conversion]
   55 |  uint8_t *start_address = start_page * 0x800 + 0x8000000;
      |                           ^~~~~~~~~~
../Core/Src/Flash_driver.c:69:19: warning: initialization of 'uint32_t' {aka 'long unsigned int'} from 'uint8_t *' {aka 'unsigned char *'} makes integer from pointer without a cast [-Wint-conversion]
   69 |  for(uint32_t i = start_address;i<start_address+0x800;i++){
      |                   ^~~~~~~~~~~~~
../Core/Src/Flash_driver.c:69:34: warning: comparison between pointer and integer
   69 |  for(uint32_t i = start_address;i<start_address+0x800;i++){
      |                                  ^
arm-none-eabi-gcc -o "flashTest.elf" @"objects.list"   -mcpu=cortex-m4 -T"C:\Users\penne\umsats-flash\flashTest\STM32L452RETX_FLASH.ld" --specs=nosys.specs -Wl,-Map="flashTest.map" -Wl,--gc-sections -static --specs=nano.specs -mfpu=fpv4-sp-d16 -mfloat-abi=hard -mthumb -Wl,--start-group -lc -lm -Wl,--end-group
Finished building target: flashTest.elf
 
arm-none-eabi-size   flashTest.elf 
arm-none-eabi-objdump -h -S  flashTest.elf  > "flashTest.list"
   text	   data	    bss	    dec	    hex	filename
  12948	     52	   1700	  14700	   396c	flashTest.elf
Finished building: default.size.stdout
 
Finished building: flashTest.list
 
19:08:09 **** Incremental Build of configuration Debug for project flashTest ****
make -j6 all 
arm-none-eabi-size   flashTest.elf 
   text	   data	    bss	    dec	    hex	filename
  12948	     52	   1700	  14700	   396c	flashTest.elf
Finished building: default.size.stdout
 
19:09:06 **** Incremental Build of configuration Debug for project flashTest ****
make -j6 all 
arm-none-eabi-gcc "../Core/Src/Flash_driver.c" -mcpu=cortex-m4 -std=gnu11 -g3 -DDEBUG -DUSE_HAL_DRIVER -DSTM32L452xx -c -I../Core/Inc -I../Drivers/STM32L4xx_HAL_Driver/Inc -I../Drivers/STM32L4xx_HAL_Driver/Inc/Legacy -I../Drivers/CMSIS/Device/ST/STM32L4xx/Include -I../Drivers/CMSIS/Include -O0 -ffunction-sections -fdata-sections -Wall -fstack-usage -MMD -MP -MF"Core/Src/Flash_driver.d" -MT"Core/Src/Flash_driver.o" --specs=nano.specs -mfpu=fpv4-sp-d16 -mfloat-abi=hard -mthumb -o "Core/Src/Flash_driver.o"
../Core/Src/Flash_driver.c: In function 'Flash_Write':
../Core/Src/Flash_driver.c:29:68: warning: passing argument 2 of 'HAL_FLASH_Program' makes integer from pointer without a cast [-Wint-conversion]
   29 |       HAL_FLASH_Program(FLASH_TYPEPROGRAM_DOUBLEWORD,start_address + i, *(buf + i));
      |                                                      ~~~~~~~~~~~~~~^~~
      |                                                                    |
      |                                                                    uint32_t * {aka long unsigned int *}
In file included from ../Core/Inc/stm32l4xx_hal_conf.h:330,
                 from ../Drivers/STM32L4xx_HAL_Driver/Inc/stm32l4xx_hal.h:29,
                 from ../Drivers/CMSIS/Device/ST/STM32L4xx/Include/stm32l4xx.h:288,
                 from ../Core/Src/Flash_driver.c:1:
../Drivers/STM32L4xx_HAL_Driver/Inc/stm32l4xx_hal_flash.h:783:69: note: expected 'uint32_t' {aka 'long unsigned int'} but argument is of type 'uint32_t *' {aka 'long unsigned int *'}
  783 | HAL_StatusTypeDef  HAL_FLASH_Program(uint32_t TypeProgram, uint32_t Address, uint64_t Data);
      |                                                            ~~~~~~~~~^~~~~~~
../Core/Src/Flash_driver.c: In function 'Flash_Erase_Address':
../Core/Src/Flash_driver.c:55:27: warning: initialization of 'uint8_t *' {aka 'unsigned char *'} from 'int' makes pointer from integer without a cast [-Wint-conversion]
   55 |  uint8_t *start_address = start_page * 0x800 + 0x8000000;
      |                           ^~~~~~~~~~
../Core/Src/Flash_driver.c:69:19: warning: initialization of 'uint32_t' {aka 'long unsigned int'} from 'uint8_t *' {aka 'unsigned char *'} makes integer from pointer without a cast [-Wint-conversion]
   69 |  for(uint32_t i = start_address;i<start_address+0x800;i++){
      |                   ^~~~~~~~~~~~~
../Core/Src/Flash_driver.c:69:34: warning: comparison between pointer and integer
   69 |  for(uint32_t i = start_address;i<start_address+0x800;i++){
      |                                  ^
arm-none-eabi-gcc -o "flashTest.elf" @"objects.list"   -mcpu=cortex-m4 -T"C:\Users\penne\umsats-flash\flashTest\STM32L452RETX_FLASH.ld" --specs=nosys.specs -Wl,-Map="flashTest.map" -Wl,--gc-sections -static --specs=nano.specs -mfpu=fpv4-sp-d16 -mfloat-abi=hard -mthumb -Wl,--start-group -lc -lm -Wl,--end-group
Finished building target: flashTest.elf
 
arm-none-eabi-size   flashTest.elf 
arm-none-eabi-objdump -h -S  flashTest.elf  > "flashTest.list"
   text	   data	    bss	    dec	    hex	filename
  12952	     52	   1700	  14704	   3970	flashTest.elf
Finished building: default.size.stdout
 
Finished building: flashTest.list
 
19:11:42 **** Incremental Build of configuration Debug for project flashTest ****
make -j6 all 
arm-none-eabi-gcc "../Core/Src/main.c" -mcpu=cortex-m4 -std=gnu11 -g3 -DDEBUG -DUSE_HAL_DRIVER -DSTM32L452xx -c -I../Core/Inc -I../Drivers/STM32L4xx_HAL_Driver/Inc -I../Drivers/STM32L4xx_HAL_Driver/Inc/Legacy -I../Drivers/CMSIS/Device/ST/STM32L4xx/Include -I../Drivers/CMSIS/Include -O0 -ffunction-sections -fdata-sections -Wall -fstack-usage -MMD -MP -MF"Core/Src/main.d" -MT"Core/Src/main.o" --specs=nano.specs -mfpu=fpv4-sp-d16 -mfloat-abi=hard -mthumb -o "Core/Src/main.o"
../Core/Src/main.c: In function 'main':
../Core/Src/main.c:99:25: warning: passing argument 2 of 'Flash_Write' from incompatible pointer type [-Wincompatible-pointer-types]
   99 |   Flash_Write(0x807f000,nums,7);
      |                         ^~~~
      |                         |
      |                         uint32_t * {aka long unsigned int *}
In file included from ../Core/Src/main.c:26:
../Core/Inc/Flash_driver.h:12:57: note: expected 'uint8_t *' {aka 'unsigned char *'} but argument is of type 'uint32_t *' {aka 'long unsigned int *'}
   12 | HAL_StatusTypeDef Flash_Write(uint32_t address,uint8_t *buf,size_t num_bytes);
      |                                                ~~~~~~~~~^~~
../Core/Src/main.c:102:24: warning: passing argument 2 of 'Flash_Read' from incompatible pointer type [-Wincompatible-pointer-types]
  102 |   Flash_Read(0x807f000,read_nums,7);
      |                        ^~~~~~~~~
      |                        |
      |                        uint32_t * {aka long unsigned int *}
In file included from ../Core/Src/main.c:26:
../Core/Inc/Flash_driver.h:11:56: note: expected 'uint8_t *' {aka 'unsigned char *'} but argument is of type 'uint32_t *' {aka 'long unsigned int *'}
   11 | HAL_StatusTypeDef Flash_Read(uint32_t address,uint8_t *buf,size_t num_bytes);
      |                                               ~~~~~~~~~^~~
arm-none-eabi-gcc -o "flashTest.elf" @"objects.list"   -mcpu=cortex-m4 -T"C:\Users\penne\umsats-flash\flashTest\STM32L452RETX_FLASH.ld" --specs=nosys.specs -Wl,-Map="flashTest.map" -Wl,--gc-sections -static --specs=nano.specs -mfpu=fpv4-sp-d16 -mfloat-abi=hard -mthumb -Wl,--start-group -lc -lm -Wl,--end-group
Finished building target: flashTest.elf
 
arm-none-eabi-size   flashTest.elf 
arm-none-eabi-objdump -h -S  flashTest.elf  > "flashTest.list"
   text	   data	    bss	    dec	    hex	filename
  12952	     52	   1700	  14704	   3970	flashTest.elf
Finished building: default.size.stdout
 
Finished building: flashTest.list
 
19:22:32 **** Incremental Build of configuration Debug for project flashTest ****
make -j6 all 
arm-none-eabi-gcc "../Core/Src/main.c" -mcpu=cortex-m4 -std=gnu11 -g3 -DDEBUG -DUSE_HAL_DRIVER -DSTM32L452xx -c -I../Core/Inc -I../Drivers/STM32L4xx_HAL_Driver/Inc -I../Drivers/STM32L4xx_HAL_Driver/Inc/Legacy -I../Drivers/CMSIS/Device/ST/STM32L4xx/Include -I../Drivers/CMSIS/Include -O0 -ffunction-sections -fdata-sections -Wall -fstack-usage -MMD -MP -MF"Core/Src/main.d" -MT"Core/Src/main.o" --specs=nano.specs -mfpu=fpv4-sp-d16 -mfloat-abi=hard -mthumb -o "Core/Src/main.o"
../Core/Src/main.c: In function 'main':
../Core/Src/main.c:99:25: warning: passing argument 2 of 'Flash_Write' from incompatible pointer type [-Wincompatible-pointer-types]
   99 |   Flash_Write(0x807f000,nums,1);
      |                         ^~~~
      |                         |
      |                         uint32_t * {aka long unsigned int *}
In file included from ../Core/Src/main.c:26:
../Core/Inc/Flash_driver.h:12:57: note: expected 'uint8_t *' {aka 'unsigned char *'} but argument is of type 'uint32_t *' {aka 'long unsigned int *'}
   12 | HAL_StatusTypeDef Flash_Write(uint32_t address,uint8_t *buf,size_t num_bytes);
      |                                                ~~~~~~~~~^~~
../Core/Src/main.c:102:24: warning: passing argument 2 of 'Flash_Read' from incompatible pointer type [-Wincompatible-pointer-types]
  102 |   Flash_Read(0x807f000,read_nums,1);
      |                        ^~~~~~~~~
      |                        |
      |                        uint32_t * {aka long unsigned int *}
In file included from ../Core/Src/main.c:26:
../Core/Inc/Flash_driver.h:11:56: note: expected 'uint8_t *' {aka 'unsigned char *'} but argument is of type 'uint32_t *' {aka 'long unsigned int *'}
   11 | HAL_StatusTypeDef Flash_Read(uint32_t address,uint8_t *buf,size_t num_bytes);
      |                                               ~~~~~~~~~^~~
arm-none-eabi-gcc -o "flashTest.elf" @"objects.list"   -mcpu=cortex-m4 -T"C:\Users\penne\umsats-flash\flashTest\STM32L452RETX_FLASH.ld" --specs=nosys.specs -Wl,-Map="flashTest.map" -Wl,--gc-sections -static --specs=nano.specs -mfpu=fpv4-sp-d16 -mfloat-abi=hard -mthumb -Wl,--start-group -lc -lm -Wl,--end-group
Finished building target: flashTest.elf
 
arm-none-eabi-size   flashTest.elf 
arm-none-eabi-objdump -h -S  flashTest.elf  > "flashTest.list"
   text	   data	    bss	    dec	    hex	filename
  12900	     52	   1700	  14652	   393c	flashTest.elf
Finished building: default.size.stdout
 
Finished building: flashTest.list
 
19:23:21 **** Incremental Build of configuration Debug for project flashTest ****
make -j6 all 
arm-none-eabi-gcc "../Core/Src/Flash_driver.c" -mcpu=cortex-m4 -std=gnu11 -g3 -DDEBUG -DUSE_HAL_DRIVER -DSTM32L452xx -c -I../Core/Inc -I../Drivers/STM32L4xx_HAL_Driver/Inc -I../Drivers/STM32L4xx_HAL_Driver/Inc/Legacy -I../Drivers/CMSIS/Device/ST/STM32L4xx/Include -I../Drivers/CMSIS/Include -O0 -ffunction-sections -fdata-sections -Wall -fstack-usage -MMD -MP -MF"Core/Src/Flash_driver.d" -MT"Core/Src/Flash_driver.o" --specs=nano.specs -mfpu=fpv4-sp-d16 -mfloat-abi=hard -mthumb -o "Core/Src/Flash_driver.o"
../Core/Src/Flash_driver.c: In function 'Flash_Write':
../Core/Src/Flash_driver.c:29:68: warning: passing argument 2 of 'HAL_FLASH_Program' makes integer from pointer without a cast [-Wint-conversion]
   29 |       HAL_FLASH_Program(FLASH_TYPEPROGRAM_DOUBLEWORD,start_address + i, *(buf + i));
      |                                                      ~~~~~~~~~~~~~~^~~
      |                                                                    |
      |                                                                    uint32_t * {aka long unsigned int *}
In file included from ../Core/Inc/stm32l4xx_hal_conf.h:330,
                 from ../Drivers/STM32L4xx_HAL_Driver/Inc/stm32l4xx_hal.h:29,
                 from ../Drivers/CMSIS/Device/ST/STM32L4xx/Include/stm32l4xx.h:288,
                 from ../Core/Src/Flash_driver.c:1:
../Drivers/STM32L4xx_HAL_Driver/Inc/stm32l4xx_hal_flash.h:783:69: note: expected 'uint32_t' {aka 'long unsigned int'} but argument is of type 'uint32_t *' {aka 'long unsigned int *'}
  783 | HAL_StatusTypeDef  HAL_FLASH_Program(uint32_t TypeProgram, uint32_t Address, uint64_t Data);
      |                                                            ~~~~~~~~~^~~~~~~
../Core/Src/Flash_driver.c: In function 'Flash_Erase_Address':
../Core/Src/Flash_driver.c:55:27: warning: initialization of 'uint8_t *' {aka 'unsigned char *'} from 'int' makes pointer from integer without a cast [-Wint-conversion]
   55 |  uint8_t *start_address = start_page * 0x800 + 0x8000000;
      |                           ^~~~~~~~~~
../Core/Src/Flash_driver.c:69:19: warning: initialization of 'uint32_t' {aka 'long unsigned int'} from 'uint8_t *' {aka 'unsigned char *'} makes integer from pointer without a cast [-Wint-conversion]
   69 |  for(uint32_t i = start_address;i<start_address+0x800;i++){
      |                   ^~~~~~~~~~~~~
../Core/Src/Flash_driver.c:69:34: warning: comparison between pointer and integer
   69 |  for(uint32_t i = start_address;i<start_address+0x800;i++){
      |                                  ^
arm-none-eabi-gcc -o "flashTest.elf" @"objects.list"   -mcpu=cortex-m4 -T"C:\Users\penne\umsats-flash\flashTest\STM32L452RETX_FLASH.ld" --specs=nosys.specs -Wl,-Map="flashTest.map" -Wl,--gc-sections -static --specs=nano.specs -mfpu=fpv4-sp-d16 -mfloat-abi=hard -mthumb -Wl,--start-group -lc -lm -Wl,--end-group
Finished building target: flashTest.elf
 
arm-none-eabi-size   flashTest.elf 
arm-none-eabi-objdump -h -S  flashTest.elf  > "flashTest.list"
   text	   data	    bss	    dec	    hex	filename
  12900	     52	   1700	  14652	   393c	flashTest.elf
Finished building: default.size.stdout
 
Finished building: flashTest.list
 
19:23:49 **** Incremental Build of configuration Debug for project flashTest ****
make -j6 all 
arm-none-eabi-size   flashTest.elf 
   text	   data	    bss	    dec	    hex	filename
  12900	     52	   1700	  14652	   393c	flashTest.elf
Finished building: default.size.stdout
 
19:23:55 **** Incremental Build of configuration Debug for project flashTest ****
make -j6 all 
arm-none-eabi-size   flashTest.elf 
   text	   data	    bss	    dec	    hex	filename
  12900	     52	   1700	  14652	   393c	flashTest.elf
Finished building: default.size.stdout
 
19:24:57 **** Incremental Build of configuration Debug for project flashTest ****
make -j6 all 
arm-none-eabi-gcc "../Core/Src/Flash_driver.c" -mcpu=cortex-m4 -std=gnu11 -g3 -DDEBUG -DUSE_HAL_DRIVER -DSTM32L452xx -c -I../Core/Inc -I../Drivers/STM32L4xx_HAL_Driver/Inc -I../Drivers/STM32L4xx_HAL_Driver/Inc/Legacy -I../Drivers/CMSIS/Device/ST/STM32L4xx/Include -I../Drivers/CMSIS/Include -O0 -ffunction-sections -fdata-sections -Wall -fstack-usage -MMD -MP -MF"Core/Src/Flash_driver.d" -MT"Core/Src/Flash_driver.o" --specs=nano.specs -mfpu=fpv4-sp-d16 -mfloat-abi=hard -mthumb -o "Core/Src/Flash_driver.o"
../Core/Src/Flash_driver.c: In function 'Flash_Write':
../Core/Src/Flash_driver.c:29:68: warning: passing argument 2 of 'HAL_FLASH_Program' makes integer from pointer without a cast [-Wint-conversion]
   29 |       HAL_FLASH_Program(FLASH_TYPEPROGRAM_DOUBLEWORD,start_address + i, *(buf + i));
      |                                                      ~~~~~~~~~~~~~~^~~
      |                                                                    |
      |                                                                    uint32_t * {aka long unsigned int *}
In file included from ../Core/Inc/stm32l4xx_hal_conf.h:330,
                 from ../Drivers/STM32L4xx_HAL_Driver/Inc/stm32l4xx_hal.h:29,
                 from ../Drivers/CMSIS/Device/ST/STM32L4xx/Include/stm32l4xx.h:288,
                 from ../Core/Src/Flash_driver.c:1:
../Drivers/STM32L4xx_HAL_Driver/Inc/stm32l4xx_hal_flash.h:783:69: note: expected 'uint32_t' {aka 'long unsigned int'} but argument is of type 'uint32_t *' {aka 'long unsigned int *'}
  783 | HAL_StatusTypeDef  HAL_FLASH_Program(uint32_t TypeProgram, uint32_t Address, uint64_t Data);
      |                                                            ~~~~~~~~~^~~~~~~
../Core/Src/Flash_driver.c: In function 'Flash_Erase_Address':
../Core/Src/Flash_driver.c:55:27: warning: initialization of 'uint8_t *' {aka 'unsigned char *'} from 'int' makes pointer from integer without a cast [-Wint-conversion]
   55 |  uint8_t *start_address = start_page * 0x800 + 0x8000000;
      |                           ^~~~~~~~~~
../Core/Src/Flash_driver.c:69:19: warning: initialization of 'uint32_t' {aka 'long unsigned int'} from 'uint8_t *' {aka 'unsigned char *'} makes integer from pointer without a cast [-Wint-conversion]
   69 |  for(uint32_t i = start_address;i<start_address+0x800;i++){
      |                   ^~~~~~~~~~~~~
../Core/Src/Flash_driver.c:69:34: warning: comparison between pointer and integer
   69 |  for(uint32_t i = start_address;i<start_address+0x800;i++){
      |                                  ^
arm-none-eabi-gcc -o "flashTest.elf" @"objects.list"   -mcpu=cortex-m4 -T"C:\Users\penne\umsats-flash\flashTest\STM32L452RETX_FLASH.ld" --specs=nosys.specs -Wl,-Map="flashTest.map" -Wl,--gc-sections -static --specs=nano.specs -mfpu=fpv4-sp-d16 -mfloat-abi=hard -mthumb -Wl,--start-group -lc -lm -Wl,--end-group
Finished building target: flashTest.elf
 
arm-none-eabi-size   flashTest.elf 
arm-none-eabi-objdump -h -S  flashTest.elf  > "flashTest.list"
   text	   data	    bss	    dec	    hex	filename
  12900	     52	   1700	  14652	   393c	flashTest.elf
Finished building: default.size.stdout
 
Finished building: flashTest.list
 
19:26:10 **** Incremental Build of configuration Debug for project flashTest ****
make -j6 all 
arm-none-eabi-gcc "../Core/Src/main.c" -mcpu=cortex-m4 -std=gnu11 -g3 -DDEBUG -DUSE_HAL_DRIVER -DSTM32L452xx -c -I../Core/Inc -I../Drivers/STM32L4xx_HAL_Driver/Inc -I../Drivers/STM32L4xx_HAL_Driver/Inc/Legacy -I../Drivers/CMSIS/Device/ST/STM32L4xx/Include -I../Drivers/CMSIS/Include -O0 -ffunction-sections -fdata-sections -Wall -fstack-usage -MMD -MP -MF"Core/Src/main.d" -MT"Core/Src/main.o" --specs=nano.specs -mfpu=fpv4-sp-d16 -mfloat-abi=hard -mthumb -o "Core/Src/main.o"
../Core/Src/main.c: In function 'main':
../Core/Src/main.c:99:25: warning: passing argument 2 of 'Flash_Write' from incompatible pointer type [-Wincompatible-pointer-types]
   99 |   Flash_Write(0x807f000,nums,1);
      |                         ^~~~
      |                         |
      |                         uint32_t * {aka long unsigned int *}
In file included from ../Core/Src/main.c:26:
../Core/Inc/Flash_driver.h:12:57: note: expected 'uint8_t *' {aka 'unsigned char *'} but argument is of type 'uint32_t *' {aka 'long unsigned int *'}
   12 | HAL_StatusTypeDef Flash_Write(uint32_t address,uint8_t *buf,size_t num_bytes);
      |                                                ~~~~~~~~~^~~
../Core/Src/main.c:102:24: warning: passing argument 2 of 'Flash_Read' from incompatible pointer type [-Wincompatible-pointer-types]
  102 |   Flash_Read(0x807f000,read_nums,1);
      |                        ^~~~~~~~~
      |                        |
      |                        uint32_t * {aka long unsigned int *}
In file included from ../Core/Src/main.c:26:
../Core/Inc/Flash_driver.h:11:56: note: expected 'uint8_t *' {aka 'unsigned char *'} but argument is of type 'uint32_t *' {aka 'long unsigned int *'}
   11 | HAL_StatusTypeDef Flash_Read(uint32_t address,uint8_t *buf,size_t num_bytes);
      |                                               ~~~~~~~~~^~~
arm-none-eabi-gcc -o "flashTest.elf" @"objects.list"   -mcpu=cortex-m4 -T"C:\Users\penne\umsats-flash\flashTest\STM32L452RETX_FLASH.ld" --specs=nosys.specs -Wl,-Map="flashTest.map" -Wl,--gc-sections -static --specs=nano.specs -mfpu=fpv4-sp-d16 -mfloat-abi=hard -mthumb -Wl,--start-group -lc -lm -Wl,--end-group
Finished building target: flashTest.elf
 
arm-none-eabi-size   flashTest.elf 
arm-none-eabi-objdump -h -S  flashTest.elf  > "flashTest.list"
   text	   data	    bss	    dec	    hex	filename
  12904	     52	   1700	  14656	   3940	flashTest.elf
Finished building: default.size.stdout
 
Finished building: flashTest.list
 
19:27:46 **** Incremental Build of configuration Debug for project flashTest ****
make -j6 all 
arm-none-eabi-gcc "../Core/Src/main.c" -mcpu=cortex-m4 -std=gnu11 -g3 -DDEBUG -DUSE_HAL_DRIVER -DSTM32L452xx -c -I../Core/Inc -I../Drivers/STM32L4xx_HAL_Driver/Inc -I../Drivers/STM32L4xx_HAL_Driver/Inc/Legacy -I../Drivers/CMSIS/Device/ST/STM32L4xx/Include -I../Drivers/CMSIS/Include -O0 -ffunction-sections -fdata-sections -Wall -fstack-usage -MMD -MP -MF"Core/Src/main.d" -MT"Core/Src/main.o" --specs=nano.specs -mfpu=fpv4-sp-d16 -mfloat-abi=hard -mthumb -o "Core/Src/main.o"
../Core/Src/main.c: In function 'main':
../Core/Src/main.c:99:25: warning: passing argument 2 of 'Flash_Write' from incompatible pointer type [-Wincompatible-pointer-types]
   99 |   Flash_Write(0x807f000,nums,1);
      |                         ^~~~
      |                         |
      |                         uint32_t * {aka long unsigned int *}
In file included from ../Core/Src/main.c:26:
../Core/Inc/Flash_driver.h:12:57: note: expected 'uint8_t *' {aka 'unsigned char *'} but argument is of type 'uint32_t *' {aka 'long unsigned int *'}
   12 | HAL_StatusTypeDef Flash_Write(uint32_t address,uint8_t *buf,size_t num_bytes);
      |                                                ~~~~~~~~~^~~
../Core/Src/main.c:100:25: warning: passing argument 2 of 'Flash_Write' from incompatible pointer type [-Wincompatible-pointer-types]
  100 |   Flash_Write(0x807f004,nums,1);
      |                         ^~~~
      |                         |
      |                         uint32_t * {aka long unsigned int *}
In file included from ../Core/Src/main.c:26:
../Core/Inc/Flash_driver.h:12:57: note: expected 'uint8_t *' {aka 'unsigned char *'} but argument is of type 'uint32_t *' {aka 'long unsigned int *'}
   12 | HAL_StatusTypeDef Flash_Write(uint32_t address,uint8_t *buf,size_t num_bytes);
      |                                                ~~~~~~~~~^~~
../Core/Src/main.c:103:24: warning: passing argument 2 of 'Flash_Read' from incompatible pointer type [-Wincompatible-pointer-types]
  103 |   Flash_Read(0x807f000,read_nums,1);
      |                        ^~~~~~~~~
      |                        |
      |                        uint32_t * {aka long unsigned int *}
In file included from ../Core/Src/main.c:26:
../Core/Inc/Flash_driver.h:11:56: note: expected 'uint8_t *' {aka 'unsigned char *'} but argument is of type 'uint32_t *' {aka 'long unsigned int *'}
   11 | HAL_StatusTypeDef Flash_Read(uint32_t address,uint8_t *buf,size_t num_bytes);
      |                                               ~~~~~~~~~^~~
arm-none-eabi-gcc -o "flashTest.elf" @"objects.list"   -mcpu=cortex-m4 -T"C:\Users\penne\umsats-flash\flashTest\STM32L452RETX_FLASH.ld" --specs=nosys.specs -Wl,-Map="flashTest.map" -Wl,--gc-sections -static --specs=nano.specs -mfpu=fpv4-sp-d16 -mfloat-abi=hard -mthumb -Wl,--start-group -lc -lm -Wl,--end-group
Finished building target: flashTest.elf
 
arm-none-eabi-size   flashTest.elf 
arm-none-eabi-objdump -h -S  flashTest.elf  > "flashTest.list"
   text	   data	    bss	    dec	    hex	filename
  12916	     52	   1700	  14668	   394c	flashTest.elf
Finished building: default.size.stdout
 
Finished building: flashTest.list
 
19:28:32 **** Incremental Build of configuration Debug for project flashTest ****
make -j6 all 
arm-none-eabi-gcc "../Core/Src/main.c" -mcpu=cortex-m4 -std=gnu11 -g3 -DDEBUG -DUSE_HAL_DRIVER -DSTM32L452xx -c -I../Core/Inc -I../Drivers/STM32L4xx_HAL_Driver/Inc -I../Drivers/STM32L4xx_HAL_Driver/Inc/Legacy -I../Drivers/CMSIS/Device/ST/STM32L4xx/Include -I../Drivers/CMSIS/Include -O0 -ffunction-sections -fdata-sections -Wall -fstack-usage -MMD -MP -MF"Core/Src/main.d" -MT"Core/Src/main.o" --specs=nano.specs -mfpu=fpv4-sp-d16 -mfloat-abi=hard -mthumb -o "Core/Src/main.o"
../Core/Src/main.c: In function 'main':
../Core/Src/main.c:99:25: warning: passing argument 2 of 'Flash_Write' from incompatible pointer type [-Wincompatible-pointer-types]
   99 |   Flash_Write(0x807f000,nums,1);
      |                         ^~~~
      |                         |
      |                         uint32_t * {aka long unsigned int *}
In file included from ../Core/Src/main.c:26:
../Core/Inc/Flash_driver.h:12:57: note: expected 'uint8_t *' {aka 'unsigned char *'} but argument is of type 'uint32_t *' {aka 'long unsigned int *'}
   12 | HAL_StatusTypeDef Flash_Write(uint32_t address,uint8_t *buf,size_t num_bytes);
      |                                                ~~~~~~~~~^~~
../Core/Src/main.c:100:25: warning: passing argument 2 of 'Flash_Write' from incompatible pointer type [-Wincompatible-pointer-types]
  100 |   Flash_Write(0x807f008,nums,1);
      |                         ^~~~
      |                         |
      |                         uint32_t * {aka long unsigned int *}
In file included from ../Core/Src/main.c:26:
../Core/Inc/Flash_driver.h:12:57: note: expected 'uint8_t *' {aka 'unsigned char *'} but argument is of type 'uint32_t *' {aka 'long unsigned int *'}
   12 | HAL_StatusTypeDef Flash_Write(uint32_t address,uint8_t *buf,size_t num_bytes);
      |                                                ~~~~~~~~~^~~
../Core/Src/main.c:103:24: warning: passing argument 2 of 'Flash_Read' from incompatible pointer type [-Wincompatible-pointer-types]
  103 |   Flash_Read(0x807f000,read_nums,1);
      |                        ^~~~~~~~~
      |                        |
      |                        uint32_t * {aka long unsigned int *}
In file included from ../Core/Src/main.c:26:
../Core/Inc/Flash_driver.h:11:56: note: expected 'uint8_t *' {aka 'unsigned char *'} but argument is of type 'uint32_t *' {aka 'long unsigned int *'}
   11 | HAL_StatusTypeDef Flash_Read(uint32_t address,uint8_t *buf,size_t num_bytes);
      |                                               ~~~~~~~~~^~~
arm-none-eabi-gcc -o "flashTest.elf" @"objects.list"   -mcpu=cortex-m4 -T"C:\Users\penne\umsats-flash\flashTest\STM32L452RETX_FLASH.ld" --specs=nosys.specs -Wl,-Map="flashTest.map" -Wl,--gc-sections -static --specs=nano.specs -mfpu=fpv4-sp-d16 -mfloat-abi=hard -mthumb -Wl,--start-group -lc -lm -Wl,--end-group
Finished building target: flashTest.elf
 
arm-none-eabi-size   flashTest.elf 
arm-none-eabi-objdump -h -S  flashTest.elf  > "flashTest.list"
   text	   data	    bss	    dec	    hex	filename
  12916	     52	   1700	  14668	   394c	flashTest.elf
Finished building: default.size.stdout
 
Finished building: flashTest.list
 
19:31:22 **** Incremental Build of configuration Debug for project flashTest ****
make -j6 all 
arm-none-eabi-gcc "../Core/Src/Flash_driver.c" -mcpu=cortex-m4 -std=gnu11 -g3 -DDEBUG -DUSE_HAL_DRIVER -DSTM32L452xx -c -I../Core/Inc -I../Drivers/STM32L4xx_HAL_Driver/Inc -I../Drivers/STM32L4xx_HAL_Driver/Inc/Legacy -I../Drivers/CMSIS/Device/ST/STM32L4xx/Include -I../Drivers/CMSIS/Include -O0 -ffunction-sections -fdata-sections -Wall -fstack-usage -MMD -MP -MF"Core/Src/Flash_driver.d" -MT"Core/Src/Flash_driver.o" --specs=nano.specs -mfpu=fpv4-sp-d16 -mfloat-abi=hard -mthumb -o "Core/Src/Flash_driver.o"
arm-none-eabi-gcc "../Core/Src/main.c" -mcpu=cortex-m4 -std=gnu11 -g3 -DDEBUG -DUSE_HAL_DRIVER -DSTM32L452xx -c -I../Core/Inc -I../Drivers/STM32L4xx_HAL_Driver/Inc -I../Drivers/STM32L4xx_HAL_Driver/Inc/Legacy -I../Drivers/CMSIS/Device/ST/STM32L4xx/Include -I../Drivers/CMSIS/Include -O0 -ffunction-sections -fdata-sections -Wall -fstack-usage -MMD -MP -MF"Core/Src/main.d" -MT"Core/Src/main.o" --specs=nano.specs -mfpu=fpv4-sp-d16 -mfloat-abi=hard -mthumb -o "Core/Src/main.o"
../Core/Src/Flash_driver.c: In function 'Flash_Write':
../Core/Src/Flash_driver.c:29:68: warning: passing argument 2 of 'HAL_FLASH_Program' makes integer from pointer without a cast [-Wint-conversion]
   29 |       HAL_FLASH_Program(FLASH_TYPEPROGRAM_DOUBLEWORD,start_address + i, *(buf + i));
      |                                                      ~~~~~~~~~~~~~~^~~
      |                                                                    |
      |                                                                    uint32_t * {aka long unsigned int *}
In file included from ../Core/Inc/stm32l4xx_hal_conf.h:330,
                 from ../Drivers/STM32L4xx_HAL_Driver/Inc/stm32l4xx_hal.h:29,
                 from ../Drivers/CMSIS/Device/ST/STM32L4xx/Include/stm32l4xx.h:288,
                 from ../Core/Src/Flash_driver.c:1:
../Drivers/STM32L4xx_HAL_Driver/Inc/stm32l4xx_hal_flash.h:783:69: note: expected 'uint32_t' {aka 'long unsigned int'} but argument is of type 'uint32_t *' {aka 'long unsigned int *'}
  783 | HAL_StatusTypeDef  HAL_FLASH_Program(uint32_t TypeProgram, uint32_t Address, uint64_t Data);
      |                                                            ~~~~~~~~~^~~~~~~
../Core/Src/Flash_driver.c: In function 'Flash_Erase_Address':
../Core/Src/Flash_driver.c:55:27: warning: initialization of 'uint8_t *' {aka 'unsigned char *'} from 'int' makes pointer from integer without a cast [-Wint-conversion]
   55 |  uint8_t *start_address = start_page * 0x800 + 0x8000000;
      |                           ^~~~~~~~~~
../Core/Src/Flash_driver.c:69:19: warning: initialization of 'uint32_t' {aka 'long unsigned int'} from 'uint8_t *' {aka 'unsigned char *'} makes integer from pointer without a cast [-Wint-conversion]
   69 |  for(uint32_t i = start_address;i<start_address+0x800;i++){
      |                   ^~~~~~~~~~~~~
../Core/Src/Flash_driver.c:69:34: warning: comparison between pointer and integer
   69 |  for(uint32_t i = start_address;i<start_address+0x800;i++){
      |                                  ^
../Core/Src/main.c: In function 'main':
../Core/Src/main.c:99:25: warning: passing argument 2 of 'Flash_Write' from incompatible pointer type [-Wincompatible-pointer-types]
   99 |   Flash_Write(0x807f003,nums,1);
      |                         ^~~~
      |                         |
      |                         uint32_t * {aka long unsigned int *}
In file included from ../Core/Src/main.c:26:
../Core/Inc/Flash_driver.h:12:57: note: expected 'uint8_t *' {aka 'unsigned char *'} but argument is of type 'uint32_t *' {aka 'long unsigned int *'}
   12 | HAL_StatusTypeDef Flash_Write(uint32_t address,uint8_t *buf,size_t num_bytes);
      |                                                ~~~~~~~~~^~~
../Core/Src/main.c:100:25: warning: passing argument 2 of 'Flash_Write' from incompatible pointer type [-Wincompatible-pointer-types]
  100 |   Flash_Write(0x807f008,nums,1);
      |                         ^~~~
      |                         |
      |                         uint32_t * {aka long unsigned int *}
In file included from ../Core/Src/main.c:26:
../Core/Inc/Flash_driver.h:12:57: note: expected 'uint8_t *' {aka 'unsigned char *'} but argument is of type 'uint32_t *' {aka 'long unsigned int *'}
   12 | HAL_StatusTypeDef Flash_Write(uint32_t address,uint8_t *buf,size_t num_bytes);
      |                                                ~~~~~~~~~^~~
../Core/Src/main.c:103:24: warning: passing argument 2 of 'Flash_Read' from incompatible pointer type [-Wincompatible-pointer-types]
  103 |   Flash_Read(0x807f000,read_nums,1);
      |                        ^~~~~~~~~
      |                        |
      |                        uint32_t * {aka long unsigned int *}
In file included from ../Core/Src/main.c:26:
../Core/Inc/Flash_driver.h:11:56: note: expected 'uint8_t *' {aka 'unsigned char *'} but argument is of type 'uint32_t *' {aka 'long unsigned int *'}
   11 | HAL_StatusTypeDef Flash_Read(uint32_t address,uint8_t *buf,size_t num_bytes);
      |                                               ~~~~~~~~~^~~
arm-none-eabi-gcc -o "flashTest.elf" @"objects.list"   -mcpu=cortex-m4 -T"C:\Users\penne\umsats-flash\flashTest\STM32L452RETX_FLASH.ld" --specs=nosys.specs -Wl,-Map="flashTest.map" -Wl,--gc-sections -static --specs=nano.specs -mfpu=fpv4-sp-d16 -mfloat-abi=hard -mthumb -Wl,--start-group -lc -lm -Wl,--end-group
Finished building target: flashTest.elf
 
arm-none-eabi-size   flashTest.elf 
arm-none-eabi-objdump -h -S  flashTest.elf  > "flashTest.list"
   text	   data	    bss	    dec	    hex	filename
  12920	     52	   1700	  14672	   3950	flashTest.elf
Finished building: default.size.stdout
 
Finished building: flashTest.list
 
19:32:26 **** Incremental Build of configuration Debug for project flashTest ****
make -j6 all 
arm-none-eabi-gcc "../Core/Src/main.c" -mcpu=cortex-m4 -std=gnu11 -g3 -DDEBUG -DUSE_HAL_DRIVER -DSTM32L452xx -c -I../Core/Inc -I../Drivers/STM32L4xx_HAL_Driver/Inc -I../Drivers/STM32L4xx_HAL_Driver/Inc/Legacy -I../Drivers/CMSIS/Device/ST/STM32L4xx/Include -I../Drivers/CMSIS/Include -O0 -ffunction-sections -fdata-sections -Wall -fstack-usage -MMD -MP -MF"Core/Src/main.d" -MT"Core/Src/main.o" --specs=nano.specs -mfpu=fpv4-sp-d16 -mfloat-abi=hard -mthumb -o "Core/Src/main.o"
../Core/Src/main.c: In function 'main':
../Core/Src/main.c:99:25: warning: passing argument 2 of 'Flash_Write' from incompatible pointer type [-Wincompatible-pointer-types]
   99 |   Flash_Write(0x807f004,nums,1);
      |                         ^~~~
      |                         |
      |                         uint32_t * {aka long unsigned int *}
In file included from ../Core/Src/main.c:26:
../Core/Inc/Flash_driver.h:12:57: note: expected 'uint8_t *' {aka 'unsigned char *'} but argument is of type 'uint32_t *' {aka 'long unsigned int *'}
   12 | HAL_StatusTypeDef Flash_Write(uint32_t address,uint8_t *buf,size_t num_bytes);
      |                                                ~~~~~~~~~^~~
../Core/Src/main.c:100:25: warning: passing argument 2 of 'Flash_Write' from incompatible pointer type [-Wincompatible-pointer-types]
  100 |   Flash_Write(0x807f008,nums,1);
      |                         ^~~~
      |                         |
      |                         uint32_t * {aka long unsigned int *}
In file included from ../Core/Src/main.c:26:
../Core/Inc/Flash_driver.h:12:57: note: expected 'uint8_t *' {aka 'unsigned char *'} but argument is of type 'uint32_t *' {aka 'long unsigned int *'}
   12 | HAL_StatusTypeDef Flash_Write(uint32_t address,uint8_t *buf,size_t num_bytes);
      |                                                ~~~~~~~~~^~~
../Core/Src/main.c:103:24: warning: passing argument 2 of 'Flash_Read' from incompatible pointer type [-Wincompatible-pointer-types]
  103 |   Flash_Read(0x807f000,read_nums,1);
      |                        ^~~~~~~~~
      |                        |
      |                        uint32_t * {aka long unsigned int *}
In file included from ../Core/Src/main.c:26:
../Core/Inc/Flash_driver.h:11:56: note: expected 'uint8_t *' {aka 'unsigned char *'} but argument is of type 'uint32_t *' {aka 'long unsigned int *'}
   11 | HAL_StatusTypeDef Flash_Read(uint32_t address,uint8_t *buf,size_t num_bytes);
      |                                               ~~~~~~~~~^~~
arm-none-eabi-gcc -o "flashTest.elf" @"objects.list"   -mcpu=cortex-m4 -T"C:\Users\penne\umsats-flash\flashTest\STM32L452RETX_FLASH.ld" --specs=nosys.specs -Wl,-Map="flashTest.map" -Wl,--gc-sections -static --specs=nano.specs -mfpu=fpv4-sp-d16 -mfloat-abi=hard -mthumb -Wl,--start-group -lc -lm -Wl,--end-group
Finished building target: flashTest.elf
 
arm-none-eabi-size   flashTest.elf 
arm-none-eabi-objdump -h -S  flashTest.elf  > "flashTest.list"
   text	   data	    bss	    dec	    hex	filename
  12920	     52	   1700	  14672	   3950	flashTest.elf
Finished building: default.size.stdout
 
Finished building: flashTest.list
 
19:33:59 **** Incremental Build of configuration Debug for project flashTest ****
make -j6 all 
arm-none-eabi-gcc "../Core/Src/Flash_driver.c" -mcpu=cortex-m4 -std=gnu11 -g3 -DDEBUG -DUSE_HAL_DRIVER -DSTM32L452xx -c -I../Core/Inc -I../Drivers/STM32L4xx_HAL_Driver/Inc -I../Drivers/STM32L4xx_HAL_Driver/Inc/Legacy -I../Drivers/CMSIS/Device/ST/STM32L4xx/Include -I../Drivers/CMSIS/Include -O0 -ffunction-sections -fdata-sections -Wall -fstack-usage -MMD -MP -MF"Core/Src/Flash_driver.d" -MT"Core/Src/Flash_driver.o" --specs=nano.specs -mfpu=fpv4-sp-d16 -mfloat-abi=hard -mthumb -o "Core/Src/Flash_driver.o"
arm-none-eabi-gcc "../Core/Src/main.c" -mcpu=cortex-m4 -std=gnu11 -g3 -DDEBUG -DUSE_HAL_DRIVER -DSTM32L452xx -c -I../Core/Inc -I../Drivers/STM32L4xx_HAL_Driver/Inc -I../Drivers/STM32L4xx_HAL_Driver/Inc/Legacy -I../Drivers/CMSIS/Device/ST/STM32L4xx/Include -I../Drivers/CMSIS/Include -O0 -ffunction-sections -fdata-sections -Wall -fstack-usage -MMD -MP -MF"Core/Src/main.d" -MT"Core/Src/main.o" --specs=nano.specs -mfpu=fpv4-sp-d16 -mfloat-abi=hard -mthumb -o "Core/Src/main.o"
../Core/Src/Flash_driver.c: In function 'Flash_Write':
../Core/Src/Flash_driver.c:29:68: warning: passing argument 2 of 'HAL_FLASH_Program' makes integer from pointer without a cast [-Wint-conversion]
   29 |       HAL_FLASH_Program(FLASH_TYPEPROGRAM_DOUBLEWORD,start_address + i, *(buf + i));
      |                                                      ~~~~~~~~~~~~~~^~~
      |                                                                    |
      |                                                                    uint32_t * {aka long unsigned int *}
In file included from ../Core/Inc/stm32l4xx_hal_conf.h:330,
                 from ../Drivers/STM32L4xx_HAL_Driver/Inc/stm32l4xx_hal.h:29,
                 from ../Drivers/CMSIS/Device/ST/STM32L4xx/Include/stm32l4xx.h:288,
                 from ../Core/Src/Flash_driver.c:1:
../Drivers/STM32L4xx_HAL_Driver/Inc/stm32l4xx_hal_flash.h:783:69: note: expected 'uint32_t' {aka 'long unsigned int'} but argument is of type 'uint32_t *' {aka 'long unsigned int *'}
  783 | HAL_StatusTypeDef  HAL_FLASH_Program(uint32_t TypeProgram, uint32_t Address, uint64_t Data);
      |                                                            ~~~~~~~~~^~~~~~~
../Core/Src/main.c: In function 'main':
../Core/Src/Flash_driver.c: In function 'Flash_Erase_Address':
../Core/Src/Flash_driver.c:55:27: warning: initialization of 'uint8_t *' {aka 'unsigned char *'} from 'int' makes pointer from integer without a cast [-Wint-conversion]
   55 |  uint8_t *start_address = start_page * 0x800 + 0x8000000;
      |                           ^~~~~~~~~~
../Core/Src/main.c:99:25: warning: passing argument 2 of 'Flash_Write' from incompatible pointer type [-Wincompatible-pointer-types]
   99 |   Flash_Write(0x807f000,nums,3);
      |                         ^~~~
      |                         |
      |                         uint32_t * {aka long unsigned int *}
../Core/Src/Flash_driver.c:69:19: warning: initialization of 'uint32_t' {aka 'long unsigned int'} from 'uint8_t *' {aka 'unsigned char *'} makes integer from pointer without a cast [-Wint-conversion]
   69 |  for(uint32_t i = start_address;i<start_address+0x800;i++){
      |                   ^~~~~~~~~~~~~
../Core/Src/Flash_driver.c:69:34: warning: comparison between pointer and integer
   69 |  for(uint32_t i = start_address;i<start_address+0x800;i++){
      |                                  ^
In file included from ../Core/Src/main.c:26:
../Core/Inc/Flash_driver.h:12:57: note: expected 'uint8_t *' {aka 'unsigned char *'} but argument is of type 'uint32_t *' {aka 'long unsigned int *'}
   12 | HAL_StatusTypeDef Flash_Write(uint32_t address,uint8_t *buf,size_t num_bytes);
      |                                                ~~~~~~~~~^~~
../Core/Src/main.c:102:24: warning: passing argument 2 of 'Flash_Read' from incompatible pointer type [-Wincompatible-pointer-types]
  102 |   Flash_Read(0x807f000,read_nums,3);
      |                        ^~~~~~~~~
      |                        |
      |                        uint32_t * {aka long unsigned int *}
In file included from ../Core/Src/main.c:26:
../Core/Inc/Flash_driver.h:11:56: note: expected 'uint8_t *' {aka 'unsigned char *'} but argument is of type 'uint32_t *' {aka 'long unsigned int *'}
   11 | HAL_StatusTypeDef Flash_Read(uint32_t address,uint8_t *buf,size_t num_bytes);
      |                                               ~~~~~~~~~^~~
arm-none-eabi-gcc -o "flashTest.elf" @"objects.list"   -mcpu=cortex-m4 -T"C:\Users\penne\umsats-flash\flashTest\STM32L452RETX_FLASH.ld" --specs=nosys.specs -Wl,-Map="flashTest.map" -Wl,--gc-sections -static --specs=nano.specs -mfpu=fpv4-sp-d16 -mfloat-abi=hard -mthumb -Wl,--start-group -lc -lm -Wl,--end-group
Finished building target: flashTest.elf
 
arm-none-eabi-size   flashTest.elf 
arm-none-eabi-objdump -h -S  flashTest.elf  > "flashTest.list"
   text	   data	    bss	    dec	    hex	filename
  12928	     52	   1700	  14680	   3958	flashTest.elf
Finished building: default.size.stdout
 
Finished building: flashTest.list
 
19:34:49 **** Incremental Build of configuration Debug for project flashTest ****
make -j6 all 
arm-none-eabi-gcc "../Core/Src/Flash_driver.c" -mcpu=cortex-m4 -std=gnu11 -g3 -DDEBUG -DUSE_HAL_DRIVER -DSTM32L452xx -c -I../Core/Inc -I../Drivers/STM32L4xx_HAL_Driver/Inc -I../Drivers/STM32L4xx_HAL_Driver/Inc/Legacy -I../Drivers/CMSIS/Device/ST/STM32L4xx/Include -I../Drivers/CMSIS/Include -O0 -ffunction-sections -fdata-sections -Wall -fstack-usage -MMD -MP -MF"Core/Src/Flash_driver.d" -MT"Core/Src/Flash_driver.o" --specs=nano.specs -mfpu=fpv4-sp-d16 -mfloat-abi=hard -mthumb -o "Core/Src/Flash_driver.o"
../Core/Src/Flash_driver.c: In function 'Flash_Erase_Address':
../Core/Src/Flash_driver.c:55:27: warning: initialization of 'uint8_t *' {aka 'unsigned char *'} from 'int' makes pointer from integer without a cast [-Wint-conversion]
   55 |  uint8_t *start_address = start_page * 0x800 + 0x8000000;
      |                           ^~~~~~~~~~
../Core/Src/Flash_driver.c:69:19: warning: initialization of 'uint32_t' {aka 'long unsigned int'} from 'uint8_t *' {aka 'unsigned char *'} makes integer from pointer without a cast [-Wint-conversion]
   69 |  for(uint32_t i = start_address;i<start_address+0x800;i++){
      |                   ^~~~~~~~~~~~~
../Core/Src/Flash_driver.c:69:34: warning: comparison between pointer and integer
   69 |  for(uint32_t i = start_address;i<start_address+0x800;i++){
      |                                  ^
arm-none-eabi-gcc -o "flashTest.elf" @"objects.list"   -mcpu=cortex-m4 -T"C:\Users\penne\umsats-flash\flashTest\STM32L452RETX_FLASH.ld" --specs=nosys.specs -Wl,-Map="flashTest.map" -Wl,--gc-sections -static --specs=nano.specs -mfpu=fpv4-sp-d16 -mfloat-abi=hard -mthumb -Wl,--start-group -lc -lm -Wl,--end-group
Finished building target: flashTest.elf
 
arm-none-eabi-size   flashTest.elf 
arm-none-eabi-objdump -h -S  flashTest.elf  > "flashTest.list"
   text	   data	    bss	    dec	    hex	filename
  12924	     52	   1700	  14676	   3954	flashTest.elf
Finished building: default.size.stdout
 
Finished building: flashTest.list
 
19:36:20 **** Incremental Build of configuration Debug for project flashTest ****
make -j6 all 
arm-none-eabi-gcc "../Core/Src/Flash_driver.c" -mcpu=cortex-m4 -std=gnu11 -g3 -DDEBUG -DUSE_HAL_DRIVER -DSTM32L452xx -c -I../Core/Inc -I../Drivers/STM32L4xx_HAL_Driver/Inc -I../Drivers/STM32L4xx_HAL_Driver/Inc/Legacy -I../Drivers/CMSIS/Device/ST/STM32L4xx/Include -I../Drivers/CMSIS/Include -O0 -ffunction-sections -fdata-sections -Wall -fstack-usage -MMD -MP -MF"Core/Src/Flash_driver.d" -MT"Core/Src/Flash_driver.o" --specs=nano.specs -mfpu=fpv4-sp-d16 -mfloat-abi=hard -mthumb -o "Core/Src/Flash_driver.o"
../Core/Src/Flash_driver.c: In function 'Flash_Erase_Address':
../Core/Src/Flash_driver.c:55:27: warning: initialization of 'uint8_t *' {aka 'unsigned char *'} from 'int' makes pointer from integer without a cast [-Wint-conversion]
   55 |  uint8_t *start_address = start_page * 0x800 + 0x8000000;
      |                           ^~~~~~~~~~
../Core/Src/Flash_driver.c:69:19: warning: initialization of 'uint32_t' {aka 'long unsigned int'} from 'uint8_t *' {aka 'unsigned char *'} makes integer from pointer without a cast [-Wint-conversion]
   69 |  for(uint32_t i = start_address;i<start_address+0x800;i++){
      |                   ^~~~~~~~~~~~~
../Core/Src/Flash_driver.c:69:34: warning: comparison between pointer and integer
   69 |  for(uint32_t i = start_address;i<start_address+0x800;i++){
      |                                  ^
arm-none-eabi-gcc -o "flashTest.elf" @"objects.list"   -mcpu=cortex-m4 -T"C:\Users\penne\umsats-flash\flashTest\STM32L452RETX_FLASH.ld" --specs=nosys.specs -Wl,-Map="flashTest.map" -Wl,--gc-sections -static --specs=nano.specs -mfpu=fpv4-sp-d16 -mfloat-abi=hard -mthumb -Wl,--start-group -lc -lm -Wl,--end-group
Finished building target: flashTest.elf
 
arm-none-eabi-size   flashTest.elf 
arm-none-eabi-objdump -h -S  flashTest.elf  > "flashTest.list"
   text	   data	    bss	    dec	    hex	filename
  12928	     52	   1700	  14680	   3958	flashTest.elf
Finished building: default.size.stdout
 
Finished building: flashTest.list
 
19:36:32 **** Incremental Build of configuration Debug for project flashTest ****
make -j6 all 
arm-none-eabi-gcc "../Core/Src/Flash_driver.c" -mcpu=cortex-m4 -std=gnu11 -g3 -DDEBUG -DUSE_HAL_DRIVER -DSTM32L452xx -c -I../Core/Inc -I../Drivers/STM32L4xx_HAL_Driver/Inc -I../Drivers/STM32L4xx_HAL_Driver/Inc/Legacy -I../Drivers/CMSIS/Device/ST/STM32L4xx/Include -I../Drivers/CMSIS/Include -O0 -ffunction-sections -fdata-sections -Wall -fstack-usage -MMD -MP -MF"Core/Src/Flash_driver.d" -MT"Core/Src/Flash_driver.o" --specs=nano.specs -mfpu=fpv4-sp-d16 -mfloat-abi=hard -mthumb -o "Core/Src/Flash_driver.o"
../Core/Src/Flash_driver.c: In function 'Flash_Erase_Address':
../Core/Src/Flash_driver.c:55:27: warning: initialization of 'uint8_t *' {aka 'unsigned char *'} from 'int' makes pointer from integer without a cast [-Wint-conversion]
   55 |  uint8_t *start_address = start_page * 0x800 + 0x8000000;
      |                           ^~~~~~~~~~
../Core/Src/Flash_driver.c:69:19: warning: initialization of 'uint32_t' {aka 'long unsigned int'} from 'uint8_t *' {aka 'unsigned char *'} makes integer from pointer without a cast [-Wint-conversion]
   69 |  for(uint32_t i = start_address;i<start_address+0x800;i++){
      |                   ^~~~~~~~~~~~~
../Core/Src/Flash_driver.c:69:34: warning: comparison between pointer and integer
   69 |  for(uint32_t i = start_address;i<start_address+0x800;i++){
      |                                  ^
arm-none-eabi-gcc -o "flashTest.elf" @"objects.list"   -mcpu=cortex-m4 -T"C:\Users\penne\umsats-flash\flashTest\STM32L452RETX_FLASH.ld" --specs=nosys.specs -Wl,-Map="flashTest.map" -Wl,--gc-sections -static --specs=nano.specs -mfpu=fpv4-sp-d16 -mfloat-abi=hard -mthumb -Wl,--start-group -lc -lm -Wl,--end-group
Finished building target: flashTest.elf
 
arm-none-eabi-size   flashTest.elf 
arm-none-eabi-objdump -h -S  flashTest.elf  > "flashTest.list"
   text	   data	    bss	    dec	    hex	filename
  12928	     52	   1700	  14680	   3958	flashTest.elf
Finished building: default.size.stdout
 
Finished building: flashTest.list
 
19:37:37 **** Incremental Build of configuration Debug for project flashTest ****
make -j6 all 
arm-none-eabi-gcc "../Core/Src/main.c" -mcpu=cortex-m4 -std=gnu11 -g3 -DDEBUG -DUSE_HAL_DRIVER -DSTM32L452xx -c -I../Core/Inc -I../Drivers/STM32L4xx_HAL_Driver/Inc -I../Drivers/STM32L4xx_HAL_Driver/Inc/Legacy -I../Drivers/CMSIS/Device/ST/STM32L4xx/Include -I../Drivers/CMSIS/Include -O0 -ffunction-sections -fdata-sections -Wall -fstack-usage -MMD -MP -MF"Core/Src/main.d" -MT"Core/Src/main.o" --specs=nano.specs -mfpu=fpv4-sp-d16 -mfloat-abi=hard -mthumb -o "Core/Src/main.o"
../Core/Src/main.c: In function 'main':
../Core/Src/main.c:99:25: warning: passing argument 2 of 'Flash_Write' from incompatible pointer type [-Wincompatible-pointer-types]
   99 |   Flash_Write(0x807f000,nums,3);
      |                         ^~~~
      |                         |
      |                         uint32_t * {aka long unsigned int *}
In file included from ../Core/Src/main.c:26:
../Core/Inc/Flash_driver.h:12:57: note: expected 'uint8_t *' {aka 'unsigned char *'} but argument is of type 'uint32_t *' {aka 'long unsigned int *'}
   12 | HAL_StatusTypeDef Flash_Write(uint32_t address,uint8_t *buf,size_t num_bytes);
      |                                                ~~~~~~~~~^~~
../Core/Src/main.c:102:24: warning: passing argument 2 of 'Flash_Read' from incompatible pointer type [-Wincompatible-pointer-types]
  102 |   Flash_Read(0x807f000,read_nums,3);
      |                        ^~~~~~~~~
      |                        |
      |                        uint32_t * {aka long unsigned int *}
In file included from ../Core/Src/main.c:26:
../Core/Inc/Flash_driver.h:11:56: note: expected 'uint8_t *' {aka 'unsigned char *'} but argument is of type 'uint32_t *' {aka 'long unsigned int *'}
   11 | HAL_StatusTypeDef Flash_Read(uint32_t address,uint8_t *buf,size_t num_bytes);
      |                                               ~~~~~~~~~^~~
arm-none-eabi-gcc -o "flashTest.elf" @"objects.list"   -mcpu=cortex-m4 -T"C:\Users\penne\umsats-flash\flashTest\STM32L452RETX_FLASH.ld" --specs=nosys.specs -Wl,-Map="flashTest.map" -Wl,--gc-sections -static --specs=nano.specs -mfpu=fpv4-sp-d16 -mfloat-abi=hard -mthumb -Wl,--start-group -lc -lm -Wl,--end-group
Finished building target: flashTest.elf
 
arm-none-eabi-size   flashTest.elf 
arm-none-eabi-objdump -h -S  flashTest.elf  > "flashTest.list"
   text	   data	    bss	    dec	    hex	filename
  12928	     52	   1700	  14680	   3958	flashTest.elf
Finished building: default.size.stdout
 
Finished building: flashTest.list
 
11:55:43 **** Incremental Build of configuration Debug for project flashTest ****
make -j6 all 
arm-none-eabi-size   flashTest.elf 
   text	   data	    bss	    dec	    hex	filename
  12928	     52	   1700	  14680	   3958	flashTest.elf
Finished building: default.size.stdout
 
